#
# There is insufficient memory for the Java Runtime Environment to continue.
# Native memory allocation (malloc) failed to allocate 2192624 bytes for Chunk::new
# Possible reasons:
#   The system is out of physical RAM or swap space
#   The process is running with CompressedOops enabled, and the Java Heap may be blocking the growth of the native heap
# Possible solutions:
#   Reduce memory load on the system
#   Increase physical memory or swap space
#   Check if swap backing store is full
#   Decrease Java heap size (-Xmx/-Xms)
#   Decrease number of Java threads
#   Decrease Java thread stack sizes (-Xss)
#   Set larger code cache with -XX:ReservedCodeCacheSize=
#   JVM is running with Unscaled Compressed Oops mode in which the Java heap is
#     placed in the first 4GB address space. The Java Heap base address is the
#     maximum limit for the native heap growth. Please use -XX:HeapBaseMinAddress
#     to set the Java Heap base and to place the Java Heap above 4GB virtual address.
# This output file may be truncated or incomplete.
#
#  Out of Memory Error (arena.cpp:195), pid=10104, tid=16548
#
# JRE version: Java(TM) SE Runtime Environment (16.0.2+7) (build 16.0.2+7-67)
# Java VM: Java HotSpot(TM) 64-Bit Server VM (16.0.2+7-67, mixed mode, sharing, tiered, compressed oops, compressed class ptrs, g1 gc, windows-amd64)
# No core dump will be written. Minidumps are not enabled by default on client versions of Windows
#

---------------  S U M M A R Y ------------

Command Line: --add-opens=java.base/java.util=ALL-UNNAMED --add-opens=java.base/java.lang=ALL-UNNAMED --add-opens=java.base/java.lang.invoke=ALL-UNNAMED --add-opens=java.base/java.util=ALL-UNNAMED --add-opens=java.prefs/java.util.prefs=ALL-UNNAMED --add-opens=java.prefs/java.util.prefs=ALL-UNNAMED --add-opens=java.base/java.nio.charset=ALL-UNNAMED --add-opens=java.base/java.net=ALL-UNNAMED --add-opens=java.base/java.util.concurrent.atomic=ALL-UNNAMED -Xmx2048m -Dfile.encoding=UTF-8 -Duser.country=GB -Duser.language=en -Duser.variant org.gradle.launcher.daemon.bootstrap.GradleDaemon 7.0.2

Host: Intel(R) Core(TM) i5-7200U CPU @ 2.50GHz, 4 cores, 15G,  Windows 10 , 64 bit Build 19041 (10.0.19041.1348)
Time: Wed Jan  5 22:52:08 2022 Jerusalem Standard Time elapsed time: 369.472652 seconds (0d 0h 6m 9s)

---------------  T H R E A D  ---------------

Current thread (0x0000014a6507ed00):  JavaThread "C2 CompilerThread0" daemon [_thread_in_native, id=16548, stack(0x0000002da8a00000,0x0000002da8b00000)]


Current CompileTask:
C2: 369472 20989       4       org.gradle.internal.operations.DefaultBuildOperationRunner::execute (23 bytes)

Stack: [0x0000002da8a00000,0x0000002da8b00000]
Native frames: (J=compiled Java code, j=interpreted, Vv=VM code, C=native code)
V  [jvm.dll+0x6681ca]
V  [jvm.dll+0x7c9e69]
V  [jvm.dll+0x7cb61e]
V  [jvm.dll+0x7cbc73]
V  [jvm.dll+0x242c55]
V  [jvm.dll+0xadeba]
V  [jvm.dll+0xae45c]
V  [jvm.dll+0x35a8d7]
V  [jvm.dll+0x324de1]
V  [jvm.dll+0x32428a]
V  [jvm.dll+0x215cec]
V  [jvm.dll+0x215100]
V  [jvm.dll+0x1a1beb]
V  [jvm.dll+0x225158]
V  [jvm.dll+0x22319c]
V  [jvm.dll+0x77fa62]
V  [jvm.dll+0x7795aa]
V  [jvm.dll+0x667066]
C  [ucrtbase.dll+0x21bb2]
C  [KERNEL32.DLL+0x17034]
C  [ntdll.dll+0x52651]


---------------  P R O C E S S  ---------------

Threads class SMR info:
_java_thread_list=0x0000014a6ac48b80, length=49, elements={
0x0000014a47821550, 0x0000014a65066f40, 0x0000014a65067a50, 0x0000014a65074cc0,
0x0000014a650757d0, 0x0000014a650781f0, 0x0000014a65078b00, 0x0000014a6507ed00,
0x0000014a6508a730, 0x0000014a65094c90, 0x0000014a65cf9b20, 0x0000014a65cfac70,
0x0000014a66131820, 0x0000014a661332b0, 0x0000014a661302e0, 0x0000014a6826b5b0,
0x0000014a6826caf0, 0x0000014a68270010, 0x0000014a68270ab0, 0x0000014a682695d0,
0x0000014a68270560, 0x0000014a6826ab10, 0x0000014a6826d040, 0x0000014a6826b060,
0x0000014a6826e030, 0x0000014a68426220, 0x0000014a68425230, 0x0000014a6612fd90,
0x0000014a6d056050, 0x0000014a6d05baa0, 0x0000014a6826a5c0, 0x0000014a6826bb00,
0x0000014a6826c050, 0x0000014a6826ead0, 0x0000014a6826d590, 0x0000014a6826dae0,
0x0000014a6826fac0, 0x0000014a6ddc39c0, 0x0000014a6ddc9960, 0x0000014a6ddc5ef0,
0x0000014a6ddc8420, 0x0000014a6ddc49b0, 0x0000014a6ddca400, 0x0000014a6ddca950,
0x0000014a6b1fb810, 0x0000014a6ddcaea0, 0x0000014a6ddc9410, 0x0000014a6ddc3470,
0x0000014a6ddc4460
}

Java Threads: ( => current thread )
  0x0000014a47821550 JavaThread "main" [_thread_blocked, id=1284, stack(0x0000002da7d00000,0x0000002da7e00000)]
  0x0000014a65066f40 JavaThread "Reference Handler" daemon [_thread_blocked, id=7040, stack(0x0000002da8400000,0x0000002da8500000)]
  0x0000014a65067a50 JavaThread "Finalizer" daemon [_thread_blocked, id=19908, stack(0x0000002da8500000,0x0000002da8600000)]
  0x0000014a65074cc0 JavaThread "Signal Dispatcher" daemon [_thread_blocked, id=17252, stack(0x0000002da8600000,0x0000002da8700000)]
  0x0000014a650757d0 JavaThread "Attach Listener" daemon [_thread_blocked, id=8184, stack(0x0000002da8700000,0x0000002da8800000)]
  0x0000014a650781f0 JavaThread "Service Thread" daemon [_thread_blocked, id=17456, stack(0x0000002da8800000,0x0000002da8900000)]
  0x0000014a65078b00 JavaThread "Monitor Deflation Thread" daemon [_thread_blocked, id=18012, stack(0x0000002da8900000,0x0000002da8a00000)]
=>0x0000014a6507ed00 JavaThread "C2 CompilerThread0" daemon [_thread_in_native, id=16548, stack(0x0000002da8a00000,0x0000002da8b00000)]
  0x0000014a6508a730 JavaThread "C1 CompilerThread0" daemon [_thread_blocked, id=20252, stack(0x0000002da8b00000,0x0000002da8c00000)]
  0x0000014a65094c90 JavaThread "Sweeper thread" daemon [_thread_blocked, id=3432, stack(0x0000002da8c00000,0x0000002da8d00000)]
  0x0000014a65cf9b20 JavaThread "Common-Cleaner" daemon [_thread_blocked, id=18520, stack(0x0000002da8d00000,0x0000002da8e00000)]
  0x0000014a65cfac70 JavaThread "Notification Thread" daemon [_thread_blocked, id=3608, stack(0x0000002da8e00000,0x0000002da8f00000)]
  0x0000014a66131820 JavaThread "Daemon health stats" [_thread_blocked, id=18648, stack(0x0000002da9400000,0x0000002da9500000)]
  0x0000014a661332b0 JavaThread "Incoming local TCP Connector on port 59250" [_thread_in_native, id=9024, stack(0x0000002da9000000,0x0000002da9100000)]
  0x0000014a661302e0 JavaThread "Daemon periodic checks" [_thread_blocked, id=2388, stack(0x0000002da9500000,0x0000002da9600000)]
  0x0000014a6826b5b0 JavaThread "Cache worker for file hash cache (C:\Users\halag\Documents\cs\year_project\locationReminder\.gradle\caches\7.0.2\fileHashes)" [_thread_blocked, id=11692, stack(0x0000002da9d00000,0x0000002da9e00000)]
  0x0000014a6826caf0 JavaThread "File lock request listener" [_thread_in_native, id=18128, stack(0x0000002da9e00000,0x0000002da9f00000)]
  0x0000014a68270010 JavaThread "Cache worker for journal cache (C:\Users\halag\Documents\cs\year_project\locationReminder\.gradle\caches\journal-1)" [_thread_blocked, id=17592, stack(0x0000002da9f00000,0x0000002daa000000)]
  0x0000014a68270ab0 JavaThread "File watcher server" daemon [_thread_in_native, id=11220, stack(0x0000002daa200000,0x0000002daa300000)]
  0x0000014a682695d0 JavaThread "File watcher consumer" daemon [_thread_blocked, id=15932, stack(0x0000002daa300000,0x0000002daa400000)]
  0x0000014a68270560 JavaThread "Cache worker for execution history cache (C:\Users\halag\Documents\cs\year_project\locationReminder\.gradle\caches\7.0.2\executionHistory)" [_thread_blocked, id=1184, stack(0x0000002daa700000,0x0000002daa800000)]
  0x0000014a6826ab10 JavaThread "jar transforms" [_thread_blocked, id=12192, stack(0x0000002daa800000,0x0000002daa900000)]
  0x0000014a6826d040 JavaThread "jar transforms Thread 2" [_thread_blocked, id=20284, stack(0x0000002daa900000,0x0000002daaa00000)]
  0x0000014a6826b060 JavaThread "Cache worker for file content cache (C:\Users\halag\Documents\cs\year_project\locationReminder\.gradle\caches\7.0.2\fileContent)" [_thread_blocked, id=15176, stack(0x0000002daaa00000,0x0000002daab00000)]
  0x0000014a6826e030 JavaThread "jar transforms Thread 3" [_thread_blocked, id=20048, stack(0x0000002daac00000,0x0000002daad00000)]
  0x0000014a68426220 JavaThread "jar transforms Thread 4" [_thread_blocked, id=2224, stack(0x0000002dab200000,0x0000002dab300000)]
  0x0000014a68425230 JavaThread "Memory manager" [_thread_blocked, id=1016, stack(0x0000002dab300000,0x0000002dab400000)]
  0x0000014a6612fd90 JavaThread "pool-3-thread-1" [_thread_blocked, id=19668, stack(0x0000002dab800000,0x0000002dab900000)]
  0x0000014a6d056050 JavaThread "Cache worker for Java compile cache (C:\Users\halag\Documents\cs\year_project\locationReminder\.gradle\caches\7.0.2\javaCompile)" [_thread_blocked, id=18256, stack(0x0000002dac400000,0x0000002dac500000)]
  0x0000014a6d05baa0 JavaThread "pool-8-thread-1" [_thread_blocked, id=15692, stack(0x0000002dab000000,0x0000002dab100000)]
  0x0000014a6826a5c0 JavaThread "ForkJoinPool.commonPool-worker-1" daemon [_thread_blocked, id=11792, stack(0x0000002daa500000,0x0000002daa600000)]
  0x0000014a6826bb00 JavaThread "Daemon Thread 3" [_thread_blocked, id=4772, stack(0x0000002da7a00000,0x0000002da7b00000)]
  0x0000014a6826c050 JavaThread "Handler for socket connection from /127.0.0.1:59250 to /127.0.0.1:56482" [_thread_in_native, id=7996, stack(0x0000002da7b00000,0x0000002da7c00000)]
  0x0000014a6826ead0 JavaThread "Cancel handler" [_thread_blocked, id=17428, stack(0x0000002da7c00000,0x0000002da7d00000)]
  0x0000014a6826d590 JavaThread "Daemon worker Thread 3" [_thread_in_native, id=13424, stack(0x0000002da9600000,0x0000002da9700000)]
  0x0000014a6826dae0 JavaThread "Asynchronous log dispatcher for DefaultDaemonConnection: socket connection from /127.0.0.1:59250 to /127.0.0.1:56482" [_thread_blocked, id=14400, stack(0x0000002da9700000,0x0000002da9800000)]
  0x0000014a6826fac0 JavaThread "Stdin handler" [_thread_blocked, id=8636, stack(0x0000002da9800000,0x0000002da9900000)]
  0x0000014a6ddc39c0 JavaThread "Daemon client event forwarder" [_thread_blocked, id=13640, stack(0x0000002da9900000,0x0000002da9a00000)]
  0x0000014a6ddc9960 JavaThread "Cache worker for file hash cache (C:\Users\halag\Documents\cs\year_project\locationReminder\.gradle\7.0.2\fileHashes)" [_thread_blocked, id=13744, stack(0x0000002da9a00000,0x0000002da9b00000)]
  0x0000014a6ddc5ef0 JavaThread "Cache worker for checksums cache (C:\Users\halag\Documents\cs\year_project\locationReminder\.gradle\checksums)" [_thread_blocked, id=15540, stack(0x0000002da9b00000,0x0000002da9c00000)]
  0x0000014a6ddc8420 JavaThread "Cache worker for cache directory md-supplier (C:\Users\halag\Documents\cs\year_project\locationReminder\.gradle\caches\7.0.2\md-supplier)" [_thread_blocked, id=17892, stack(0x0000002da9c00000,0x0000002da9d00000)]
  0x0000014a6ddc49b0 JavaThread "Cache worker for cache directory md-rule (C:\Users\halag\Documents\cs\year_project\locationReminder\.gradle\caches\7.0.2\md-rule)" [_thread_blocked, id=19496, stack(0x0000002daa000000,0x0000002daa100000)]
  0x0000014a6ddca400 JavaThread "Cache worker for dependencies-accessors (C:\Users\halag\Documents\cs\year_project\locationReminder\.gradle\7.0.2\dependencies-accessors)" [_thread_blocked, id=18832, stack(0x0000002daa100000,0x0000002daa200000)]
  0x0000014a6ddca950 JavaThread "Cache worker for Build Output Cleanup Cache (C:\Users\halag\Documents\cs\year_project\locationReminder\.gradle\buildOutputCleanup)" [_thread_blocked, id=13780, stack(0x0000002daa400000,0x0000002daa500000)]
  0x0000014a6b1fb810 JavaThread "C2 CompilerThread1" daemon [_thread_in_native, id=14096, stack(0x0000002daa600000,0x0000002daa700000)]
  0x0000014a6ddcaea0 JavaThread "Build operations" [_thread_blocked, id=20228, stack(0x0000002daab00000,0x0000002daac00000)]
  0x0000014a6ddc9410 JavaThread "Build operations Thread 2" [_thread_blocked, id=14100, stack(0x0000002daad00000,0x0000002daae00000)]
  0x0000014a6ddc3470 JavaThread "Build operations Thread 3" [_thread_blocked, id=3700, stack(0x0000002daae00000,0x0000002daaf00000)]
  0x0000014a6ddc4460 JavaThread "Build operations Thread 4" [_thread_blocked, id=14104, stack(0x0000002daaf00000,0x0000002dab000000)]

Other Threads:
  0x0000014a65060520 VMThread "VM Thread" [stack: 0x0000002da8300000,0x0000002da8400000] [id=18324]
  0x0000014a65cff1a0 WatcherThread [stack: 0x0000002da8f00000,0x0000002da9000000] [id=18332]
  0x0000014a4785f670 GCTaskThread "GC Thread#0" [stack: 0x0000002da7e00000,0x0000002da7f00000] [id=3868]
  0x0000014a65d60000 GCTaskThread "GC Thread#1" [stack: 0x0000002da9100000,0x0000002da9200000] [id=7704]
  0x0000014a665f2670 GCTaskThread "GC Thread#2" [stack: 0x0000002da9200000,0x0000002da9300000] [id=1376]
  0x0000014a66060240 GCTaskThread "GC Thread#3" [stack: 0x0000002da9300000,0x0000002da9400000] [id=5008]
  0x0000014a47870560 ConcurrentGCThread "G1 Main Marker" [stack: 0x0000002da7f00000,0x0000002da8000000] [id=18888]
  0x0000014a478725b0 ConcurrentGCThread "G1 Conc#0" [stack: 0x0000002da8000000,0x0000002da8100000] [id=11652]
  0x0000014a478fe1e0 ConcurrentGCThread "G1 Refine#0" [stack: 0x0000002da8100000,0x0000002da8200000] [id=8956]
  0x0000014a6d711400 ConcurrentGCThread "G1 Refine#1" [stack: 0x0000002dab400000,0x0000002dab500000] [id=19960]
  0x0000014a6d710080 ConcurrentGCThread "G1 Refine#2" [stack: 0x0000002dab500000,0x0000002dab600000] [id=16836]
  0x0000014a6d70fa00 ConcurrentGCThread "G1 Refine#3" [stack: 0x0000002dab600000,0x0000002dab700000] [id=20336]
  0x0000014a478fea90 ConcurrentGCThread "G1 Service" [stack: 0x0000002da8200000,0x0000002da8300000] [id=20012]

Threads with active compile tasks:
C2 CompilerThread0   369531 20989       4       org.gradle.internal.operations.DefaultBuildOperationRunner::execute (23 bytes)
C2 CompilerThread1   369531 21000       4       org.gradle.internal.snapshot.ChildMap$Entry::handlePath (135 bytes)

VM state: not at safepoint (normal execution)

VM Mutex/Monitor currently owned by a thread: None

Heap address: 0x0000000080000000, size: 2048 MB, Compressed Oops mode: 32-bit

CDS archive(s) mapped at: [0x0000000800000000-0x0000000800bb0000-0x0000000800bb0000), size 12255232, SharedBaseAddress: 0x0000000800000000, ArchiveRelocationMode: 0.
Compressed class space mapped at: 0x0000000800c00000-0x0000000840c00000, reserved size: 1073741824
Narrow klass base: 0x0000000800000000, Narrow klass shift: 3, Narrow klass range: 0x100000000

GC Precious Log:
 CPUs: 4 total, 4 available
 Memory: 16281M
 Large Page Support: Disabled
 NUMA Support: Disabled
 Compressed Oops: Enabled (32-bit)
 Heap Region Size: 1M
 Heap Min Capacity: 8M
 Heap Initial Capacity: 256M
 Heap Max Capacity: 2G
 Pre-touch: Disabled
 Parallel Workers: 4
 Concurrent Workers: 1
 Concurrent Refinement Workers: 4
 Periodic GC: Disabled

Heap:
 garbage-first heap   total 319488K, used 154393K [0x0000000080000000, 0x0000000100000000)
  region size 1024K, 26 young (26624K), 3 survivors (3072K)
 Metaspace       used 112688K, committed 113408K, reserved 1155072K
  class space    used 14276K, committed 14656K, reserved 1048576K

Heap Regions: E=young(eden), S=young(survivor), O=old, HS=humongous(starts), HC=humongous(continues), CS=collection set, F=free, OA=open archive, CA=closed archive, TAMS=top-at-mark-start (previous, next)
|   0|0x0000000080000000, 0x0000000080100000, 0x0000000080100000|100%|HS|  |TAMS 0x0000000080100000, 0x0000000080000000| Complete 
|   1|0x0000000080100000, 0x0000000080200000, 0x0000000080200000|100%|HC|  |TAMS 0x0000000080200000, 0x0000000080100000| Complete 
|   2|0x0000000080200000, 0x0000000080300000, 0x0000000080300000|100%|HC|  |TAMS 0x0000000080300000, 0x0000000080200000| Complete 
|   3|0x0000000080300000, 0x0000000080400000, 0x0000000080400000|100%| O|  |TAMS 0x0000000080400000, 0x0000000080300000| Untracked 
|   4|0x0000000080400000, 0x0000000080500000, 0x0000000080500000|100%| O|  |TAMS 0x0000000080500000, 0x0000000080400000| Untracked 
|   5|0x0000000080500000, 0x0000000080600000, 0x0000000080600000|100%| O|  |TAMS 0x0000000080600000, 0x0000000080500000| Untracked 
|   6|0x0000000080600000, 0x0000000080700000, 0x0000000080700000|100%| O|  |TAMS 0x0000000080700000, 0x0000000080600000| Untracked 
|   7|0x0000000080700000, 0x0000000080800000, 0x0000000080800000|100%| O|  |TAMS 0x0000000080800000, 0x0000000080700000| Untracked 
|   8|0x0000000080800000, 0x0000000080900000, 0x0000000080900000|100%| O|  |TAMS 0x0000000080900000, 0x0000000080800000| Untracked 
|   9|0x0000000080900000, 0x0000000080a00000, 0x0000000080a00000|100%| O|  |TAMS 0x0000000080a00000, 0x0000000080900000| Untracked 
|  10|0x0000000080a00000, 0x0000000080b00000, 0x0000000080b00000|100%| O|  |TAMS 0x0000000080b00000, 0x0000000080a00000| Untracked 
|  11|0x0000000080b00000, 0x0000000080c00000, 0x0000000080c00000|100%| O|  |TAMS 0x0000000080c00000, 0x0000000080b00000| Untracked 
|  12|0x0000000080c00000, 0x0000000080d00000, 0x0000000080d00000|100%| O|  |TAMS 0x0000000080d00000, 0x0000000080c00000| Untracked 
|  13|0x0000000080d00000, 0x0000000080e00000, 0x0000000080e00000|100%| O|  |TAMS 0x0000000080e00000, 0x0000000080d00000| Untracked 
|  14|0x0000000080e00000, 0x0000000080f00000, 0x0000000080f00000|100%| O|  |TAMS 0x0000000080f00000, 0x0000000080e00000| Untracked 
|  15|0x0000000080f00000, 0x0000000081000000, 0x0000000081000000|100%| O|  |TAMS 0x0000000081000000, 0x0000000080f00000| Untracked 
|  16|0x0000000081000000, 0x0000000081100000, 0x0000000081100000|100%| O|  |TAMS 0x0000000081100000, 0x0000000081000000| Untracked 
|  17|0x0000000081100000, 0x0000000081200000, 0x0000000081200000|100%| O|  |TAMS 0x0000000081200000, 0x0000000081100000| Untracked 
|  18|0x0000000081200000, 0x0000000081300000, 0x0000000081300000|100%| O|  |TAMS 0x0000000081300000, 0x0000000081200000| Untracked 
|  19|0x0000000081300000, 0x0000000081400000, 0x0000000081400000|100%| O|  |TAMS 0x0000000081400000, 0x0000000081300000| Untracked 
|  20|0x0000000081400000, 0x0000000081500000, 0x0000000081500000|100%| O|  |TAMS 0x0000000081500000, 0x0000000081400000| Untracked 
|  21|0x0000000081500000, 0x0000000081600000, 0x0000000081600000|100%| O|  |TAMS 0x0000000081600000, 0x0000000081500000| Untracked 
|  22|0x0000000081600000, 0x0000000081700000, 0x0000000081700000|100%| O|  |TAMS 0x0000000081700000, 0x0000000081600000| Untracked 
|  23|0x0000000081700000, 0x0000000081800000, 0x0000000081800000|100%| O|  |TAMS 0x0000000081800000, 0x0000000081700000| Untracked 
|  24|0x0000000081800000, 0x0000000081900000, 0x0000000081900000|100%| O|  |TAMS 0x0000000081900000, 0x0000000081800000| Untracked 
|  25|0x0000000081900000, 0x0000000081a00000, 0x0000000081a00000|100%| O|  |TAMS 0x0000000081a00000, 0x0000000081900000| Untracked 
|  26|0x0000000081a00000, 0x0000000081b00000, 0x0000000081b00000|100%| O|  |TAMS 0x0000000081b00000, 0x0000000081a00000| Untracked 
|  27|0x0000000081b00000, 0x0000000081c00000, 0x0000000081c00000|100%|HS|  |TAMS 0x0000000081c00000, 0x0000000081b00000| Complete 
|  28|0x0000000081c00000, 0x0000000081d00000, 0x0000000081d00000|100%|HS|  |TAMS 0x0000000081d00000, 0x0000000081c00000| Complete 
|  29|0x0000000081d00000, 0x0000000081e00000, 0x0000000081e00000|100%| O|  |TAMS 0x0000000081e00000, 0x0000000081d00000| Untracked 
|  30|0x0000000081e00000, 0x0000000081f00000, 0x0000000081f00000|100%| O|  |TAMS 0x0000000081f00000, 0x0000000081e00000| Untracked 
|  31|0x0000000081f00000, 0x0000000082000000, 0x0000000082000000|100%| O|  |TAMS 0x0000000082000000, 0x0000000081f00000| Untracked 
|  32|0x0000000082000000, 0x0000000082100000, 0x0000000082100000|100%|HS|  |TAMS 0x0000000082100000, 0x0000000082000000| Complete 
|  33|0x0000000082100000, 0x0000000082200000, 0x0000000082200000|100%|HC|  |TAMS 0x0000000082200000, 0x0000000082100000| Complete 
|  34|0x0000000082200000, 0x0000000082300000, 0x0000000082300000|100%| O|  |TAMS 0x0000000082300000, 0x0000000082200000| Untracked 
|  35|0x0000000082300000, 0x0000000082400000, 0x0000000082400000|100%| O|  |TAMS 0x0000000082400000, 0x0000000082300000| Untracked 
|  36|0x0000000082400000, 0x0000000082500000, 0x0000000082500000|100%| O|  |TAMS 0x0000000082500000, 0x0000000082400000| Untracked 
|  37|0x0000000082500000, 0x0000000082600000, 0x0000000082600000|100%| O|  |TAMS 0x0000000082600000, 0x0000000082500000| Untracked 
|  38|0x0000000082600000, 0x0000000082700000, 0x0000000082700000|100%| O|  |TAMS 0x0000000082700000, 0x0000000082600000| Untracked 
|  39|0x0000000082700000, 0x0000000082800000, 0x0000000082800000|100%| O|  |TAMS 0x0000000082800000, 0x0000000082700000| Untracked 
|  40|0x0000000082800000, 0x0000000082900000, 0x0000000082900000|100%| O|  |TAMS 0x0000000082900000, 0x0000000082800000| Untracked 
|  41|0x0000000082900000, 0x0000000082a00000, 0x0000000082a00000|100%| O|  |TAMS 0x0000000082a00000, 0x0000000082900000| Untracked 
|  42|0x0000000082a00000, 0x0000000082b00000, 0x0000000082b00000|100%| O|  |TAMS 0x0000000082b00000, 0x0000000082a00000| Untracked 
|  43|0x0000000082b00000, 0x0000000082c00000, 0x0000000082c00000|100%| O|  |TAMS 0x0000000082c00000, 0x0000000082b00000| Untracked 
|  44|0x0000000082c00000, 0x0000000082d00000, 0x0000000082d00000|100%| O|  |TAMS 0x0000000082d00000, 0x0000000082c00000| Untracked 
|  45|0x0000000082d00000, 0x0000000082e00000, 0x0000000082e00000|100%| O|  |TAMS 0x0000000082d00000, 0x0000000082d00000| Untracked 
|  46|0x0000000082e00000, 0x0000000082f00000, 0x0000000082f00000|100%| O|  |TAMS 0x0000000082f00000, 0x0000000082e00000| Untracked 
|  47|0x0000000082f00000, 0x0000000083000000, 0x0000000083000000|100%| O|  |TAMS 0x0000000083000000, 0x0000000082f00000| Untracked 
|  48|0x0000000083000000, 0x0000000083100000, 0x0000000083100000|100%| O|  |TAMS 0x0000000083100000, 0x0000000083000000| Untracked 
|  49|0x0000000083100000, 0x0000000083200000, 0x0000000083200000|100%| O|  |TAMS 0x0000000083200000, 0x0000000083100000| Untracked 
|  50|0x0000000083200000, 0x0000000083300000, 0x0000000083300000|100%| O|  |TAMS 0x0000000083300000, 0x0000000083200000| Untracked 
|  51|0x0000000083300000, 0x0000000083400000, 0x0000000083400000|100%| O|  |TAMS 0x0000000083400000, 0x0000000083300000| Untracked 
|  52|0x0000000083400000, 0x0000000083500000, 0x0000000083500000|100%| O|  |TAMS 0x0000000083500000, 0x0000000083400000| Untracked 
|  53|0x0000000083500000, 0x0000000083600000, 0x0000000083600000|100%| O|  |TAMS 0x0000000083600000, 0x0000000083500000| Untracked 
|  54|0x0000000083600000, 0x0000000083700000, 0x0000000083700000|100%| O|  |TAMS 0x0000000083700000, 0x0000000083600000| Untracked 
|  55|0x0000000083700000, 0x0000000083800000, 0x0000000083800000|100%| O|  |TAMS 0x0000000083800000, 0x0000000083700000| Untracked 
|  56|0x0000000083800000, 0x0000000083900000, 0x0000000083900000|100%| O|  |TAMS 0x0000000083900000, 0x0000000083800000| Untracked 
|  57|0x0000000083900000, 0x0000000083a00000, 0x0000000083a00000|100%| O|  |TAMS 0x0000000083a00000, 0x0000000083900000| Untracked 
|  58|0x0000000083a00000, 0x0000000083b00000, 0x0000000083b00000|100%| O|  |TAMS 0x0000000083b00000, 0x0000000083a00000| Untracked 
|  59|0x0000000083b00000, 0x0000000083c00000, 0x0000000083c00000|100%| O|  |TAMS 0x0000000083c00000, 0x0000000083b00000| Untracked 
|  60|0x0000000083c00000, 0x0000000083d00000, 0x0000000083d00000|100%| O|  |TAMS 0x0000000083d00000, 0x0000000083c00000| Untracked 
|  61|0x0000000083d00000, 0x0000000083e00000, 0x0000000083e00000|100%| O|  |TAMS 0x0000000083e00000, 0x0000000083d00000| Untracked 
|  62|0x0000000083e00000, 0x0000000083f00000, 0x0000000083f00000|100%| O|  |TAMS 0x0000000083f00000, 0x0000000083e00000| Untracked 
|  63|0x0000000083f00000, 0x0000000084000000, 0x0000000084000000|100%| O|  |TAMS 0x0000000084000000, 0x0000000083f00000| Untracked 
|  64|0x0000000084000000, 0x0000000084100000, 0x0000000084100000|100%| O|  |TAMS 0x0000000084100000, 0x0000000084000000| Untracked 
|  65|0x0000000084100000, 0x0000000084200000, 0x0000000084200000|100%| O|  |TAMS 0x0000000084200000, 0x0000000084100000| Untracked 
|  66|0x0000000084200000, 0x0000000084300000, 0x0000000084300000|100%| O|  |TAMS 0x0000000084300000, 0x0000000084200000| Untracked 
|  67|0x0000000084300000, 0x0000000084300000, 0x0000000084400000|  0%| F|  |TAMS 0x0000000084300000, 0x0000000084300000| Untracked 
|  68|0x0000000084400000, 0x0000000084400000, 0x0000000084500000|  0%| F|  |TAMS 0x0000000084400000, 0x0000000084400000| Untracked 
|  69|0x0000000084500000, 0x0000000084600000, 0x0000000084600000|100%| O|  |TAMS 0x0000000084600000, 0x0000000084500000| Untracked 
|  70|0x0000000084600000, 0x0000000084700000, 0x0000000084700000|100%| O|  |TAMS 0x0000000084700000, 0x0000000084600000| Untracked 
|  71|0x0000000084700000, 0x0000000084800000, 0x0000000084800000|100%| O|  |TAMS 0x0000000084800000, 0x0000000084700000| Untracked 
|  72|0x0000000084800000, 0x0000000084900000, 0x0000000084900000|100%| O|  |TAMS 0x0000000084900000, 0x0000000084800000| Untracked 
|  73|0x0000000084900000, 0x0000000084900000, 0x0000000084a00000|  0%| F|  |TAMS 0x0000000084900000, 0x0000000084900000| Untracked 
|  74|0x0000000084a00000, 0x0000000084b00000, 0x0000000084b00000|100%| O|  |TAMS 0x0000000084a00000, 0x0000000084a00000| Untracked 
|  75|0x0000000084b00000, 0x0000000084c00000, 0x0000000084c00000|100%| O|  |TAMS 0x0000000084b00000, 0x0000000084b00000| Untracked 
|  76|0x0000000084c00000, 0x0000000084c00000, 0x0000000084d00000|  0%| F|  |TAMS 0x0000000084c00000, 0x0000000084c00000| Untracked 
|  77|0x0000000084d00000, 0x0000000084e00000, 0x0000000084e00000|100%| O|  |TAMS 0x0000000084e00000, 0x0000000084d00000| Untracked 
|  78|0x0000000084e00000, 0x0000000084f00000, 0x0000000084f00000|100%| O|  |TAMS 0x0000000084f00000, 0x0000000084e00000| Untracked 
|  79|0x0000000084f00000, 0x0000000085000000, 0x0000000085000000|100%| O|  |TAMS 0x0000000085000000, 0x0000000084f00000| Untracked 
|  80|0x0000000085000000, 0x0000000085000000, 0x0000000085100000|  0%| F|  |TAMS 0x0000000085000000, 0x0000000085000000| Untracked 
|  81|0x0000000085100000, 0x0000000085200000, 0x0000000085200000|100%| O|  |TAMS 0x0000000085200000, 0x0000000085100000| Untracked 
|  82|0x0000000085200000, 0x0000000085200000, 0x0000000085300000|  0%| F|  |TAMS 0x0000000085200000, 0x0000000085200000| Untracked 
|  83|0x0000000085300000, 0x0000000085300000, 0x0000000085400000|  0%| F|  |TAMS 0x0000000085300000, 0x0000000085300000| Untracked 
|  84|0x0000000085400000, 0x0000000085400000, 0x0000000085500000|  0%| F|  |TAMS 0x0000000085400000, 0x0000000085400000| Untracked 
|  85|0x0000000085500000, 0x0000000085500000, 0x0000000085600000|  0%| F|  |TAMS 0x0000000085500000, 0x0000000085500000| Untracked 
|  86|0x0000000085600000, 0x0000000085700000, 0x0000000085700000|100%| O|  |TAMS 0x0000000085600000, 0x0000000085600000| Untracked 
|  87|0x0000000085700000, 0x0000000085800000, 0x0000000085800000|100%| O|  |TAMS 0x0000000085700000, 0x0000000085700000| Untracked 
|  88|0x0000000085800000, 0x0000000085900000, 0x0000000085900000|100%| O|  |TAMS 0x0000000085800000, 0x0000000085800000| Untracked 
|  89|0x0000000085900000, 0x0000000085a00000, 0x0000000085a00000|100%| O|  |TAMS 0x0000000085900000, 0x0000000085900000| Untracked 
|  90|0x0000000085a00000, 0x0000000085b00000, 0x0000000085b00000|100%| O|  |TAMS 0x0000000085a00000, 0x0000000085a00000| Untracked 
|  91|0x0000000085b00000, 0x0000000085c00000, 0x0000000085c00000|100%| O|  |TAMS 0x0000000085b00000, 0x0000000085b00000| Untracked 
|  92|0x0000000085c00000, 0x0000000085d00000, 0x0000000085d00000|100%| O|  |TAMS 0x0000000085c00000, 0x0000000085c00000| Untracked 
|  93|0x0000000085d00000, 0x0000000085e00000, 0x0000000085e00000|100%| O|  |TAMS 0x0000000085d00000, 0x0000000085d00000| Untracked 
|  94|0x0000000085e00000, 0x0000000085f00000, 0x0000000085f00000|100%| O|  |TAMS 0x0000000085e00000, 0x0000000085e00000| Untracked 
|  95|0x0000000085f00000, 0x0000000086000000, 0x0000000086000000|100%| O|  |TAMS 0x0000000085f00000, 0x0000000085f00000| Untracked 
|  96|0x0000000086000000, 0x0000000086000000, 0x0000000086100000|  0%| F|  |TAMS 0x0000000086000000, 0x0000000086000000| Untracked 
|  97|0x0000000086100000, 0x0000000086200000, 0x0000000086200000|100%| O|  |TAMS 0x0000000086200000, 0x0000000086100000| Untracked 
|  98|0x0000000086200000, 0x0000000086300000, 0x0000000086300000|100%| O|  |TAMS 0x0000000086300000, 0x0000000086200000| Untracked 
|  99|0x0000000086300000, 0x0000000086300000, 0x0000000086400000|  0%| F|  |TAMS 0x0000000086300000, 0x0000000086300000| Untracked 
| 100|0x0000000086400000, 0x0000000086500000, 0x0000000086500000|100%| O|  |TAMS 0x0000000086400000, 0x0000000086400000| Untracked 
| 101|0x0000000086500000, 0x0000000086500000, 0x0000000086600000|  0%| F|  |TAMS 0x0000000086500000, 0x0000000086500000| Untracked 
| 102|0x0000000086600000, 0x0000000086600000, 0x0000000086700000|  0%| F|  |TAMS 0x0000000086600000, 0x0000000086600000| Untracked 
| 103|0x0000000086700000, 0x0000000086800000, 0x0000000086800000|100%| O|  |TAMS 0x0000000086700000, 0x0000000086700000| Untracked 
| 104|0x0000000086800000, 0x0000000086900000, 0x0000000086900000|100%| O|  |TAMS 0x0000000086800000, 0x0000000086800000| Untracked 
| 105|0x0000000086900000, 0x0000000086900000, 0x0000000086a00000|  0%| F|  |TAMS 0x0000000086900000, 0x0000000086900000| Untracked 
| 106|0x0000000086a00000, 0x0000000086a00000, 0x0000000086b00000|  0%| F|  |TAMS 0x0000000086a00000, 0x0000000086a00000| Untracked 
| 107|0x0000000086b00000, 0x0000000086c00000, 0x0000000086c00000|100%| O|  |TAMS 0x0000000086b00000, 0x0000000086b00000| Untracked 
| 108|0x0000000086c00000, 0x0000000086d00000, 0x0000000086d00000|100%| O|  |TAMS 0x0000000086c00000, 0x0000000086c00000| Untracked 
| 109|0x0000000086d00000, 0x0000000086e00000, 0x0000000086e00000|100%| O|  |TAMS 0x0000000086d00000, 0x0000000086d00000| Untracked 
| 110|0x0000000086e00000, 0x0000000086f00000, 0x0000000086f00000|100%| O|  |TAMS 0x0000000086f00000, 0x0000000086e00000| Untracked 
| 111|0x0000000086f00000, 0x0000000086f00000, 0x0000000087000000|  0%| F|  |TAMS 0x0000000086f00000, 0x0000000086f00000| Untracked 
| 112|0x0000000087000000, 0x0000000087000000, 0x0000000087100000|  0%| F|  |TAMS 0x0000000087000000, 0x0000000087000000| Untracked 
| 113|0x0000000087100000, 0x0000000087200000, 0x0000000087200000|100%| O|  |TAMS 0x0000000087100000, 0x0000000087100000| Untracked 
| 114|0x0000000087200000, 0x0000000087300000, 0x0000000087300000|100%| O|  |TAMS 0x0000000087200000, 0x0000000087200000| Untracked 
| 115|0x0000000087300000, 0x0000000087400000, 0x0000000087400000|100%| O|  |TAMS 0x0000000087400000, 0x0000000087300000| Untracked 
| 116|0x0000000087400000, 0x0000000087500000, 0x0000000087500000|100%| O|  |TAMS 0x0000000087400000, 0x0000000087400000| Untracked 
| 117|0x0000000087500000, 0x0000000087600000, 0x0000000087600000|100%| O|  |TAMS 0x0000000087500000, 0x0000000087500000| Untracked 
| 118|0x0000000087600000, 0x0000000087700000, 0x0000000087700000|100%| O|  |TAMS 0x0000000087700000, 0x0000000087600000| Untracked 
| 119|0x0000000087700000, 0x0000000087800000, 0x0000000087800000|100%| O|  |TAMS 0x0000000087800000, 0x0000000087700000| Untracked 
| 120|0x0000000087800000, 0x0000000087800000, 0x0000000087900000|  0%| F|  |TAMS 0x0000000087800000, 0x0000000087800000| Untracked 
| 121|0x0000000087900000, 0x0000000087a00000, 0x0000000087a00000|100%| O|  |TAMS 0x0000000087a00000, 0x0000000087900000| Untracked 
| 122|0x0000000087a00000, 0x0000000087a00000, 0x0000000087b00000|  0%| F|  |TAMS 0x0000000087a00000, 0x0000000087a00000| Untracked 
| 123|0x0000000087b00000, 0x0000000087c00000, 0x0000000087c00000|100%| O|  |TAMS 0x0000000087c00000, 0x0000000087b00000| Untracked 
| 124|0x0000000087c00000, 0x0000000087d00000, 0x0000000087d00000|100%| O|  |TAMS 0x0000000087d00000, 0x0000000087c00000| Untracked 
| 125|0x0000000087d00000, 0x0000000087e00000, 0x0000000087e00000|100%| O|  |TAMS 0x0000000087d00000, 0x0000000087d00000| Untracked 
| 126|0x0000000087e00000, 0x0000000087f00000, 0x0000000087f00000|100%| O|  |TAMS 0x0000000087e00000, 0x0000000087e00000| Untracked 
| 127|0x0000000087f00000, 0x0000000088000000, 0x0000000088000000|100%| O|  |TAMS 0x0000000087f00000, 0x0000000087f00000| Untracked 
| 128|0x0000000088000000, 0x0000000088100000, 0x0000000088100000|100%| O|  |TAMS 0x0000000088000000, 0x0000000088000000| Untracked 
| 129|0x0000000088100000, 0x0000000088200000, 0x0000000088200000|100%| O|  |TAMS 0x0000000088100000, 0x0000000088100000| Untracked 
| 130|0x0000000088200000, 0x0000000088300000, 0x0000000088300000|100%| O|  |TAMS 0x0000000088200000, 0x0000000088200000| Untracked 
| 131|0x0000000088300000, 0x0000000088400000, 0x0000000088400000|100%| O|  |TAMS 0x0000000088300000, 0x0000000088300000| Untracked 
| 132|0x0000000088400000, 0x0000000088500000, 0x0000000088500000|100%| O|  |TAMS 0x0000000088400000, 0x0000000088400000| Untracked 
| 133|0x0000000088500000, 0x0000000088600000, 0x0000000088600000|100%| O|  |TAMS 0x0000000088600000, 0x0000000088500000| Untracked 
| 134|0x0000000088600000, 0x0000000088700000, 0x0000000088700000|100%| O|  |TAMS 0x0000000088700000, 0x0000000088600000| Untracked 
| 135|0x0000000088700000, 0x0000000088800000, 0x0000000088800000|100%| O|  |TAMS 0x0000000088700000, 0x0000000088700000| Untracked 
| 136|0x0000000088800000, 0x0000000088900000, 0x0000000088900000|100%| O|  |TAMS 0x0000000088900000, 0x0000000088800000| Untracked 
| 137|0x0000000088900000, 0x0000000088a00000, 0x0000000088a00000|100%| O|  |TAMS 0x0000000088900000, 0x0000000088900000| Untracked 
| 138|0x0000000088a00000, 0x0000000088b00000, 0x0000000088b00000|100%| O|  |TAMS 0x0000000088a00000, 0x0000000088a00000| Untracked 
| 139|0x0000000088b00000, 0x0000000088c00000, 0x0000000088c00000|100%| O|  |TAMS 0x0000000088b00000, 0x0000000088b00000| Untracked 
| 140|0x0000000088c00000, 0x0000000088cf4a00, 0x0000000088d00000| 95%| O|  |TAMS 0x0000000088c00000, 0x0000000088c00000| Untracked 
| 141|0x0000000088d00000, 0x0000000088e00000, 0x0000000088e00000|100%| O|  |TAMS 0x0000000088d00000, 0x0000000088d00000| Untracked 
| 142|0x0000000088e00000, 0x0000000088f00000, 0x0000000088f00000|100%| O|  |TAMS 0x0000000088e00000, 0x0000000088e00000| Untracked 
| 143|0x0000000088f00000, 0x0000000089000000, 0x0000000089000000|100%| O|  |TAMS 0x0000000088f00000, 0x0000000088f00000| Untracked 
| 144|0x0000000089000000, 0x0000000089100000, 0x0000000089100000|100%| O|  |TAMS 0x0000000089000000, 0x0000000089000000| Untracked 
| 145|0x0000000089100000, 0x0000000089100000, 0x0000000089200000|  0%| F|  |TAMS 0x0000000089100000, 0x0000000089100000| Untracked 
| 146|0x0000000089200000, 0x0000000089200000, 0x0000000089300000|  0%| F|  |TAMS 0x0000000089200000, 0x0000000089200000| Untracked 
| 147|0x0000000089300000, 0x0000000089300000, 0x0000000089400000|  0%| F|  |TAMS 0x0000000089300000, 0x0000000089300000| Untracked 
| 148|0x0000000089400000, 0x0000000089400000, 0x0000000089500000|  0%| F|  |TAMS 0x0000000089400000, 0x0000000089400000| Untracked 
| 149|0x0000000089500000, 0x0000000089500000, 0x0000000089600000|  0%| F|  |TAMS 0x0000000089500000, 0x0000000089500000| Untracked 
| 150|0x0000000089600000, 0x0000000089600000, 0x0000000089700000|  0%| F|  |TAMS 0x0000000089600000, 0x0000000089600000| Untracked 
| 151|0x0000000089700000, 0x0000000089700000, 0x0000000089800000|  0%| F|  |TAMS 0x0000000089700000, 0x0000000089700000| Untracked 
| 152|0x0000000089800000, 0x0000000089800000, 0x0000000089900000|  0%| F|  |TAMS 0x0000000089800000, 0x0000000089800000| Untracked 
| 153|0x0000000089900000, 0x0000000089900000, 0x0000000089a00000|  0%| F|  |TAMS 0x0000000089900000, 0x0000000089900000| Untracked 
| 154|0x0000000089a00000, 0x0000000089a00000, 0x0000000089b00000|  0%| F|  |TAMS 0x0000000089a00000, 0x0000000089a00000| Untracked 
| 155|0x0000000089b00000, 0x0000000089b00000, 0x0000000089c00000|  0%| F|  |TAMS 0x0000000089b00000, 0x0000000089b00000| Untracked 
| 156|0x0000000089c00000, 0x0000000089c00000, 0x0000000089d00000|  0%| F|  |TAMS 0x0000000089c00000, 0x0000000089c00000| Untracked 
| 157|0x0000000089d00000, 0x0000000089d00000, 0x0000000089e00000|  0%| F|  |TAMS 0x0000000089d00000, 0x0000000089d00000| Untracked 
| 158|0x0000000089e00000, 0x0000000089e00000, 0x0000000089f00000|  0%| F|  |TAMS 0x0000000089e00000, 0x0000000089e00000| Untracked 
| 159|0x0000000089f00000, 0x0000000089f00000, 0x000000008a000000|  0%| F|  |TAMS 0x0000000089f00000, 0x0000000089f00000| Untracked 
| 160|0x000000008a000000, 0x000000008a000000, 0x000000008a100000|  0%| F|  |TAMS 0x000000008a000000, 0x000000008a000000| Untracked 
| 161|0x000000008a100000, 0x000000008a100000, 0x000000008a200000|  0%| F|  |TAMS 0x000000008a100000, 0x000000008a100000| Untracked 
| 162|0x000000008a200000, 0x000000008a200000, 0x000000008a300000|  0%| F|  |TAMS 0x000000008a200000, 0x000000008a200000| Untracked 
| 163|0x000000008a300000, 0x000000008a300000, 0x000000008a400000|  0%| F|  |TAMS 0x000000008a300000, 0x000000008a300000| Untracked 
| 164|0x000000008a400000, 0x000000008a400000, 0x000000008a500000|  0%| F|  |TAMS 0x000000008a400000, 0x000000008a400000| Untracked 
| 165|0x000000008a500000, 0x000000008a500000, 0x000000008a600000|  0%| F|  |TAMS 0x000000008a500000, 0x000000008a500000| Untracked 
| 166|0x000000008a600000, 0x000000008a600000, 0x000000008a700000|  0%| F|  |TAMS 0x000000008a600000, 0x000000008a600000| Untracked 
| 167|0x000000008a700000, 0x000000008a700000, 0x000000008a800000|  0%| F|  |TAMS 0x000000008a700000, 0x000000008a700000| Untracked 
| 168|0x000000008a800000, 0x000000008a800000, 0x000000008a900000|  0%| F|  |TAMS 0x000000008a800000, 0x000000008a800000| Untracked 
| 169|0x000000008a900000, 0x000000008a900000, 0x000000008aa00000|  0%| F|  |TAMS 0x000000008a900000, 0x000000008a900000| Untracked 
| 170|0x000000008aa00000, 0x000000008aa00000, 0x000000008ab00000|  0%| F|  |TAMS 0x000000008aa00000, 0x000000008aa00000| Untracked 
| 171|0x000000008ab00000, 0x000000008ab00000, 0x000000008ac00000|  0%| F|  |TAMS 0x000000008ab00000, 0x000000008ab00000| Untracked 
| 172|0x000000008ac00000, 0x000000008ac00000, 0x000000008ad00000|  0%| F|  |TAMS 0x000000008ac00000, 0x000000008ac00000| Untracked 
| 173|0x000000008ad00000, 0x000000008ad00000, 0x000000008ae00000|  0%| F|  |TAMS 0x000000008ad00000, 0x000000008ad00000| Untracked 
| 174|0x000000008ae00000, 0x000000008ae00000, 0x000000008af00000|  0%| F|  |TAMS 0x000000008ae00000, 0x000000008ae00000| Untracked 
| 175|0x000000008af00000, 0x000000008af00000, 0x000000008b000000|  0%| F|  |TAMS 0x000000008af00000, 0x000000008af00000| Untracked 
| 176|0x000000008b000000, 0x000000008b000000, 0x000000008b100000|  0%| F|  |TAMS 0x000000008b000000, 0x000000008b000000| Untracked 
| 177|0x000000008b100000, 0x000000008b100000, 0x000000008b200000|  0%| F|  |TAMS 0x000000008b100000, 0x000000008b100000| Untracked 
| 178|0x000000008b200000, 0x000000008b200000, 0x000000008b300000|  0%| F|  |TAMS 0x000000008b200000, 0x000000008b200000| Untracked 
| 179|0x000000008b300000, 0x000000008b300000, 0x000000008b400000|  0%| F|  |TAMS 0x000000008b300000, 0x000000008b300000| Untracked 
| 180|0x000000008b400000, 0x000000008b400000, 0x000000008b500000|  0%| F|  |TAMS 0x000000008b400000, 0x000000008b400000| Untracked 
| 181|0x000000008b500000, 0x000000008b500000, 0x000000008b600000|  0%| F|  |TAMS 0x000000008b500000, 0x000000008b500000| Untracked 
| 182|0x000000008b600000, 0x000000008b600000, 0x000000008b700000|  0%| F|  |TAMS 0x000000008b600000, 0x000000008b600000| Untracked 
| 183|0x000000008b700000, 0x000000008b700000, 0x000000008b800000|  0%| F|  |TAMS 0x000000008b700000, 0x000000008b700000| Untracked 
| 184|0x000000008b800000, 0x000000008b800000, 0x000000008b900000|  0%| F|  |TAMS 0x000000008b800000, 0x000000008b800000| Untracked 
| 185|0x000000008b900000, 0x000000008b900000, 0x000000008ba00000|  0%| F|  |TAMS 0x000000008b900000, 0x000000008b900000| Untracked 
| 186|0x000000008ba00000, 0x000000008ba00000, 0x000000008bb00000|  0%| F|  |TAMS 0x000000008ba00000, 0x000000008ba00000| Untracked 
| 187|0x000000008bb00000, 0x000000008bb00000, 0x000000008bc00000|  0%| F|  |TAMS 0x000000008bb00000, 0x000000008bb00000| Untracked 
| 188|0x000000008bc00000, 0x000000008bc00000, 0x000000008bd00000|  0%| F|  |TAMS 0x000000008bc00000, 0x000000008bc00000| Untracked 
| 189|0x000000008bd00000, 0x000000008bd00000, 0x000000008be00000|  0%| F|  |TAMS 0x000000008bd00000, 0x000000008bd00000| Untracked 
| 190|0x000000008be00000, 0x000000008be00000, 0x000000008bf00000|  0%| F|  |TAMS 0x000000008be00000, 0x000000008be00000| Untracked 
| 191|0x000000008bf00000, 0x000000008bf00000, 0x000000008c000000|  0%| F|  |TAMS 0x000000008bf00000, 0x000000008bf00000| Untracked 
| 192|0x000000008c000000, 0x000000008c0d1af8, 0x000000008c100000| 81%| S|CS|TAMS 0x000000008c000000, 0x000000008c000000| Complete 
| 193|0x000000008c100000, 0x000000008c200000, 0x000000008c200000|100%| S|CS|TAMS 0x000000008c100000, 0x000000008c100000| Complete 
| 194|0x000000008c200000, 0x000000008c300000, 0x000000008c300000|100%| S|CS|TAMS 0x000000008c200000, 0x000000008c200000| Complete 
| 195|0x000000008c300000, 0x000000008c300000, 0x000000008c400000|  0%| F|  |TAMS 0x000000008c300000, 0x000000008c300000| Untracked 
| 196|0x000000008c400000, 0x000000008c400000, 0x000000008c500000|  0%| F|  |TAMS 0x000000008c400000, 0x000000008c400000| Untracked 
| 197|0x000000008c500000, 0x000000008c500000, 0x000000008c600000|  0%| F|  |TAMS 0x000000008c500000, 0x000000008c500000| Untracked 
| 198|0x000000008c600000, 0x000000008c600000, 0x000000008c700000|  0%| F|  |TAMS 0x000000008c600000, 0x000000008c600000| Untracked 
| 199|0x000000008c700000, 0x000000008c700000, 0x000000008c800000|  0%| F|  |TAMS 0x000000008c700000, 0x000000008c700000| Untracked 
| 200|0x000000008c800000, 0x000000008c800000, 0x000000008c900000|  0%| F|  |TAMS 0x000000008c800000, 0x000000008c800000| Untracked 
| 201|0x000000008c900000, 0x000000008c900000, 0x000000008ca00000|  0%| F|  |TAMS 0x000000008c900000, 0x000000008c900000| Untracked 
| 202|0x000000008ca00000, 0x000000008ca00000, 0x000000008cb00000|  0%| F|  |TAMS 0x000000008ca00000, 0x000000008ca00000| Untracked 
| 203|0x000000008cb00000, 0x000000008cb00000, 0x000000008cc00000|  0%| F|  |TAMS 0x000000008cb00000, 0x000000008cb00000| Untracked 
| 204|0x000000008cc00000, 0x000000008cc00000, 0x000000008cd00000|  0%| F|  |TAMS 0x000000008cc00000, 0x000000008cc00000| Untracked 
| 205|0x000000008cd00000, 0x000000008cd00000, 0x000000008ce00000|  0%| F|  |TAMS 0x000000008cd00000, 0x000000008cd00000| Untracked 
| 206|0x000000008ce00000, 0x000000008ce00000, 0x000000008cf00000|  0%| F|  |TAMS 0x000000008ce00000, 0x000000008ce00000| Untracked 
| 207|0x000000008cf00000, 0x000000008cf00000, 0x000000008d000000|  0%| F|  |TAMS 0x000000008cf00000, 0x000000008cf00000| Untracked 
| 208|0x000000008d000000, 0x000000008d000000, 0x000000008d100000|  0%| F|  |TAMS 0x000000008d000000, 0x000000008d000000| Untracked 
| 209|0x000000008d100000, 0x000000008d100000, 0x000000008d200000|  0%| F|  |TAMS 0x000000008d100000, 0x000000008d100000| Untracked 
| 210|0x000000008d200000, 0x000000008d200000, 0x000000008d300000|  0%| F|  |TAMS 0x000000008d200000, 0x000000008d200000| Untracked 
| 211|0x000000008d300000, 0x000000008d300000, 0x000000008d400000|  0%| F|  |TAMS 0x000000008d300000, 0x000000008d300000| Untracked 
| 212|0x000000008d400000, 0x000000008d400000, 0x000000008d500000|  0%| F|  |TAMS 0x000000008d400000, 0x000000008d400000| Untracked 
| 213|0x000000008d500000, 0x000000008d500000, 0x000000008d600000|  0%| F|  |TAMS 0x000000008d500000, 0x000000008d500000| Untracked 
| 214|0x000000008d600000, 0x000000008d600000, 0x000000008d700000|  0%| F|  |TAMS 0x000000008d600000, 0x000000008d600000| Untracked 
| 215|0x000000008d700000, 0x000000008d700000, 0x000000008d800000|  0%| F|  |TAMS 0x000000008d700000, 0x000000008d700000| Untracked 
| 216|0x000000008d800000, 0x000000008d800000, 0x000000008d900000|  0%| F|  |TAMS 0x000000008d800000, 0x000000008d800000| Untracked 
| 217|0x000000008d900000, 0x000000008d900000, 0x000000008da00000|  0%| F|  |TAMS 0x000000008d900000, 0x000000008d900000| Untracked 
| 218|0x000000008da00000, 0x000000008da00000, 0x000000008db00000|  0%| F|  |TAMS 0x000000008da00000, 0x000000008da00000| Untracked 
| 219|0x000000008db00000, 0x000000008db00000, 0x000000008dc00000|  0%| F|  |TAMS 0x000000008db00000, 0x000000008db00000| Untracked 
| 220|0x000000008dc00000, 0x000000008dc00000, 0x000000008dd00000|  0%| F|  |TAMS 0x000000008dc00000, 0x000000008dc00000| Untracked 
| 221|0x000000008dd00000, 0x000000008dd00000, 0x000000008de00000|  0%| F|  |TAMS 0x000000008dd00000, 0x000000008dd00000| Untracked 
| 222|0x000000008de00000, 0x000000008de00000, 0x000000008df00000|  0%| F|  |TAMS 0x000000008de00000, 0x000000008de00000| Untracked 
| 223|0x000000008df00000, 0x000000008df00000, 0x000000008e000000|  0%| F|  |TAMS 0x000000008df00000, 0x000000008df00000| Untracked 
| 224|0x000000008e000000, 0x000000008e000000, 0x000000008e100000|  0%| F|  |TAMS 0x000000008e000000, 0x000000008e000000| Untracked 
| 225|0x000000008e100000, 0x000000008e100000, 0x000000008e200000|  0%| F|  |TAMS 0x000000008e100000, 0x000000008e100000| Untracked 
| 226|0x000000008e200000, 0x000000008e200000, 0x000000008e300000|  0%| F|  |TAMS 0x000000008e200000, 0x000000008e200000| Untracked 
| 227|0x000000008e300000, 0x000000008e300000, 0x000000008e400000|  0%| F|  |TAMS 0x000000008e300000, 0x000000008e300000| Untracked 
| 228|0x000000008e400000, 0x000000008e400000, 0x000000008e500000|  0%| F|  |TAMS 0x000000008e400000, 0x000000008e400000| Untracked 
| 229|0x000000008e500000, 0x000000008e500000, 0x000000008e600000|  0%| F|  |TAMS 0x000000008e500000, 0x000000008e500000| Untracked 
| 230|0x000000008e600000, 0x000000008e600000, 0x000000008e700000|  0%| F|  |TAMS 0x000000008e600000, 0x000000008e600000| Untracked 
| 231|0x000000008e700000, 0x000000008e700000, 0x000000008e800000|  0%| F|  |TAMS 0x000000008e700000, 0x000000008e700000| Untracked 
| 232|0x000000008e800000, 0x000000008e800000, 0x000000008e900000|  0%| F|  |TAMS 0x000000008e800000, 0x000000008e800000| Untracked 
| 233|0x000000008e900000, 0x000000008e900000, 0x000000008ea00000|  0%| F|  |TAMS 0x000000008e900000, 0x000000008e900000| Untracked 
| 234|0x000000008ea00000, 0x000000008ea00000, 0x000000008eb00000|  0%| F|  |TAMS 0x000000008ea00000, 0x000000008ea00000| Untracked 
| 235|0x000000008eb00000, 0x000000008eb00000, 0x000000008ec00000|  0%| F|  |TAMS 0x000000008eb00000, 0x000000008eb00000| Untracked 
| 236|0x000000008ec00000, 0x000000008ec00000, 0x000000008ed00000|  0%| F|  |TAMS 0x000000008ec00000, 0x000000008ec00000| Untracked 
| 237|0x000000008ed00000, 0x000000008ed00000, 0x000000008ee00000|  0%| F|  |TAMS 0x000000008ed00000, 0x000000008ed00000| Untracked 
| 238|0x000000008ee00000, 0x000000008ee00000, 0x000000008ef00000|  0%| F|  |TAMS 0x000000008ee00000, 0x000000008ee00000| Untracked 
| 239|0x000000008ef00000, 0x000000008ef00000, 0x000000008f000000|  0%| F|  |TAMS 0x000000008ef00000, 0x000000008ef00000| Untracked 
| 240|0x000000008f000000, 0x000000008f000000, 0x000000008f100000|  0%| F|  |TAMS 0x000000008f000000, 0x000000008f000000| Untracked 
| 241|0x000000008f100000, 0x000000008f100000, 0x000000008f200000|  0%| F|  |TAMS 0x000000008f100000, 0x000000008f100000| Untracked 
| 242|0x000000008f200000, 0x000000008f200000, 0x000000008f300000|  0%| F|  |TAMS 0x000000008f200000, 0x000000008f200000| Untracked 
| 243|0x000000008f300000, 0x000000008f300000, 0x000000008f400000|  0%| F|  |TAMS 0x000000008f300000, 0x000000008f300000| Untracked 
| 244|0x000000008f400000, 0x000000008f400000, 0x000000008f500000|  0%| F|  |TAMS 0x000000008f400000, 0x000000008f400000| Untracked 
| 245|0x000000008f500000, 0x000000008f500000, 0x000000008f600000|  0%| F|  |TAMS 0x000000008f500000, 0x000000008f500000| Untracked 
| 246|0x000000008f600000, 0x000000008f600000, 0x000000008f700000|  0%| F|  |TAMS 0x000000008f600000, 0x000000008f600000| Untracked 
| 247|0x000000008f700000, 0x000000008f700000, 0x000000008f800000|  0%| F|  |TAMS 0x000000008f700000, 0x000000008f700000| Untracked 
| 248|0x000000008f800000, 0x000000008f800000, 0x000000008f900000|  0%| F|  |TAMS 0x000000008f800000, 0x000000008f800000| Untracked 
| 249|0x000000008f900000, 0x000000008f900000, 0x000000008fa00000|  0%| F|  |TAMS 0x000000008f900000, 0x000000008f900000| Untracked 
| 250|0x000000008fa00000, 0x000000008fa00000, 0x000000008fb00000|  0%| F|  |TAMS 0x000000008fa00000, 0x000000008fa00000| Untracked 
| 251|0x000000008fb00000, 0x000000008fb00000, 0x000000008fc00000|  0%| F|  |TAMS 0x000000008fb00000, 0x000000008fb00000| Untracked 
| 252|0x000000008fc00000, 0x000000008fc00000, 0x000000008fd00000|  0%| F|  |TAMS 0x000000008fc00000, 0x000000008fc00000| Untracked 
| 253|0x000000008fd00000, 0x000000008fd00000, 0x000000008fe00000|  0%| F|  |TAMS 0x000000008fd00000, 0x000000008fd00000| Untracked 
| 254|0x000000008fe00000, 0x000000008fe00000, 0x000000008ff00000|  0%| F|  |TAMS 0x000000008fe00000, 0x000000008fe00000| Untracked 
| 255|0x000000008ff00000, 0x000000008ff00000, 0x0000000090000000|  0%| F|  |TAMS 0x000000008ff00000, 0x000000008ff00000| Untracked 
| 256|0x0000000090000000, 0x0000000090000000, 0x0000000090100000|  0%| F|  |TAMS 0x0000000090000000, 0x0000000090000000| Untracked 
| 257|0x0000000090100000, 0x0000000090100000, 0x0000000090200000|  0%| F|  |TAMS 0x0000000090100000, 0x0000000090100000| Untracked 
| 258|0x0000000090200000, 0x0000000090200000, 0x0000000090300000|  0%| F|  |TAMS 0x0000000090200000, 0x0000000090200000| Untracked 
| 259|0x0000000090300000, 0x0000000090300000, 0x0000000090400000|  0%| F|  |TAMS 0x0000000090300000, 0x0000000090300000| Untracked 
| 260|0x0000000090400000, 0x0000000090400000, 0x0000000090500000|  0%| F|  |TAMS 0x0000000090400000, 0x0000000090400000| Untracked 
| 261|0x0000000090500000, 0x0000000090500000, 0x0000000090600000|  0%| F|  |TAMS 0x0000000090500000, 0x0000000090500000| Untracked 
| 262|0x0000000090600000, 0x0000000090600000, 0x0000000090700000|  0%| F|  |TAMS 0x0000000090600000, 0x0000000090600000| Untracked 
| 263|0x0000000090700000, 0x0000000090700000, 0x0000000090800000|  0%| F|  |TAMS 0x0000000090700000, 0x0000000090700000| Untracked 
| 264|0x0000000090800000, 0x0000000090800000, 0x0000000090900000|  0%| F|  |TAMS 0x0000000090800000, 0x0000000090800000| Untracked 
| 265|0x0000000090900000, 0x0000000090900000, 0x0000000090a00000|  0%| F|  |TAMS 0x0000000090900000, 0x0000000090900000| Untracked 
| 266|0x0000000090a00000, 0x0000000090a00000, 0x0000000090b00000|  0%| F|  |TAMS 0x0000000090a00000, 0x0000000090a00000| Untracked 
| 267|0x0000000090b00000, 0x0000000090b00000, 0x0000000090c00000|  0%| F|  |TAMS 0x0000000090b00000, 0x0000000090b00000| Untracked 
| 268|0x0000000090c00000, 0x0000000090c00000, 0x0000000090d00000|  0%| F|  |TAMS 0x0000000090c00000, 0x0000000090c00000| Untracked 
| 269|0x0000000090d00000, 0x0000000090d00000, 0x0000000090e00000|  0%| F|  |TAMS 0x0000000090d00000, 0x0000000090d00000| Untracked 
| 270|0x0000000090e00000, 0x0000000090e00000, 0x0000000090f00000|  0%| F|  |TAMS 0x0000000090e00000, 0x0000000090e00000| Untracked 
| 271|0x0000000090f00000, 0x0000000090f00000, 0x0000000091000000|  0%| F|  |TAMS 0x0000000090f00000, 0x0000000090f00000| Untracked 
| 272|0x0000000091000000, 0x0000000091000000, 0x0000000091100000|  0%| F|  |TAMS 0x0000000091000000, 0x0000000091000000| Untracked 
| 273|0x0000000091100000, 0x0000000091100000, 0x0000000091200000|  0%| F|  |TAMS 0x0000000091100000, 0x0000000091100000| Untracked 
| 274|0x0000000091200000, 0x0000000091200000, 0x0000000091300000|  0%| F|  |TAMS 0x0000000091200000, 0x0000000091200000| Untracked 
| 275|0x0000000091300000, 0x0000000091300000, 0x0000000091400000|  0%| F|  |TAMS 0x0000000091300000, 0x0000000091300000| Untracked 
| 276|0x0000000091400000, 0x0000000091400000, 0x0000000091500000|  0%| F|  |TAMS 0x0000000091400000, 0x0000000091400000| Untracked 
| 277|0x0000000091500000, 0x0000000091500000, 0x0000000091600000|  0%| F|  |TAMS 0x0000000091500000, 0x0000000091500000| Untracked 
| 278|0x0000000091600000, 0x0000000091600000, 0x0000000091700000|  0%| F|  |TAMS 0x0000000091600000, 0x0000000091600000| Untracked 
| 279|0x0000000091700000, 0x0000000091700000, 0x0000000091800000|  0%| F|  |TAMS 0x0000000091700000, 0x0000000091700000| Untracked 
| 280|0x0000000091800000, 0x0000000091800000, 0x0000000091900000|  0%| F|  |TAMS 0x0000000091800000, 0x0000000091800000| Untracked 
| 281|0x0000000091900000, 0x0000000091900000, 0x0000000091a00000|  0%| F|  |TAMS 0x0000000091900000, 0x0000000091900000| Untracked 
| 282|0x0000000091a00000, 0x0000000091a00000, 0x0000000091b00000|  0%| F|  |TAMS 0x0000000091a00000, 0x0000000091a00000| Untracked 
| 283|0x0000000091b00000, 0x0000000091b00000, 0x0000000091c00000|  0%| F|  |TAMS 0x0000000091b00000, 0x0000000091b00000| Untracked 
| 284|0x0000000091c00000, 0x0000000091c00000, 0x0000000091d00000|  0%| F|  |TAMS 0x0000000091c00000, 0x0000000091c00000| Untracked 
| 285|0x0000000091d00000, 0x0000000091d00000, 0x0000000091e00000|  0%| F|  |TAMS 0x0000000091d00000, 0x0000000091d00000| Untracked 
| 286|0x0000000091e00000, 0x0000000091e00000, 0x0000000091f00000|  0%| F|  |TAMS 0x0000000091e00000, 0x0000000091e00000| Untracked 
| 287|0x0000000091f00000, 0x0000000091f00000, 0x0000000092000000|  0%| F|  |TAMS 0x0000000091f00000, 0x0000000091f00000| Untracked 
| 288|0x0000000092000000, 0x00000000920b57c0, 0x0000000092100000| 70%| E|  |TAMS 0x0000000092000000, 0x0000000092000000| Complete 
| 289|0x0000000092100000, 0x0000000092200000, 0x0000000092200000|100%| E|CS|TAMS 0x0000000092100000, 0x0000000092100000| Complete 
| 290|0x0000000092200000, 0x0000000092300000, 0x0000000092300000|100%| E|CS|TAMS 0x0000000092200000, 0x0000000092200000| Complete 
| 291|0x0000000092300000, 0x0000000092400000, 0x0000000092400000|100%| E|CS|TAMS 0x0000000092300000, 0x0000000092300000| Complete 
| 292|0x0000000092400000, 0x0000000092500000, 0x0000000092500000|100%| E|CS|TAMS 0x0000000092400000, 0x0000000092400000| Complete 
| 293|0x0000000092500000, 0x0000000092600000, 0x0000000092600000|100%| E|CS|TAMS 0x0000000092500000, 0x0000000092500000| Complete 
| 294|0x0000000092600000, 0x0000000092700000, 0x0000000092700000|100%| E|CS|TAMS 0x0000000092600000, 0x0000000092600000| Complete 
| 295|0x0000000092700000, 0x0000000092800000, 0x0000000092800000|100%| E|CS|TAMS 0x0000000092700000, 0x0000000092700000| Complete 
| 296|0x0000000092800000, 0x0000000092900000, 0x0000000092900000|100%| E|CS|TAMS 0x0000000092800000, 0x0000000092800000| Complete 
| 297|0x0000000092900000, 0x0000000092a00000, 0x0000000092a00000|100%| E|CS|TAMS 0x0000000092900000, 0x0000000092900000| Complete 
| 298|0x0000000092a00000, 0x0000000092b00000, 0x0000000092b00000|100%| E|CS|TAMS 0x0000000092a00000, 0x0000000092a00000| Complete 
| 299|0x0000000092b00000, 0x0000000092c00000, 0x0000000092c00000|100%| E|CS|TAMS 0x0000000092b00000, 0x0000000092b00000| Complete 
| 300|0x0000000092c00000, 0x0000000092d00000, 0x0000000092d00000|100%| E|CS|TAMS 0x0000000092c00000, 0x0000000092c00000| Complete 
| 301|0x0000000092d00000, 0x0000000092e00000, 0x0000000092e00000|100%| E|CS|TAMS 0x0000000092d00000, 0x0000000092d00000| Complete 
| 302|0x0000000092e00000, 0x0000000092f00000, 0x0000000092f00000|100%| E|CS|TAMS 0x0000000092e00000, 0x0000000092e00000| Complete 
| 303|0x0000000092f00000, 0x0000000093000000, 0x0000000093000000|100%| E|CS|TAMS 0x0000000092f00000, 0x0000000092f00000| Complete 
| 304|0x0000000093000000, 0x0000000093100000, 0x0000000093100000|100%| E|CS|TAMS 0x0000000093000000, 0x0000000093000000| Complete 
| 305|0x0000000093100000, 0x0000000093200000, 0x0000000093200000|100%| E|CS|TAMS 0x0000000093100000, 0x0000000093100000| Complete 
| 306|0x0000000093200000, 0x0000000093300000, 0x0000000093300000|100%| E|CS|TAMS 0x0000000093200000, 0x0000000093200000| Complete 
| 307|0x0000000093300000, 0x0000000093400000, 0x0000000093400000|100%| E|CS|TAMS 0x0000000093300000, 0x0000000093300000| Complete 
| 308|0x0000000093400000, 0x0000000093500000, 0x0000000093500000|100%| E|CS|TAMS 0x0000000093400000, 0x0000000093400000| Complete 
| 309|0x0000000093500000, 0x0000000093600000, 0x0000000093600000|100%| E|CS|TAMS 0x0000000093500000, 0x0000000093500000| Complete 
| 310|0x0000000093600000, 0x0000000093700000, 0x0000000093700000|100%| E|CS|TAMS 0x0000000093600000, 0x0000000093600000| Complete 
| 311|0x0000000093700000, 0x0000000093800000, 0x0000000093800000|100%| E|CS|TAMS 0x0000000093700000, 0x0000000093700000| Complete 

Card table byte_map: [0x0000014a5e3a0000,0x0000014a5e7a0000] _byte_map_base: 0x0000014a5dfa0000

Marking Bits (Prev, Next): (CMBitMap*) 0x0000014a4785fb10, (CMBitMap*) 0x0000014a4785fb50
 Prev Bits: [0x0000014a5eba0000, 0x0000014a60ba0000)
 Next Bits: [0x0000014a60ba0000, 0x0000014a62ba0000)

Polling page: 0x0000014a457b0000

Metaspace:

Usage:
  Non-class:     96.12 MB used.
      Class:     13.94 MB used.
       Both:    110.06 MB used.

Virtual space:
  Non-class space:      104.00 MB reserved,      96.44 MB ( 93%) committed,  13 nodes.
      Class space:        1.00 GB reserved,      14.31 MB (  1%) committed,  1 nodes.
              Both:        1.10 GB reserved,     110.75 MB ( 10%) committed. 

Chunk freelists:
   Non-Class:  2.81 MB
       Class:  1.67 MB
        Both:  4.49 MB

MaxMetaspaceSize: 17179869184.00 GB
CompressedClassSpaceSize: 1.00 GB
 - commit_granule_bytes: 65536.
 - commit_granule_words: 8192.
 - virtual_space_node_default_size: 1048576.
 - enlarge_chunks_in_place: 1.
 - new_chunks_are_fully_committed: 0.
 - uncommit_free_chunks: 1.
 - use_allocation_guard: 0.
 - handle_deallocations: 1.


Internal statistics:

num_allocs_failed_limit: 6.
num_arena_births: 1068.
num_arena_deaths: 22.
num_vsnodes_births: 14.
num_vsnodes_deaths: 0.
num_space_committed: 1771.
num_space_uncommitted: 0.
num_chunks_returned_to_freelist: 36.
num_chunks_taken_from_freelist: 5626.
num_chunk_merges: 9.
num_chunk_splits: 3783.
num_chunks_enlarged: 2621.
num_purges: 4.

CodeHeap 'non-profiled nmethods': size=120000Kb used=11297Kb max_used=11297Kb free=108702Kb
 bounds [0x0000014a56a70000, 0x0000014a57590000, 0x0000014a5dfa0000]
CodeHeap 'profiled nmethods': size=120000Kb used=35604Kb max_used=35778Kb free=84395Kb
 bounds [0x0000014a4f540000, 0x0000014a51840000, 0x0000014a56a70000]
CodeHeap 'non-nmethods': size=5760Kb used=2465Kb max_used=2560Kb free=3294Kb
 bounds [0x0000014a4efa0000, 0x0000014a4f230000, 0x0000014a4f540000]
 total_blobs=18152 nmethods=17155 adapters=907
 compilation: enabled
              stopped_count=0, restarted_count=0
 full_count=0

Compilation events (20 events):
Event: 369.460 Thread 0x0000014a6508a730 nmethod 21139 0x0000014a51393c90 code [0x0000014a51393e40, 0x0000014a51394028]
Event: 369.461 Thread 0x0000014a6508a730 21140       2       org.gradle.api.internal.provider.AbstractMinimalProvider::visitDependencies (11 bytes)
Event: 369.461 Thread 0x0000014a6508a730 nmethod 21140 0x0000014a51393890 code [0x0000014a51393a40, 0x0000014a51393b98]
Event: 369.461 Thread 0x0000014a6508a730 21141       2       org.gradle.api.services.internal.DefaultBuildServicesRegistry_Decorated::getRegistrations (39 bytes)
Event: 369.462 Thread 0x0000014a6508a730 nmethod 21141 0x0000014a51393390 code [0x0000014a51393540, 0x0000014a51393758]
Event: 369.463 Thread 0x0000014a6508a730 21142       2       org.gradle.api.internal.artifacts.configurations.DefaultConfiguration_Decorated::getDescription (40 bytes)
Event: 369.464 Thread 0x0000014a6508a730 nmethod 21142 0x0000014a51392e90 code [0x0000014a51393040, 0x0000014a51393258]
Event: 369.464 Thread 0x0000014a6508a730 21143       2       org.gradle.api.internal.artifacts.configurations.DefaultConfiguration_Decorated::isTransitive (46 bytes)
Event: 369.464 Thread 0x0000014a6508a730 nmethod 21143 0x0000014a51392910 code [0x0000014a51392ae0, 0x0000014a51392d18]
Event: 369.464 Thread 0x0000014a6508a730 21145       2       org.gradle.api.internal.artifacts.dsl.CapabilityNotationParserFactory::<init> (10 bytes)
Event: 369.465 Thread 0x0000014a6508a730 nmethod 21145 0x0000014a5063cd90 code [0x0000014a5063cf20, 0x0000014a5063d038]
Event: 369.465 Thread 0x0000014a6508a730 21146       2       org.gradle.api.internal.artifacts.dsl.CapabilityNotationParserFactory::create (17 bytes)
Event: 369.465 Thread 0x0000014a6508a730 nmethod 21146 0x0000014a506d9010 code [0x0000014a506d91a0, 0x0000014a506d92b8]
Event: 369.469 Thread 0x0000014a6508a730 21147       2       org.gradle.launcher.daemon.protocol.DaemonMessageSerializer$OutputMessageSerializer::write (10 bytes)
Event: 369.469 Thread 0x0000014a6508a730 nmethod 21147 0x0000014a51392510 code [0x0000014a513926c0, 0x0000014a51392828]
Event: 369.469 Thread 0x0000014a6508a730 21148       2       org.gradle.launcher.daemon.protocol.DaemonMessageSerializer$OutputMessageSerializer::write (15 bytes)
Event: 369.470 Thread 0x0000014a6508a730 nmethod 21148 0x0000014a51392110 code [0x0000014a513922c0, 0x0000014a513923e8]
Event: 369.470 Thread 0x0000014a6508a730 21149       2       org.gradle.internal.lazy.Lazy::locking (6 bytes)
Event: 369.470 Thread 0x0000014a6508a730 nmethod 21149 0x0000014a50a4e510 code [0x0000014a50a4e6a0, 0x0000014a50a4e798]
Event: 369.470 Thread 0x0000014a6508a730 21150       2       org.gradle.internal.lazy.Lazy$$Lambda$211/0x0000000800efda20::of (12 bytes)

GC Heap History (20 events):
Event: 33.504 GC heap before
{Heap before GC invocations=48 (full 0):
 garbage-first heap   total 242688K, used 168960K [0x0000000080000000, 0x0000000100000000)
  region size 1024K, 51 young (52224K), 7 survivors (7168K)
 Metaspace       used 97795K, committed 98560K, reserved 1138688K
  class space    used 12452K, committed 12800K, reserved 1048576K
}
Event: 33.525 GC heap after
{Heap after GC invocations=49 (full 0):
 garbage-first heap   total 242688K, used 128597K [0x0000000080000000, 0x0000000100000000)
  region size 1024K, 7 young (7168K), 7 survivors (7168K)
 Metaspace       used 97795K, committed 98560K, reserved 1138688K
  class space    used 12452K, committed 12800K, reserved 1048576K
}
Event: 35.199 GC heap before
{Heap before GC invocations=49 (full 0):
 garbage-first heap   total 242688K, used 187989K [0x0000000080000000, 0x0000000100000000)
  region size 1024K, 66 young (67584K), 7 survivors (7168K)
 Metaspace       used 103424K, committed 104192K, reserved 1146880K
  class space    used 13215K, committed 13568K, reserved 1048576K
}
Event: 35.214 GC heap after
{Heap after GC invocations=50 (full 0):
 garbage-first heap   total 242688K, used 133074K [0x0000000080000000, 0x0000000100000000)
  region size 1024K, 4 young (4096K), 4 survivors (4096K)
 Metaspace       used 103424K, committed 104192K, reserved 1146880K
  class space    used 13215K, committed 13568K, reserved 1048576K
}
Event: 35.929 GC heap before
{Heap before GC invocations=50 (full 0):
 garbage-first heap   total 242688K, used 156626K [0x0000000080000000, 0x0000000100000000)
  region size 1024K, 29 young (29696K), 4 survivors (4096K)
 Metaspace       used 104745K, committed 105472K, reserved 1146880K
  class space    used 13385K, committed 13696K, reserved 1048576K
}
Event: 35.944 GC heap after
{Heap after GC invocations=51 (full 0):
 garbage-first heap   total 242688K, used 135758K [0x0000000080000000, 0x0000000100000000)
  region size 1024K, 7 young (7168K), 7 survivors (7168K)
 Metaspace       used 104745K, committed 105472K, reserved 1146880K
  class space    used 13385K, committed 13696K, reserved 1048576K
}
Event: 37.596 GC heap before
{Heap before GC invocations=52 (full 0):
 garbage-first heap   total 242688K, used 196174K [0x0000000080000000, 0x0000000100000000)
  region size 1024K, 66 young (67584K), 7 survivors (7168K)
 Metaspace       used 107805K, committed 108544K, reserved 1146880K
  class space    used 13915K, committed 14272K, reserved 1048576K
}
Event: 37.608 GC heap after
{Heap after GC invocations=53 (full 0):
 garbage-first heap   total 242688K, used 131663K [0x0000000080000000, 0x0000000100000000)
  region size 1024K, 3 young (3072K), 3 survivors (3072K)
 Metaspace       used 107805K, committed 108544K, reserved 1146880K
  class space    used 13915K, committed 14272K, reserved 1048576K
}
Event: 38.031 GC heap before
{Heap before GC invocations=53 (full 0):
 garbage-first heap   total 242688K, used 167503K [0x0000000080000000, 0x0000000100000000)
  region size 1024K, 11 young (11264K), 3 survivors (3072K)
 Metaspace       used 108804K, committed 109568K, reserved 1146880K
  class space    used 14046K, committed 14400K, reserved 1048576K
}
Event: 38.050 GC heap after
{Heap after GC invocations=54 (full 0):
 garbage-first heap   total 242688K, used 113063K [0x0000000080000000, 0x0000000100000000)
  region size 1024K, 1 young (1024K), 1 survivors (1024K)
 Metaspace       used 108804K, committed 109568K, reserved 1146880K
  class space    used 14046K, committed 14400K, reserved 1048576K
}
Event: 164.274 GC heap before
{Heap before GC invocations=54 (full 0):
 garbage-first heap   total 242688K, used 190887K [0x0000000080000000, 0x0000000100000000)
  region size 1024K, 76 young (77824K), 1 survivors (1024K)
 Metaspace       used 112108K, committed 112896K, reserved 1155072K
  class space    used 14268K, committed 14656K, reserved 1048576K
}
Event: 164.293 GC heap after
{Heap after GC invocations=55 (full 0):
 garbage-first heap   total 242688K, used 127357K [0x0000000080000000, 0x0000000100000000)
  region size 1024K, 10 young (10240K), 10 survivors (10240K)
 Metaspace       used 112108K, committed 112896K, reserved 1155072K
  class space    used 14268K, committed 14656K, reserved 1048576K
}
Event: 165.350 GC heap before
{Heap before GC invocations=55 (full 0):
 garbage-first heap   total 242688K, used 163197K [0x0000000080000000, 0x0000000100000000)
  region size 1024K, 44 young (45056K), 10 survivors (10240K)
 Metaspace       used 112148K, committed 112960K, reserved 1155072K
  class space    used 14269K, committed 14656K, reserved 1048576K
}
Event: 165.379 GC heap after
{Heap after GC invocations=56 (full 0):
 garbage-first heap   total 242688K, used 142858K [0x0000000080000000, 0x0000000100000000)
  region size 1024K, 9 young (9216K), 9 survivors (9216K)
 Metaspace       used 112148K, committed 112960K, reserved 1155072K
  class space    used 14269K, committed 14656K, reserved 1048576K
}
Event: 168.333 GC heap before
{Heap before GC invocations=57 (full 0):
 garbage-first heap   total 266240K, used 193034K [0x0000000080000000, 0x0000000100000000)
  region size 1024K, 48 young (49152K), 9 survivors (9216K)
 Metaspace       used 112281K, committed 113088K, reserved 1155072K
  class space    used 14266K, committed 14656K, reserved 1048576K
}
Event: 168.354 GC heap after
{Heap after GC invocations=58 (full 0):
 garbage-first heap   total 266240K, used 144727K [0x0000000080000000, 0x0000000100000000)
  region size 1024K, 6 young (6144K), 6 survivors (6144K)
 Metaspace       used 112281K, committed 113088K, reserved 1155072K
  class space    used 14266K, committed 14656K, reserved 1048576K
}
Event: 168.414 GC heap before
{Heap before GC invocations=58 (full 0):
 garbage-first heap   total 266240K, used 150871K [0x0000000080000000, 0x0000000100000000)
  region size 1024K, 13 young (13312K), 6 survivors (6144K)
 Metaspace       used 112282K, committed 113088K, reserved 1155072K
  class space    used 14266K, committed 14656K, reserved 1048576K
}
Event: 168.445 GC heap after
{Heap after GC invocations=59 (full 0):
 garbage-first heap   total 266240K, used 130880K [0x0000000080000000, 0x0000000100000000)
  region size 1024K, 2 young (2048K), 2 survivors (2048K)
 Metaspace       used 112282K, committed 113088K, reserved 1155072K
  class space    used 14266K, committed 14656K, reserved 1048576K
}
Event: 369.035 GC heap before
{Heap before GC invocations=59 (full 0):
 garbage-first heap   total 266240K, used 220992K [0x0000000080000000, 0x0000000100000000)
  region size 1024K, 65 young (66560K), 2 survivors (2048K)
 Metaspace       used 112495K, committed 113280K, reserved 1155072K
  class space    used 14272K, committed 14656K, reserved 1048576K
}
Event: 369.047 GC heap after
{Heap after GC invocations=60 (full 0):
 garbage-first heap   total 319488K, used 131865K [0x0000000080000000, 0x0000000100000000)
  region size 1024K, 3 young (3072K), 3 survivors (3072K)
 Metaspace       used 112495K, committed 113280K, reserved 1155072K
  class space    used 14272K, committed 14656K, reserved 1048576K
}

Deoptimization events (20 events):
Event: 169.758 Thread 0x0000014a6ddc8420 DEOPT PACKING pc=0x0000014a57056f04 sp=0x0000002da7bff110
Event: 169.758 Thread 0x0000014a6ddc8420 DEOPT UNPACKING pc=0x0000014a4efed72e sp=0x0000002da7bff038 mode 2
Event: 369.033 Thread 0x0000014a6826d590 Uncommon trap: trap_request=0xffffffde fr.pc=0x0000014a570e6838 relative=0x0000000000000af8
Event: 369.033 Thread 0x0000014a6826d590 Uncommon trap: reason=class_check action=maybe_recompile pc=0x0000014a570e6838 method=com.google.common.cache.LocalCache$Segment.getLiveValue(Lcom/google/common/cache/ReferenceEntry;J)Ljava/lang/Object; @ 21 c2
Event: 369.033 Thread 0x0000014a6826d590 DEOPT PACKING pc=0x0000014a570e6838 sp=0x0000002da96fbc60
Event: 369.033 Thread 0x0000014a6826d590 DEOPT UNPACKING pc=0x0000014a4efed72e sp=0x0000002da96fbac8 mode 2
Event: 369.072 Thread 0x0000014a6826d590 Uncommon trap: trap_request=0xffffffde fr.pc=0x0000014a57075d7c relative=0x00000000000006dc
Event: 369.072 Thread 0x0000014a6826d590 Uncommon trap: reason=class_check action=maybe_recompile pc=0x0000014a57075d7c method=org.gradle.cache.internal.LockOnDemandCrossProcessCacheAccess.incrementLockCount()V @ 97 c2
Event: 369.072 Thread 0x0000014a6826d590 DEOPT PACKING pc=0x0000014a57075d7c sp=0x0000002da96f7900
Event: 369.072 Thread 0x0000014a6826d590 DEOPT UNPACKING pc=0x0000014a4efed72e sp=0x0000002da96f78b0 mode 2
Event: 369.292 Thread 0x0000014a6826d590 DEOPT PACKING pc=0x0000014a4facc8d1 sp=0x0000002da96f91b0
Event: 369.292 Thread 0x0000014a6826d590 DEOPT UNPACKING pc=0x0000014a4efedece sp=0x0000002da96f8690 mode 0
Event: 369.293 Thread 0x0000014a6826d590 Uncommon trap: trap_request=0xffffff76 fr.pc=0x0000014a574e1d54 relative=0x0000000000000f14
Event: 369.293 Thread 0x0000014a6826d590 Uncommon trap: reason=predicate action=maybe_recompile pc=0x0000014a574e1d54 method=com.google.common.collect.RegularImmutableMap.fromEntryArray(I[Ljava/util/Map$Entry;)Lcom/google/common/collect/ImmutableMap; @ 59 c2
Event: 369.293 Thread 0x0000014a6826d590 DEOPT PACKING pc=0x0000014a574e1d54 sp=0x0000002da96f7e20
Event: 369.293 Thread 0x0000014a6826d590 DEOPT UNPACKING pc=0x0000014a4efed72e sp=0x0000002da96f7db8 mode 2
Event: 369.449 Thread 0x0000014a6826d590 Uncommon trap: trap_request=0xffffffde fr.pc=0x0000014a57247b68 relative=0x00000000000002a8
Event: 369.449 Thread 0x0000014a6826d590 Uncommon trap: reason=class_check action=maybe_recompile pc=0x0000014a57247b68 method=java.util.Spliterators$ArraySpliterator.tryAdvance(Ljava/util/function/Consumer;)Z @ 49 c2
Event: 369.449 Thread 0x0000014a6826d590 DEOPT PACKING pc=0x0000014a57247b68 sp=0x0000002da96f9af0
Event: 369.449 Thread 0x0000014a6826d590 DEOPT UNPACKING pc=0x0000014a4efed72e sp=0x0000002da96f9a70 mode 2

Classes unloaded (11 events):
Event: 19.058 Thread 0x0000014a65060520 Unloading class 0x00000008015a4c00 'java/lang/invoke/LambdaForm$DMH+0x00000008015a4c00'
Event: 19.058 Thread 0x0000014a65060520 Unloading class 0x00000008015a4800 'java/lang/invoke/LambdaForm$DMH+0x00000008015a4800'
Event: 19.058 Thread 0x0000014a65060520 Unloading class 0x00000008015a4400 'java/lang/invoke/LambdaForm$DMH+0x00000008015a4400'
Event: 165.692 Thread 0x0000014a65060520 Unloading class 0x000000080195c400 'java/lang/invoke/LambdaForm$DMH+0x000000080195c400'
Event: 165.692 Thread 0x0000014a65060520 Unloading class 0x0000000801918000 'java/lang/invoke/LambdaForm$DMH+0x0000000801918000'
Event: 165.692 Thread 0x0000014a65060520 Unloading class 0x00000008018f8c00 'java/lang/invoke/LambdaForm$DMH+0x00000008018f8c00'
Event: 165.692 Thread 0x0000014a65060520 Unloading class 0x00000008018f8400 'java/lang/invoke/LambdaForm$DMH+0x00000008018f8400'
Event: 165.692 Thread 0x0000014a65060520 Unloading class 0x00000008018d0c00 'java/lang/invoke/LambdaForm$MH+0x00000008018d0c00'
Event: 165.692 Thread 0x0000014a65060520 Unloading class 0x00000008018d0000 'java/lang/invoke/LambdaForm$DMH+0x00000008018d0000'
Event: 165.692 Thread 0x0000014a65060520 Unloading class 0x00000008018bc400 'java/lang/invoke/LambdaForm$DMH+0x00000008018bc400'
Event: 165.692 Thread 0x0000014a65060520 Unloading class 0x0000000801890400 'java/lang/invoke/LambdaForm$DMH+0x0000000801890400'

Classes redefined (0 events):
No events

Internal exceptions (20 events):
Event: 38.060 Thread 0x0000014a66131d70 Exception <a 'java/lang/NoSuchMethodError'{0x000000008ff10d68}: 'java.lang.Object java.lang.invoke.DirectMethodHandle$Holder.invokeSpecial(java.lang.Object, java.lang.Object, java.lang.Object, java.lang.Object, int, java.lang.Object, java.lang.Object)'> (0x000000008ff10d68) 
thrown [t:\workspace\open\src\hotspot\share\interpreter\linkResolver.cpp, line 790]
Event: 38.136 Thread 0x0000014a66131d70 Implicit null exception at 0x0000014a5707062f to 0x0000014a5707067c
Event: 162.048 Thread 0x0000014a6ddc6ee0 Implicit null exception at 0x0000014a5707a361 to 0x0000014a5707a69c
Event: 162.048 Thread 0x0000014a6ddc6ee0 Implicit null exception at 0x0000014a56f50c64 to 0x0000014a56f517fc
Event: 162.048 Thread 0x0000014a6ddc6ee0 Implicit null exception at 0x0000014a57421d4d to 0x0000014a57427684
Event: 163.113 Thread 0x0000014a6ddc6ee0 Exception <a 'sun/nio/fs/WindowsException'{0x000000008c868c28}> (0x000000008c868c28) 
thrown [t:\workspace\open\src\hotspot\share\prims\jni.cpp, line 579]
Event: 163.289 Thread 0x0000014a6ddc6ee0 Exception <a 'java/lang/NoClassDefFoundError'{0x000000008c6fa608}: org/jetbrains/kotlin/gradle/plugin/KotlinBasePluginWrapper> (0x000000008c6fa608) 
thrown [t:\workspace\open\src\hotspot\share\oops\constantPool.cpp, line 809]
Event: 163.417 Thread 0x0000014a6ddc6ee0 Exception <a 'sun/nio/fs/WindowsException'{0x000000008c365f20}> (0x000000008c365f20) 
thrown [t:\workspace\open\src\hotspot\share\prims\jni.cpp, line 579]
Event: 163.438 Thread 0x0000014a6ddc6ee0 Exception <a 'sun/nio/fs/WindowsException'{0x000000008c204408}> (0x000000008c204408) 
thrown [t:\workspace\open\src\hotspot\share\prims\jni.cpp, line 579]
Event: 163.438 Thread 0x0000014a6ddc6ee0 Exception <a 'sun/nio/fs/WindowsException'{0x000000008c2054d8}> (0x000000008c2054d8) 
thrown [t:\workspace\open\src\hotspot\share\prims\jni.cpp, line 579]
Event: 163.439 Thread 0x0000014a6ddc6ee0 Exception <a 'sun/nio/fs/WindowsException'{0x000000008c2065f8}> (0x000000008c2065f8) 
thrown [t:\workspace\open\src\hotspot\share\prims\jni.cpp, line 579]
Event: 163.439 Thread 0x0000014a6ddc6ee0 Exception <a 'sun/nio/fs/WindowsException'{0x000000008c207718}> (0x000000008c207718) 
thrown [t:\workspace\open\src\hotspot\share\prims\jni.cpp, line 579]
Event: 163.511 Thread 0x0000014a6ddc6ee0 Exception <a 'sun/nio/fs/WindowsException'{0x000000008c07f560}> (0x000000008c07f560) 
thrown [t:\workspace\open\src\hotspot\share\prims\jni.cpp, line 579]
Event: 164.843 Thread 0x0000014a6d056af0 Implicit null exception at 0x0000014a56f0c100 to 0x0000014a56f0c3f0
Event: 164.844 Thread 0x0000014a6d056af0 Implicit null exception at 0x0000014a56fe6976 to 0x0000014a56feb948
Event: 168.543 Thread 0x0000014a6d059570 Exception <a 'sun/nio/fs/WindowsException'{0x000000008f7259b8}> (0x000000008f7259b8) 
thrown [t:\workspace\open\src\hotspot\share\prims\jni.cpp, line 579]
Event: 168.543 Thread 0x0000014a6d059570 Exception <a 'sun/nio/fs/WindowsException'{0x000000008f725e38}> (0x000000008f725e38) 
thrown [t:\workspace\open\src\hotspot\share\prims\jni.cpp, line 579]
Event: 169.671 Thread 0x0000014a6826c050 Exception <a 'sun/nio/fs/WindowsException'{0x000000008cb9aaf8}> (0x000000008cb9aaf8) 
thrown [t:\workspace\open\src\hotspot\share\prims\jni.cpp, line 579]
Event: 369.331 Thread 0x0000014a6826d590 Exception <a 'sun/nio/fs/WindowsException'{0x0000000092649620}> (0x0000000092649620) 
thrown [t:\workspace\open\src\hotspot\share\prims\jni.cpp, line 579]
Event: 369.410 Thread 0x0000014a6826d590 Exception <a 'java/lang/NoClassDefFoundError'{0x00000000924d59a0}: org/jetbrains/kotlin/gradle/plugin/KotlinBasePluginWrapper> (0x00000000924d59a0) 
thrown [t:\workspace\open\src\hotspot\share\oops\constantPool.cpp, line 809]

Events (20 events):
Event: 368.992 Executing  VM operation: Cleanup
Event: 368.992 Executing  VM operation: Cleanup done
Event: 368.999 Thread 0x0000014a6826dae0 Thread added: 0x0000014a6826dae0
Event: 369.000 Thread 0x0000014a6826fac0 Thread added: 0x0000014a6826fac0
Event: 369.001 Thread 0x0000014a6ddc39c0 Thread added: 0x0000014a6ddc39c0
Event: 369.006 Thread 0x0000014a6ddc9960 Thread added: 0x0000014a6ddc9960
Event: 369.016 Thread 0x0000014a6ddc5ef0 Thread added: 0x0000014a6ddc5ef0
Event: 369.019 Thread 0x0000014a6ddc8420 Thread added: 0x0000014a6ddc8420
Event: 369.023 Thread 0x0000014a6ddc49b0 Thread added: 0x0000014a6ddc49b0
Event: 369.034 Thread 0x0000014a6ddca400 Thread added: 0x0000014a6ddca400
Event: 369.034 Executing  VM operation: G1CollectForAllocation
Event: 369.048 Executing  VM operation: G1CollectForAllocation done
Event: 369.070 Thread 0x0000014a6ddca950 Thread added: 0x0000014a6ddca950
Event: 369.163 Thread 0x0000014a6b1fb810 Thread added: 0x0000014a6b1fb810
Event: 369.178 Thread 0x0000014a6ddcaea0 Thread added: 0x0000014a6ddcaea0
Event: 369.178 Thread 0x0000014a6ddc9410 Thread added: 0x0000014a6ddc9410
Event: 369.179 Thread 0x0000014a6ddc3470 Thread added: 0x0000014a6ddc3470
Event: 369.180 Thread 0x0000014a6ddc4460 Thread added: 0x0000014a6ddc4460
Event: 369.323 Executing  VM operation: ICBufferFull
Event: 369.323 Executing  VM operation: ICBufferFull done


Dynamic libraries:
0x00007ff7cf270000 - 0x00007ff7cf280000 	C:\Program Files\Java\jdk-16.0.2\bin\java.exe
0x00007ffc68e10000 - 0x00007ffc69005000 	C:\WINDOWS\SYSTEM32\ntdll.dll
0x00007ffc689b0000 - 0x00007ffc68a6e000 	C:\WINDOWS\System32\KERNEL32.DLL
0x00007ffc66980000 - 0x00007ffc66c48000 	C:\WINDOWS\System32\KERNELBASE.dll
0x00007ffc66d00000 - 0x00007ffc66e00000 	C:\WINDOWS\System32\ucrtbase.dll
0x00007ffc5e0e0000 - 0x00007ffc5e0f9000 	C:\Program Files\Java\jdk-16.0.2\bin\VCRUNTIME140.dll
0x00007ffc4a0d0000 - 0x00007ffc4a0e8000 	C:\Program Files\Java\jdk-16.0.2\bin\jli.dll
0x00007ffc68500000 - 0x00007ffc685ac000 	C:\WINDOWS\System32\ADVAPI32.dll
0x00007ffc67920000 - 0x00007ffc679be000 	C:\WINDOWS\System32\msvcrt.dll
0x00007ffc686e0000 - 0x00007ffc6877b000 	C:\WINDOWS\System32\sechost.dll
0x00007ffc685b0000 - 0x00007ffc686da000 	C:\WINDOWS\System32\RPCRT4.dll
0x00007ffc67e40000 - 0x00007ffc67fe1000 	C:\WINDOWS\System32\USER32.dll
0x00007ffc47e90000 - 0x00007ffc4812a000 	C:\WINDOWS\WinSxS\amd64_microsoft.windows.common-controls_6595b64144ccf1df_6.0.19041.1110_none_60b5254171f9507e\COMCTL32.dll
0x00007ffc666b0000 - 0x00007ffc666d2000 	C:\WINDOWS\System32\win32u.dll
0x00007ffc68ae0000 - 0x00007ffc68b0b000 	C:\WINDOWS\System32\GDI32.dll
0x00007ffc66840000 - 0x00007ffc6694d000 	C:\WINDOWS\System32\gdi32full.dll
0x00007ffc652b0000 - 0x00007ffc652ba000 	C:\WINDOWS\SYSTEM32\VERSION.dll
0x00007ffc66520000 - 0x00007ffc665bd000 	C:\WINDOWS\System32\msvcp_win.dll
0x00007ffc68bf0000 - 0x00007ffc68c20000 	C:\WINDOWS\System32\IMM32.DLL
0x00007ffc5e460000 - 0x00007ffc5e46c000 	C:\Program Files\Java\jdk-16.0.2\bin\vcruntime140_1.dll
0x00007ffc3e250000 - 0x00007ffc3e2e1000 	C:\Program Files\Java\jdk-16.0.2\bin\msvcp140.dll
0x00007ffc25f80000 - 0x00007ffc26b2b000 	C:\Program Files\Java\jdk-16.0.2\bin\server\jvm.dll
0x00007ffc67820000 - 0x00007ffc67828000 	C:\WINDOWS\System32\PSAPI.DLL
0x00007ffc4e190000 - 0x00007ffc4e1b7000 	C:\WINDOWS\SYSTEM32\WINMM.dll
0x00007ffc42b50000 - 0x00007ffc42b59000 	C:\WINDOWS\SYSTEM32\WSOCK32.dll
0x00007ffc68a70000 - 0x00007ffc68adb000 	C:\WINDOWS\System32\WS2_32.dll
0x00007ffc64470000 - 0x00007ffc64482000 	C:\WINDOWS\SYSTEM32\kernel.appcore.dll
0x00007ffc5b870000 - 0x00007ffc5b87a000 	C:\Program Files\Java\jdk-16.0.2\bin\jimage.dll
0x00007ffc60f90000 - 0x00007ffc61174000 	C:\WINDOWS\SYSTEM32\DBGHELP.DLL
0x00007ffc48260000 - 0x00007ffc4828c000 	C:\WINDOWS\SYSTEM32\dbgcore.DLL
0x00007ffc665c0000 - 0x00007ffc66642000 	C:\WINDOWS\System32\bcryptPrimitives.dll
0x00007ffc4a0a0000 - 0x00007ffc4a0c5000 	C:\Program Files\Java\jdk-16.0.2\bin\java.dll
0x00007ffc66eb0000 - 0x00007ffc675f4000 	C:\WINDOWS\System32\SHELL32.dll
0x00007ffc64a80000 - 0x00007ffc65214000 	C:\WINDOWS\SYSTEM32\windows.storage.dll
0x00007ffc681a0000 - 0x00007ffc684f5000 	C:\WINDOWS\System32\combase.dll
0x00007ffc65dc0000 - 0x00007ffc65dee000 	C:\WINDOWS\SYSTEM32\Wldp.dll
0x00007ffc68b40000 - 0x00007ffc68bed000 	C:\WINDOWS\System32\SHCORE.dll
0x00007ffc68950000 - 0x00007ffc689a5000 	C:\WINDOWS\System32\shlwapi.dll
0x00007ffc66460000 - 0x00007ffc6647f000 	C:\WINDOWS\SYSTEM32\profapi.dll
0x00007ffc4a080000 - 0x00007ffc4a099000 	C:\Program Files\Java\jdk-16.0.2\bin\net.dll
0x00007ffc58070000 - 0x00007ffc5817c000 	C:\WINDOWS\SYSTEM32\WINHTTP.dll
0x00007ffc65ba0000 - 0x00007ffc65c0a000 	C:\WINDOWS\system32\mswsock.dll
0x00007ffc4a060000 - 0x00007ffc4a073000 	C:\Program Files\Java\jdk-16.0.2\bin\nio.dll
0x00007ffc4a040000 - 0x00007ffc4a058000 	C:\Program Files\Java\jdk-16.0.2\bin\zip.dll
0x00007ffc54660000 - 0x00007ffc54670000 	C:\Program Files\Java\jdk-16.0.2\bin\verify.dll
0x00007ffc5ac10000 - 0x00007ffc5ac37000 	C:\Users\halag\Documents\cs\year_project\locationReminder\.gradle\native\8bec1ad78214c89d9ad589b4d07fe93259594b29d510b10fafb7a158f7737e5d\windows-amd64\native-platform.dll
0x00007ffc3c8b0000 - 0x00007ffc3c9ed000 	C:\Users\halag\Documents\cs\year_project\locationReminder\.gradle\native\53dbd7edfb1c66fb8903c78663c9afc45aea4f116125fa6feffd364cf09443e8\windows-amd64\native-platform-file-events.dll
0x00007ffc43390000 - 0x00007ffc43399000 	C:\Program Files\Java\jdk-16.0.2\bin\management.dll
0x00007ffc43380000 - 0x00007ffc4338b000 	C:\Program Files\Java\jdk-16.0.2\bin\management_ext.dll
0x00007ffc65e00000 - 0x00007ffc65e18000 	C:\WINDOWS\SYSTEM32\CRYPTSP.dll
0x00007ffc65540000 - 0x00007ffc65574000 	C:\WINDOWS\system32\rsaenh.dll
0x00007ffc66950000 - 0x00007ffc66977000 	C:\WINDOWS\System32\bcrypt.dll
0x00007ffc663e0000 - 0x00007ffc6640e000 	C:\WINDOWS\SYSTEM32\USERENV.dll
0x00007ffc65d30000 - 0x00007ffc65d3c000 	C:\WINDOWS\SYSTEM32\CRYPTBASE.dll
0x00007ffc658b0000 - 0x00007ffc658eb000 	C:\WINDOWS\SYSTEM32\IPHLPAPI.DLL
0x00007ffc68b10000 - 0x00007ffc68b18000 	C:\WINDOWS\System32\NSI.dll
0x00007ffc60e50000 - 0x00007ffc60e67000 	C:\WINDOWS\SYSTEM32\dhcpcsvc6.DLL
0x00007ffc60e20000 - 0x00007ffc60e3d000 	C:\WINDOWS\SYSTEM32\dhcpcsvc.DLL
0x00007ffc658f0000 - 0x00007ffc659bb000 	C:\WINDOWS\SYSTEM32\DNSAPI.dll
0x00007ffc43370000 - 0x00007ffc4337e000 	C:\Program Files\Java\jdk-16.0.2\bin\sunmscapi.dll
0x00007ffc666e0000 - 0x00007ffc66836000 	C:\WINDOWS\System32\CRYPT32.dll
0x00007ffc65f70000 - 0x00007ffc65f97000 	C:\WINDOWS\SYSTEM32\ncrypt.dll
0x00007ffc65f30000 - 0x00007ffc65f6b000 	C:\WINDOWS\SYSTEM32\NTASN1.dll
0x00007ffc43360000 - 0x00007ffc43367000 	C:\WINDOWS\system32\wshunix.dll

dbghelp: loaded successfully - version: 4.0.5 - missing functions: none
symbol engine: initialized successfully - sym options: 0x614 - pdb path: .;C:\Program Files\Java\jdk-16.0.2\bin;C:\WINDOWS\SYSTEM32;C:\WINDOWS\WinSxS\amd64_microsoft.windows.common-controls_6595b64144ccf1df_6.0.19041.1110_none_60b5254171f9507e;C:\Program Files\Java\jdk-16.0.2\bin\server;C:\Users\halag\Documents\cs\year_project\locationReminder\.gradle\native\8bec1ad78214c89d9ad589b4d07fe93259594b29d510b10fafb7a158f7737e5d\windows-amd64;C:\Users\halag\Documents\cs\year_project\locationReminder\.gradle\native\53dbd7edfb1c66fb8903c78663c9afc45aea4f116125fa6feffd364cf09443e8\windows-amd64

VM Arguments:
jvm_args: --add-opens=java.base/java.util=ALL-UNNAMED --add-opens=java.base/java.lang=ALL-UNNAMED --add-opens=java.base/java.lang.invoke=ALL-UNNAMED --add-opens=java.base/java.util=ALL-UNNAMED --add-opens=java.prefs/java.util.prefs=ALL-UNNAMED --add-opens=java.prefs/java.util.prefs=ALL-UNNAMED --add-opens=java.base/java.nio.charset=ALL-UNNAMED --add-opens=java.base/java.net=ALL-UNNAMED --add-opens=java.base/java.util.concurrent.atomic=ALL-UNNAMED -Xmx2048m -Dfile.encoding=UTF-8 -Duser.country=GB -Duser.language=en -Duser.variant 
java_command: org.gradle.launcher.daemon.bootstrap.GradleDaemon 7.0.2
java_class_path (initial): C:\Users\halag\Documents\cs\year_project\locationReminder\.gradle\wrapper\dists\gradle-7.0.2-bin\857tjihv64xamwrf0h14cai3r\gradle-7.0.2\lib\gradle-launcher-7.0.2.jar
Launcher Type: SUN_STANDARD

[Global flags]
     intx CICompilerCount                          = 3                                         {product} {ergonomic}
     uint ConcGCThreads                            = 1                                         {product} {ergonomic}
     uint G1ConcRefinementThreads                  = 4                                         {product} {ergonomic}
   size_t G1HeapRegionSize                         = 1048576                                   {product} {ergonomic}
    uintx GCDrainStackTargetSize                   = 64                                        {product} {ergonomic}
   size_t InitialHeapSize                          = 268435456                                 {product} {ergonomic}
   size_t MarkStackSize                            = 4194304                                   {product} {ergonomic}
   size_t MaxHeapSize                              = 2147483648                                {product} {command line}
   size_t MaxNewSize                               = 1287651328                                {product} {ergonomic}
   size_t MinHeapDeltaBytes                        = 1048576                                   {product} {ergonomic}
   size_t MinHeapSize                              = 8388608                                   {product} {ergonomic}
    uintx NonNMethodCodeHeapSize                   = 5832780                                {pd product} {ergonomic}
    uintx NonProfiledCodeHeapSize                  = 122912730                              {pd product} {ergonomic}
    uintx ProfiledCodeHeapSize                     = 122912730                              {pd product} {ergonomic}
    uintx ReservedCodeCacheSize                    = 251658240                              {pd product} {ergonomic}
     bool SegmentedCodeCache                       = true                                      {product} {ergonomic}
   size_t SoftMaxHeapSize                          = 2147483648                             {manageable} {ergonomic}
     bool UseCompressedClassPointers               = true                           {product lp64_product} {ergonomic}
     bool UseCompressedOops                        = true                           {product lp64_product} {ergonomic}
     bool UseG1GC                                  = true                                      {product} {ergonomic}
     bool UseLargePagesIndividualAllocation        = false                                  {pd product} {ergonomic}

Logging:
Log output configuration:
 #0: stdout all=warning uptime,level,tags
 #1: stderr all=off uptime,level,tags

Environment Variables:
JAVA_HOME=C:\Program Files\Java\jdk-11.0.12
PATH=C:\Program Files\Common Files\Oracle\Java\javapath;C:\WINDOWS\system32;C:\WINDOWS;C:\WINDOWS\System32\Wbem;C:\WINDOWS\System32\WindowsPowerShell\v1.0\;C:\WINDOWS\System32\OpenSSH\;C:\Program Files\Intel\WiFi\bin\;C:\Program Files\Common Files\Intel\WirelessCommon\;C:\MinGW\bin;C:\Users\halag\Documents\cs\python\PyCharm Community Edition 2020.3.4;C:\Users\halag\AppData\Roaming\Microsoft\Windows\Start Menu\Programs\Python 3.9;C:\Users\halag\AppData\Local\Programs\Python\Python39;C:\Program Files (x86)\Intel\Intel(R) Management Engine Components\DAL;C:\Program Files\Intel\Intel(R) Management Engine Components\DAL;C:\Git\cmd;C:\Program Files\Java\jdk-11.0.12\bin\;C:\Users\halag\AppData\Local\Programs\Python\Python39\Scripts\;C:\minikube;C:\Users\halag\helm;C:\Users\halag\AppData\Local\Microsoft\WindowsApps;C:\Program Files (x86)\Dr. Memory\bin\;C:\Program Files\Intel\WiFi\bin\;C:\Program Files\Common Files\Intel\WirelessCommon\;C:\Users\halag\AppData\Local\GitHubDesktop\bin;C:\Users\halag\Documents\cs\winter2020\machine_learning\PyCharm Community Edition 2020.3\bin;;C:\Users\halag\AppData\Local\Android\Sdk\platform-tools;C:\Users\halag\AppData\Local\Android\Sdk;C:\Users\halag\AppData\Local\Programs\Microsoft VS Code\bin;C:\Program Files\Java\jdk-11.0.12\bin;C:\Users\halag\AppData\Local\Programs\Python\Python39\Scripts;C:\Users\halag\terraform;C:\Program Files\Java\jdk-17.0.1\bin;C:\Program Files\Java\jdk-16.0.2\bin;
USERNAME=halag
OS=Windows_NT
PROCESSOR_IDENTIFIER=Intel64 Family 6 Model 142 Stepping 9, GenuineIntel



---------------  S Y S T E M  ---------------

OS:
 Windows 10 , 64 bit Build 19041 (10.0.19041.1348)
OS uptime: 3 days 4:50 hours
Hyper-V role detected

CPU: total 4 (initial active 4) (2 cores per cpu, 2 threads per core) family 6 model 142 stepping 9 microcode 0xb4, cx8, cmov, fxsr, ht, mmx, 3dnowpref, sse, sse2, sse3, ssse3, sse4.1, sse4.2, popcnt, lzcnt, tsc, tscinvbit, avx, avx2, aes, erms, clmul, bmi1, bmi2, adx, fma, vzeroupper, clflush, clflushopt, hv

Memory: 4k page, system-wide physical 16281M (2414M free)
TotalPageFile size 17521M (AvailPageFile size 7M)
current process WorkingSet (physical memory assigned to process): 594M, peak: 594M
current process commit charge ("private bytes"): 655M, peak: 658M

vm_info: Java HotSpot(TM) 64-Bit Server VM (16.0.2+7-67) for windows-amd64 JRE (16.0.2+7-67), built on Jun  8 2021 23:24:19 by "mach5one" with MS VC++ 16.7 (VS2019)

END.
