#
# There is insufficient memory for the Java Runtime Environment to continue.
# Native memory allocation (malloc) failed to allocate 2159056 bytes for Chunk::new
# Possible reasons:
#   The system is out of physical RAM or swap space
#   The process is running with CompressedOops enabled, and the Java Heap may be blocking the growth of the native heap
# Possible solutions:
#   Reduce memory load on the system
#   Increase physical memory or swap space
#   Check if swap backing store is full
#   Decrease Java heap size (-Xmx/-Xms)
#   Decrease number of Java threads
#   Decrease Java thread stack sizes (-Xss)
#   Set larger code cache with -XX:ReservedCodeCacheSize=
#   JVM is running with Unscaled Compressed Oops mode in which the Java heap is
#     placed in the first 4GB address space. The Java Heap base address is the
#     maximum limit for the native heap growth. Please use -XX:HeapBaseMinAddress
#     to set the Java Heap base and to place the Java Heap above 4GB virtual address.
# This output file may be truncated or incomplete.
#
#  Out of Memory Error (arena.cpp:195), pid=12456, tid=13376
#
# JRE version: Java(TM) SE Runtime Environment (16.0.2+7) (build 16.0.2+7-67)
# Java VM: Java HotSpot(TM) 64-Bit Server VM (16.0.2+7-67, mixed mode, sharing, tiered, compressed oops, compressed class ptrs, g1 gc, windows-amd64)
# No core dump will be written. Minidumps are not enabled by default on client versions of Windows
#

---------------  S U M M A R Y ------------

Command Line: --add-opens=java.base/java.util=ALL-UNNAMED --add-opens=java.base/java.lang=ALL-UNNAMED --add-opens=java.base/java.lang.invoke=ALL-UNNAMED --add-opens=java.base/java.util=ALL-UNNAMED --add-opens=java.prefs/java.util.prefs=ALL-UNNAMED --add-opens=java.prefs/java.util.prefs=ALL-UNNAMED --add-opens=java.base/java.nio.charset=ALL-UNNAMED --add-opens=java.base/java.net=ALL-UNNAMED --add-opens=java.base/java.util.concurrent.atomic=ALL-UNNAMED -Xmx2048m -Dfile.encoding=UTF-8 -Duser.country=GB -Duser.language=en -Duser.variant org.gradle.launcher.daemon.bootstrap.GradleDaemon 7.0.2

Host: Intel(R) Core(TM) i5-7200U CPU @ 2.50GHz, 4 cores, 15G,  Windows 10 , 64 bit Build 19041 (10.0.19041.1348)
Time: Wed Dec  1 14:04:27 2021 Jerusalem Standard Time elapsed time: 24.399275 seconds (0d 0h 0m 24s)

---------------  T H R E A D  ---------------

Current thread (0x000001cf2f4c48d0):  JavaThread "C2 CompilerThread0" daemon [_thread_in_native, id=13376, stack(0x000000167c800000,0x000000167c900000)]


Current CompileTask:
C2:  24399 13549       4       com.android.tools.r8.internal.T6::a (4191 bytes)

Stack: [0x000000167c800000,0x000000167c900000]
Native frames: (J=compiled Java code, j=interpreted, Vv=VM code, C=native code)
V  [jvm.dll+0x6681ca]
V  [jvm.dll+0x7c9e69]
V  [jvm.dll+0x7cb61e]
V  [jvm.dll+0x7cbc73]
V  [jvm.dll+0x242c55]
V  [jvm.dll+0xadeba]
V  [jvm.dll+0xae45c]
V  [jvm.dll+0x35a882]
V  [jvm.dll+0x324de1]
V  [jvm.dll+0x32428a]
V  [jvm.dll+0x215cec]
V  [jvm.dll+0x215100]
V  [jvm.dll+0x1a1beb]
V  [jvm.dll+0x225158]
V  [jvm.dll+0x22319c]
V  [jvm.dll+0x77fa62]
V  [jvm.dll+0x7795aa]
V  [jvm.dll+0x667066]
C  [ucrtbase.dll+0x21bb2]
C  [KERNEL32.DLL+0x17034]
C  [ntdll.dll+0x52651]


---------------  P R O C E S S  ---------------

Threads class SMR info:
_java_thread_list=0x000001cf383aadb0, length=55, elements={
0x000001cf11c60660, 0x000001cf2f4a8570, 0x000001cf2f4a9820, 0x000001cf2f4b6390,
0x000001cf2f4b6da0, 0x000001cf2f4b9e60, 0x000001cf2f4baf10, 0x000001cf2f4c48d0,
0x000001cf2f4c8a90, 0x000001cf2f4d3f70, 0x000001cf300ed200, 0x000001cf300f5730,
0x000001cf302e0cd0, 0x000001cf312574a0, 0x000001cf31fc4590, 0x000001cf30baf930,
0x000001cf31c21790, 0x000001cf32aecdf0, 0x000001cf314d11b0, 0x000001cf314d3190,
0x000001cf314d36e0, 0x000001cf314d21a0, 0x000001cf314d3c30, 0x000001cf314d46d0,
0x000001cf314d1700, 0x000001cf314d1c50, 0x000001cf314d4180, 0x000001cf318189a0,
0x000001cf3181b970, 0x000001cf3181d400, 0x000001cf3181bec0, 0x000001cf31818ef0,
0x000001cf3181b420, 0x000001cf31819440, 0x000001cf3181a430, 0x000001cf31819990,
0x000001cf31818450, 0x000001cf3181a980, 0x000001cf3181aed0, 0x000001cf31816470,
0x000001cf3181ceb0, 0x000001cf318159d0, 0x000001cf31815f20, 0x000001cf32b58460,
0x000001cf32b534b0, 0x000001cf32b514d0, 0x000001cf32b50a30, 0x000001cf32b56f20,
0x000001cf32b52a10, 0x000001cf32b57470, 0x000001cf32b55f30, 0x000001cf32b544a0,
0x000001cf32b54f40, 0x000001cf32b579c0, 0x000001cf314d26f0
}

Java Threads: ( => current thread )
  0x000001cf11c60660 JavaThread "main" [_thread_blocked, id=2700, stack(0x000000167bb00000,0x000000167bc00000)]
  0x000001cf2f4a8570 JavaThread "Reference Handler" daemon [_thread_blocked, id=9476, stack(0x000000167c200000,0x000000167c300000)]
  0x000001cf2f4a9820 JavaThread "Finalizer" daemon [_thread_blocked, id=14888, stack(0x000000167c300000,0x000000167c400000)]
  0x000001cf2f4b6390 JavaThread "Signal Dispatcher" daemon [_thread_blocked, id=16832, stack(0x000000167c400000,0x000000167c500000)]
  0x000001cf2f4b6da0 JavaThread "Attach Listener" daemon [_thread_blocked, id=6996, stack(0x000000167c500000,0x000000167c600000)]
  0x000001cf2f4b9e60 JavaThread "Service Thread" daemon [_thread_blocked, id=13448, stack(0x000000167c600000,0x000000167c700000)]
  0x000001cf2f4baf10 JavaThread "Monitor Deflation Thread" daemon [_thread_blocked, id=12840, stack(0x000000167c700000,0x000000167c800000)]
=>0x000001cf2f4c48d0 JavaThread "C2 CompilerThread0" daemon [_thread_in_native, id=13376, stack(0x000000167c800000,0x000000167c900000)]
  0x000001cf2f4c8a90 JavaThread "C1 CompilerThread0" daemon [_thread_in_native, id=2460, stack(0x000000167c900000,0x000000167ca00000)]
  0x000001cf2f4d3f70 JavaThread "Sweeper thread" daemon [_thread_blocked, id=8812, stack(0x000000167ca00000,0x000000167cb00000)]
  0x000001cf300ed200 JavaThread "Common-Cleaner" daemon [_thread_blocked, id=18416, stack(0x000000167cb00000,0x000000167cc00000)]
  0x000001cf300f5730 JavaThread "Notification Thread" daemon [_thread_blocked, id=7740, stack(0x000000167cc00000,0x000000167cd00000)]
  0x000001cf302e0cd0 JavaThread "C2 CompilerThread1" daemon [_thread_in_vm, id=12760, stack(0x000000167ce00000,0x000000167cf00000)]
  0x000001cf312574a0 JavaThread "Daemon health stats" [_thread_blocked, id=16184, stack(0x000000167d200000,0x000000167d300000)]
  0x000001cf31fc4590 JavaThread "Incoming local TCP Connector on port 56971" [_thread_in_native, id=4456, stack(0x000000167d300000,0x000000167d400000)]
  0x000001cf30baf930 JavaThread "Daemon periodic checks" [_thread_blocked, id=2396, stack(0x000000167d400000,0x000000167d500000)]
  0x000001cf31c21790 JavaThread "Daemon" [_thread_blocked, id=15380, stack(0x000000167d500000,0x000000167d600000)]
  0x000001cf32aecdf0 JavaThread "Handler for socket connection from /127.0.0.1:56971 to /127.0.0.1:56972" [_thread_in_native, id=11744, stack(0x000000167d600000,0x000000167d700000)]
  0x000001cf314d11b0 JavaThread "Cancel handler" [_thread_blocked, id=14344, stack(0x000000167d700000,0x000000167d800000)]
  0x000001cf314d3190 JavaThread "Daemon worker" [_thread_blocked, id=7780, stack(0x000000167d800000,0x000000167d900000)]
  0x000001cf314d36e0 JavaThread "Asynchronous log dispatcher for DefaultDaemonConnection: socket connection from /127.0.0.1:56971 to /127.0.0.1:56972" [_thread_blocked, id=5136, stack(0x000000167d900000,0x000000167da00000)]
  0x000001cf314d21a0 JavaThread "Stdin handler" [_thread_blocked, id=15068, stack(0x000000167da00000,0x000000167db00000)]
  0x000001cf314d3c30 JavaThread "Daemon client event forwarder" [_thread_blocked, id=13720, stack(0x000000167db00000,0x000000167dc00000)]
  0x000001cf314d46d0 JavaThread "Cache worker for file hash cache (C:\Users\halag\Documents\cs\year_project\locationReminder\.gradle\caches\7.0.2\fileHashes)" [_thread_blocked, id=14248, stack(0x000000167dc00000,0x000000167dd00000)]
  0x000001cf314d1700 JavaThread "File lock request listener" [_thread_in_native, id=6552, stack(0x000000167dd00000,0x000000167de00000)]
  0x000001cf314d1c50 JavaThread "Cache worker for journal cache (C:\Users\halag\Documents\cs\year_project\locationReminder\.gradle\caches\journal-1)" [_thread_blocked, id=9880, stack(0x000000167de00000,0x000000167df00000)]
  0x000001cf314d4180 JavaThread "Cache worker for file hash cache (C:\Users\halag\Documents\cs\year_project\locationReminder\.gradle\7.0.2\fileHashes)" [_thread_blocked, id=2720, stack(0x000000167df00000,0x000000167e000000)]
  0x000001cf318189a0 JavaThread "File watcher server" daemon [_thread_in_native, id=2648, stack(0x000000167e000000,0x000000167e100000)]
  0x000001cf3181b970 JavaThread "File watcher consumer" daemon [_thread_blocked, id=2292, stack(0x000000167e100000,0x000000167e200000)]
  0x000001cf3181d400 JavaThread "Cache worker for checksums cache (C:\Users\halag\Documents\cs\year_project\locationReminder\.gradle\checksums)" [_thread_blocked, id=14572, stack(0x000000167e200000,0x000000167e300000)]
  0x000001cf3181bec0 JavaThread "Cache worker for cache directory md-supplier (C:\Users\halag\Documents\cs\year_project\locationReminder\.gradle\caches\7.0.2\md-supplier)" [_thread_blocked, id=7556, stack(0x000000167e300000,0x000000167e400000)]
  0x000001cf31818ef0 JavaThread "Cache worker for cache directory md-rule (C:\Users\halag\Documents\cs\year_project\locationReminder\.gradle\caches\7.0.2\md-rule)" [_thread_blocked, id=8840, stack(0x000000167e400000,0x000000167e500000)]
  0x000001cf3181b420 JavaThread "Cache worker for execution history cache (C:\Users\halag\Documents\cs\year_project\locationReminder\.gradle\caches\7.0.2\executionHistory)" [_thread_blocked, id=15632, stack(0x000000167e500000,0x000000167e600000)]
  0x000001cf31819440 JavaThread "jar transforms" [_thread_blocked, id=8912, stack(0x000000167e600000,0x000000167e700000)]
  0x000001cf3181a430 JavaThread "jar transforms Thread 2" [_thread_blocked, id=8984, stack(0x000000167e700000,0x000000167e800000)]
  0x000001cf31819990 JavaThread "Cache worker for file content cache (C:\Users\halag\Documents\cs\year_project\locationReminder\.gradle\caches\7.0.2\fileContent)" [_thread_blocked, id=10224, stack(0x000000167e800000,0x000000167e900000)]
  0x000001cf31818450 JavaThread "Cache worker for dependencies-accessors (C:\Users\halag\Documents\cs\year_project\locationReminder\.gradle\7.0.2\dependencies-accessors)" [_thread_blocked, id=10536, stack(0x000000167e900000,0x000000167ea00000)]
  0x000001cf3181a980 JavaThread "jar transforms Thread 3" [_thread_blocked, id=2892, stack(0x000000167ea00000,0x000000167eb00000)]
  0x000001cf3181aed0 JavaThread "Cache worker for Build Output Cleanup Cache (C:\Users\halag\Documents\cs\year_project\locationReminder\.gradle\buildOutputCleanup)" [_thread_blocked, id=9888, stack(0x000000167eb00000,0x000000167ec00000)]
  0x000001cf31816470 JavaThread "Build operations" [_thread_in_native, id=11136, stack(0x000000167ec00000,0x000000167ed00000)]
  0x000001cf3181ceb0 JavaThread "Build operations Thread 2" [_thread_in_Java, id=16204, stack(0x000000167ed00000,0x000000167ee00000)]
  0x000001cf318159d0 JavaThread "Build operations Thread 3" [_thread_in_vm, id=2488, stack(0x000000167ee00000,0x000000167ef00000)]
  0x000001cf31815f20 JavaThread "Build operations Thread 4" [_thread_blocked, id=10428, stack(0x000000167ef00000,0x000000167f000000)]
  0x000001cf32b58460 JavaThread "jar transforms Thread 4" [_thread_blocked, id=15828, stack(0x000000167f000000,0x000000167f100000)]
  0x000001cf32b534b0 JavaThread "Memory manager" [_thread_blocked, id=2420, stack(0x000000167f100000,0x000000167f200000)]
  0x000001cf32b514d0 JavaThread "build event listener" [_thread_blocked, id=4700, stack(0x000000167f200000,0x000000167f300000)]
  0x000001cf32b50a30 JavaThread "pool-3-thread-1" [_thread_blocked, id=11332, stack(0x000000167f300000,0x000000167f400000)]
  0x000001cf32b56f20 JavaThread "build event listener" [_thread_blocked, id=8340, stack(0x000000167f400000,0x000000167f500000)]
  0x000001cf32b52a10 JavaThread "Execution worker for ':'" [_thread_blocked, id=1756, stack(0x000000167f500000,0x000000167f600000)]
  0x000001cf32b57470 JavaThread "Execution worker for ':' Thread 2" [_thread_blocked, id=7800, stack(0x000000167f600000,0x000000167f700000)]
  0x000001cf32b55f30 JavaThread "Execution worker for ':' Thread 3" [_thread_blocked, id=5996, stack(0x000000167f700000,0x000000167f800000)]
  0x000001cf32b544a0 JavaThread "Cache worker for execution history cache (C:\Users\halag\Documents\cs\year_project\locationReminder\.gradle\7.0.2\executionHistory)" [_thread_blocked, id=9628, stack(0x000000167f800000,0x000000167f900000)]
  0x000001cf32b54f40 JavaThread "WorkerExecutor Queue" [_thread_blocked, id=2232, stack(0x000000167f900000,0x000000167fa00000)]
  0x000001cf32b579c0 JavaThread "WorkerExecutor Queue Thread 2" [_thread_blocked, id=17236, stack(0x000000167fa00000,0x000000167fb00000)]
  0x000001cf314d26f0 JavaThread "WorkerExecutor Queue Thread 3" [_thread_blocked, id=6452, stack(0x000000167fb00000,0x000000167fc00000)]

Other Threads:
  0x000001cf2f49cfa0 VMThread "VM Thread" [stack: 0x000000167c100000,0x000000167c200000] [id=2484]
  0x000001cf300f5c50 WatcherThread [stack: 0x000000167cd00000,0x000000167ce00000] [id=1960]
  0x000001cf11c9eaa0 GCTaskThread "GC Thread#0" [stack: 0x000000167bc00000,0x000000167bd00000] [id=16716]
  0x000001cf3050c440 GCTaskThread "GC Thread#1" [stack: 0x000000167cf00000,0x000000167d000000] [id=13592]
  0x000001cf306a7c50 GCTaskThread "GC Thread#2" [stack: 0x000000167d000000,0x000000167d100000] [id=4144]
  0x000001cf309f15e0 GCTaskThread "GC Thread#3" [stack: 0x000000167d100000,0x000000167d200000] [id=5128]
  0x000001cf11caf990 ConcurrentGCThread "G1 Main Marker" [stack: 0x000000167bd00000,0x000000167be00000] [id=10520]
  0x000001cf11cb19e0 ConcurrentGCThread "G1 Conc#0" [stack: 0x000000167be00000,0x000000167bf00000] [id=14972]
  0x000001cf11d3c9c0 ConcurrentGCThread "G1 Refine#0" [stack: 0x000000167bf00000,0x000000167c000000] [id=13524]
  0x000001cf382ada60 ConcurrentGCThread "G1 Refine#1" [stack: 0x000000167fc00000,0x000000167fd00000] [id=128]
  0x000001cf382ad3e0 ConcurrentGCThread "G1 Refine#2" [stack: 0x000000167fd00000,0x000000167fe00000] [id=1548]
  0x000001cf11d3d270 ConcurrentGCThread "G1 Service" [stack: 0x000000167c000000,0x000000167c100000] [id=8716]

Threads with active compile tasks:
C2 CompilerThread0    24446 13549       4       com.android.tools.r8.internal.T6::a (4191 bytes)
C1 CompilerThread0    24446 13864 %     3       com.android.tools.r8.graph.c0::a @ 4 (89 bytes)
C2 CompilerThread1    24446 13800       4       java.util.Collections$SetFromMap::<init> (39 bytes)

VM state: not at safepoint (normal execution)

VM Mutex/Monitor currently owned by a thread: None

Heap address: 0x0000000080000000, size: 2048 MB, Compressed Oops mode: 32-bit

CDS archive(s) mapped at: [0x0000000800000000-0x0000000800bb0000-0x0000000800bb0000), size 12255232, SharedBaseAddress: 0x0000000800000000, ArchiveRelocationMode: 0.
Compressed class space mapped at: 0x0000000800c00000-0x0000000840c00000, reserved size: 1073741824
Narrow klass base: 0x0000000800000000, Narrow klass shift: 3, Narrow klass range: 0x100000000

GC Precious Log:
 CPUs: 4 total, 4 available
 Memory: 16281M
 Large Page Support: Disabled
 NUMA Support: Disabled
 Compressed Oops: Enabled (32-bit)
 Heap Region Size: 1M
 Heap Min Capacity: 8M
 Heap Initial Capacity: 256M
 Heap Max Capacity: 2G
 Pre-touch: Disabled
 Parallel Workers: 4
 Concurrent Workers: 1
 Concurrent Refinement Workers: 4
 Periodic GC: Disabled

Heap:
 garbage-first heap   total 352256K, used 194408K [0x0000000080000000, 0x0000000100000000)
  region size 1024K, 78 young (79872K), 21 survivors (21504K)
 Metaspace       used 89668K, committed 90304K, reserved 1130496K
  class space    used 12055K, committed 12352K, reserved 1048576K

Heap Regions: E=young(eden), S=young(survivor), O=old, HS=humongous(starts), HC=humongous(continues), CS=collection set, F=free, OA=open archive, CA=closed archive, TAMS=top-at-mark-start (previous, next)
|   0|0x0000000080000000, 0x0000000080100000, 0x0000000080100000|100%|HS|  |TAMS 0x0000000080100000, 0x0000000080000000| Complete 
|   1|0x0000000080100000, 0x0000000080200000, 0x0000000080200000|100%|HC|  |TAMS 0x0000000080200000, 0x0000000080100000| Complete 
|   2|0x0000000080200000, 0x0000000080300000, 0x0000000080300000|100%|HC|  |TAMS 0x0000000080300000, 0x0000000080200000| Complete 
|   3|0x0000000080300000, 0x0000000080400000, 0x0000000080400000|100%| O|  |TAMS 0x0000000080400000, 0x0000000080300000| Untracked 
|   4|0x0000000080400000, 0x0000000080500000, 0x0000000080500000|100%| O|  |TAMS 0x0000000080500000, 0x0000000080400000| Untracked 
|   5|0x0000000080500000, 0x0000000080600000, 0x0000000080600000|100%| O|  |TAMS 0x0000000080600000, 0x0000000080500000| Untracked 
|   6|0x0000000080600000, 0x0000000080700000, 0x0000000080700000|100%| O|  |TAMS 0x0000000080700000, 0x0000000080600000| Untracked 
|   7|0x0000000080700000, 0x0000000080800000, 0x0000000080800000|100%| O|  |TAMS 0x0000000080800000, 0x0000000080700000| Untracked 
|   8|0x0000000080800000, 0x0000000080900000, 0x0000000080900000|100%| O|  |TAMS 0x0000000080900000, 0x0000000080800000| Untracked 
|   9|0x0000000080900000, 0x000000008094a000, 0x0000000080a00000| 28%| O|  |TAMS 0x000000008094a000, 0x0000000080900000| Untracked 
|  10|0x0000000080a00000, 0x0000000080b00000, 0x0000000080b00000|100%| O|  |TAMS 0x0000000080b00000, 0x0000000080a00000| Untracked 
|  11|0x0000000080b00000, 0x0000000080c00000, 0x0000000080c00000|100%| O|  |TAMS 0x0000000080c00000, 0x0000000080b00000| Untracked 
|  12|0x0000000080c00000, 0x0000000080d00000, 0x0000000080d00000|100%| O|  |TAMS 0x0000000080d00000, 0x0000000080c00000| Untracked 
|  13|0x0000000080d00000, 0x0000000080e00000, 0x0000000080e00000|100%| O|  |TAMS 0x0000000080e00000, 0x0000000080d00000| Untracked 
|  14|0x0000000080e00000, 0x0000000080f00000, 0x0000000080f00000|100%| O|  |TAMS 0x0000000080f00000, 0x0000000080e00000| Untracked 
|  15|0x0000000080f00000, 0x0000000081000000, 0x0000000081000000|100%| O|  |TAMS 0x0000000081000000, 0x0000000080f00000| Untracked 
|  16|0x0000000081000000, 0x0000000081100000, 0x0000000081100000|100%| O|  |TAMS 0x0000000081100000, 0x0000000081000000| Untracked 
|  17|0x0000000081100000, 0x0000000081200000, 0x0000000081200000|100%| O|  |TAMS 0x0000000081200000, 0x0000000081100000| Untracked 
|  18|0x0000000081200000, 0x0000000081300000, 0x0000000081300000|100%| O|  |TAMS 0x0000000081300000, 0x0000000081200000| Untracked 
|  19|0x0000000081300000, 0x0000000081400000, 0x0000000081400000|100%| O|  |TAMS 0x0000000081400000, 0x0000000081300000| Untracked 
|  20|0x0000000081400000, 0x0000000081500000, 0x0000000081500000|100%| O|  |TAMS 0x0000000081500000, 0x0000000081400000| Untracked 
|  21|0x0000000081500000, 0x0000000081600000, 0x0000000081600000|100%| O|  |TAMS 0x0000000081600000, 0x0000000081500000| Untracked 
|  22|0x0000000081600000, 0x0000000081700000, 0x0000000081700000|100%| O|  |TAMS 0x0000000081700000, 0x0000000081600000| Untracked 
|  23|0x0000000081700000, 0x0000000081800000, 0x0000000081800000|100%| O|  |TAMS 0x0000000081800000, 0x0000000081700000| Untracked 
|  24|0x0000000081800000, 0x0000000081900000, 0x0000000081900000|100%| O|  |TAMS 0x0000000081900000, 0x0000000081800000| Untracked 
|  25|0x0000000081900000, 0x0000000081a00000, 0x0000000081a00000|100%| O|  |TAMS 0x0000000081a00000, 0x0000000081900000| Untracked 
|  26|0x0000000081a00000, 0x0000000081b00000, 0x0000000081b00000|100%| O|  |TAMS 0x0000000081b00000, 0x0000000081a00000| Untracked 
|  27|0x0000000081b00000, 0x0000000081c00000, 0x0000000081c00000|100%|HS|  |TAMS 0x0000000081c00000, 0x0000000081b00000| Complete 
|  28|0x0000000081c00000, 0x0000000081d00000, 0x0000000081d00000|100%|HS|  |TAMS 0x0000000081d00000, 0x0000000081c00000| Complete 
|  29|0x0000000081d00000, 0x0000000081e00000, 0x0000000081e00000|100%| O|  |TAMS 0x0000000081e00000, 0x0000000081d00000| Untracked 
|  30|0x0000000081e00000, 0x0000000081f00000, 0x0000000081f00000|100%| O|  |TAMS 0x0000000081f00000, 0x0000000081e00000| Untracked 
|  31|0x0000000081f00000, 0x0000000082000000, 0x0000000082000000|100%| O|  |TAMS 0x0000000082000000, 0x0000000081f00000| Untracked 
|  32|0x0000000082000000, 0x0000000082100000, 0x0000000082100000|100%|HS|  |TAMS 0x0000000082100000, 0x0000000082000000| Complete 
|  33|0x0000000082100000, 0x0000000082200000, 0x0000000082200000|100%|HC|  |TAMS 0x0000000082200000, 0x0000000082100000| Complete 
|  34|0x0000000082200000, 0x0000000082300000, 0x0000000082300000|100%| O|  |TAMS 0x0000000082300000, 0x0000000082200000| Untracked 
|  35|0x0000000082300000, 0x0000000082400000, 0x0000000082400000|100%| O|  |TAMS 0x0000000082400000, 0x0000000082300000| Untracked 
|  36|0x0000000082400000, 0x0000000082500000, 0x0000000082500000|100%| O|  |TAMS 0x0000000082500000, 0x0000000082400000| Untracked 
|  37|0x0000000082500000, 0x0000000082600000, 0x0000000082600000|100%| O|  |TAMS 0x0000000082600000, 0x0000000082500000| Untracked 
|  38|0x0000000082600000, 0x0000000082700000, 0x0000000082700000|100%| O|  |TAMS 0x0000000082700000, 0x0000000082600000| Untracked 
|  39|0x0000000082700000, 0x0000000082800000, 0x0000000082800000|100%| O|  |TAMS 0x0000000082800000, 0x0000000082700000| Untracked 
|  40|0x0000000082800000, 0x0000000082900000, 0x0000000082900000|100%| O|  |TAMS 0x0000000082900000, 0x0000000082800000| Untracked 
|  41|0x0000000082900000, 0x0000000082a00000, 0x0000000082a00000|100%| O|  |TAMS 0x0000000082a00000, 0x0000000082900000| Untracked 
|  42|0x0000000082a00000, 0x0000000082b00000, 0x0000000082b00000|100%| O|  |TAMS 0x0000000082b00000, 0x0000000082a00000| Untracked 
|  43|0x0000000082b00000, 0x0000000082c00000, 0x0000000082c00000|100%| O|  |TAMS 0x0000000082c00000, 0x0000000082b00000| Untracked 
|  44|0x0000000082c00000, 0x0000000082d00000, 0x0000000082d00000|100%| O|  |TAMS 0x0000000082d00000, 0x0000000082c00000| Untracked 
|  45|0x0000000082d00000, 0x0000000082e00000, 0x0000000082e00000|100%| O|  |TAMS 0x0000000082e00000, 0x0000000082d00000| Untracked 
|  46|0x0000000082e00000, 0x0000000082f00000, 0x0000000082f00000|100%| O|  |TAMS 0x0000000082f00000, 0x0000000082e00000| Untracked 
|  47|0x0000000082f00000, 0x0000000083000000, 0x0000000083000000|100%| O|  |TAMS 0x0000000083000000, 0x0000000082f00000| Untracked 
|  48|0x0000000083000000, 0x0000000083100000, 0x0000000083100000|100%| O|  |TAMS 0x0000000083100000, 0x0000000083000000| Untracked 
|  49|0x0000000083100000, 0x0000000083200000, 0x0000000083200000|100%| O|  |TAMS 0x0000000083200000, 0x0000000083100000| Untracked 
|  50|0x0000000083200000, 0x0000000083300000, 0x0000000083300000|100%| O|  |TAMS 0x0000000083300000, 0x0000000083200000| Untracked 
|  51|0x0000000083300000, 0x0000000083400000, 0x0000000083400000|100%| O|  |TAMS 0x0000000083400000, 0x0000000083300000| Untracked 
|  52|0x0000000083400000, 0x0000000083500000, 0x0000000083500000|100%| O|  |TAMS 0x0000000083500000, 0x0000000083400000| Untracked 
|  53|0x0000000083500000, 0x0000000083600000, 0x0000000083600000|100%| O|  |TAMS 0x0000000083600000, 0x0000000083500000| Untracked 
|  54|0x0000000083600000, 0x0000000083700000, 0x0000000083700000|100%| O|  |TAMS 0x0000000083700000, 0x0000000083600000| Untracked 
|  55|0x0000000083700000, 0x0000000083800000, 0x0000000083800000|100%| O|  |TAMS 0x0000000083800000, 0x0000000083700000| Untracked 
|  56|0x0000000083800000, 0x0000000083900000, 0x0000000083900000|100%| O|  |TAMS 0x0000000083900000, 0x0000000083800000| Untracked 
|  57|0x0000000083900000, 0x0000000083a00000, 0x0000000083a00000|100%| O|  |TAMS 0x0000000083a00000, 0x0000000083900000| Untracked 
|  58|0x0000000083a00000, 0x0000000083b00000, 0x0000000083b00000|100%| O|  |TAMS 0x0000000083b00000, 0x0000000083a00000| Untracked 
|  59|0x0000000083b00000, 0x0000000083c00000, 0x0000000083c00000|100%| O|  |TAMS 0x0000000083c00000, 0x0000000083b00000| Untracked 
|  60|0x0000000083c00000, 0x0000000083d00000, 0x0000000083d00000|100%| O|  |TAMS 0x0000000083d00000, 0x0000000083c00000| Untracked 
|  61|0x0000000083d00000, 0x0000000083e00000, 0x0000000083e00000|100%| O|  |TAMS 0x0000000083e00000, 0x0000000083d00000| Untracked 
|  62|0x0000000083e00000, 0x0000000083f00000, 0x0000000083f00000|100%| O|  |TAMS 0x0000000083f00000, 0x0000000083e00000| Untracked 
|  63|0x0000000083f00000, 0x0000000084000000, 0x0000000084000000|100%| O|  |TAMS 0x0000000084000000, 0x0000000083f00000| Untracked 
|  64|0x0000000084000000, 0x0000000084100000, 0x0000000084100000|100%| O|  |TAMS 0x0000000084100000, 0x0000000084000000| Untracked 
|  65|0x0000000084100000, 0x0000000084200000, 0x0000000084200000|100%| O|  |TAMS 0x0000000084200000, 0x0000000084100000| Untracked 
|  66|0x0000000084200000, 0x0000000084300000, 0x0000000084300000|100%| O|  |TAMS 0x0000000084300000, 0x0000000084200000| Untracked 
|  67|0x0000000084300000, 0x0000000084400000, 0x0000000084400000|100%| O|  |TAMS 0x0000000084400000, 0x0000000084300000| Untracked 
|  68|0x0000000084400000, 0x0000000084500000, 0x0000000084500000|100%| O|  |TAMS 0x0000000084500000, 0x0000000084400000| Untracked 
|  69|0x0000000084500000, 0x0000000084600000, 0x0000000084600000|100%| O|  |TAMS 0x0000000084600000, 0x0000000084500000| Untracked 
|  70|0x0000000084600000, 0x0000000084700000, 0x0000000084700000|100%| O|  |TAMS 0x0000000084700000, 0x0000000084600000| Untracked 
|  71|0x0000000084700000, 0x0000000084800000, 0x0000000084800000|100%| O|  |TAMS 0x0000000084800000, 0x0000000084700000| Untracked 
|  72|0x0000000084800000, 0x0000000084900000, 0x0000000084900000|100%| O|  |TAMS 0x0000000084900000, 0x0000000084800000| Untracked 
|  73|0x0000000084900000, 0x0000000084a00000, 0x0000000084a00000|100%| O|  |TAMS 0x0000000084a00000, 0x0000000084900000| Untracked 
|  74|0x0000000084a00000, 0x0000000084b00000, 0x0000000084b00000|100%| O|  |TAMS 0x0000000084b00000, 0x0000000084a00000| Untracked 
|  75|0x0000000084b00000, 0x0000000084c00000, 0x0000000084c00000|100%| O|  |TAMS 0x0000000084c00000, 0x0000000084b00000| Untracked 
|  76|0x0000000084c00000, 0x0000000084d00000, 0x0000000084d00000|100%| O|  |TAMS 0x0000000084d00000, 0x0000000084c00000| Untracked 
|  77|0x0000000084d00000, 0x0000000084e00000, 0x0000000084e00000|100%| O|  |TAMS 0x0000000084e00000, 0x0000000084d00000| Untracked 
|  78|0x0000000084e00000, 0x0000000084f00000, 0x0000000084f00000|100%| O|  |TAMS 0x0000000084f00000, 0x0000000084e00000| Untracked 
|  79|0x0000000084f00000, 0x0000000085000000, 0x0000000085000000|100%| O|  |TAMS 0x0000000085000000, 0x0000000084f00000| Untracked 
|  80|0x0000000085000000, 0x0000000085100000, 0x0000000085100000|100%| O|  |TAMS 0x0000000085100000, 0x0000000085000000| Untracked 
|  81|0x0000000085100000, 0x0000000085200000, 0x0000000085200000|100%| O|  |TAMS 0x0000000085200000, 0x0000000085100000| Untracked 
|  82|0x0000000085200000, 0x0000000085300000, 0x0000000085300000|100%| O|  |TAMS 0x0000000085300000, 0x0000000085200000| Untracked 
|  83|0x0000000085300000, 0x0000000085400000, 0x0000000085400000|100%| O|  |TAMS 0x0000000085400000, 0x0000000085300000| Untracked 
|  84|0x0000000085400000, 0x0000000085500000, 0x0000000085500000|100%| O|  |TAMS 0x0000000085500000, 0x0000000085400000| Untracked 
|  85|0x0000000085500000, 0x0000000085600000, 0x0000000085600000|100%| O|  |TAMS 0x0000000085600000, 0x0000000085500000| Untracked 
|  86|0x0000000085600000, 0x0000000085700000, 0x0000000085700000|100%| O|  |TAMS 0x0000000085700000, 0x0000000085600000| Untracked 
|  87|0x0000000085700000, 0x0000000085800000, 0x0000000085800000|100%| O|  |TAMS 0x0000000085800000, 0x0000000085700000| Untracked 
|  88|0x0000000085800000, 0x0000000085900000, 0x0000000085900000|100%| O|  |TAMS 0x0000000085900000, 0x0000000085800000| Untracked 
|  89|0x0000000085900000, 0x0000000085a00000, 0x0000000085a00000|100%| O|  |TAMS 0x0000000085a00000, 0x0000000085900000| Untracked 
|  90|0x0000000085a00000, 0x0000000085b00000, 0x0000000085b00000|100%| O|  |TAMS 0x0000000085b00000, 0x0000000085a00000| Untracked 
|  91|0x0000000085b00000, 0x0000000085c00000, 0x0000000085c00000|100%| O|  |TAMS 0x0000000085c00000, 0x0000000085b00000| Untracked 
|  92|0x0000000085c00000, 0x0000000085d00000, 0x0000000085d00000|100%| O|  |TAMS 0x0000000085d00000, 0x0000000085c00000| Untracked 
|  93|0x0000000085d00000, 0x0000000085e00000, 0x0000000085e00000|100%| O|  |TAMS 0x0000000085e00000, 0x0000000085d00000| Untracked 
|  94|0x0000000085e00000, 0x0000000085f00000, 0x0000000085f00000|100%| O|  |TAMS 0x0000000085f00000, 0x0000000085e00000| Untracked 
|  95|0x0000000085f00000, 0x0000000086000000, 0x0000000086000000|100%| O|  |TAMS 0x0000000086000000, 0x0000000085f00000| Untracked 
|  96|0x0000000086000000, 0x0000000086100000, 0x0000000086100000|100%| O|  |TAMS 0x0000000086100000, 0x0000000086000000| Untracked 
|  97|0x0000000086100000, 0x0000000086200000, 0x0000000086200000|100%| O|  |TAMS 0x0000000086200000, 0x0000000086100000| Untracked 
|  98|0x0000000086200000, 0x0000000086300000, 0x0000000086300000|100%| O|  |TAMS 0x0000000086300000, 0x0000000086200000| Untracked 
|  99|0x0000000086300000, 0x0000000086400000, 0x0000000086400000|100%| O|  |TAMS 0x0000000086400000, 0x0000000086300000| Untracked 
| 100|0x0000000086400000, 0x0000000086500000, 0x0000000086500000|100%| O|  |TAMS 0x0000000086500000, 0x0000000086400000| Untracked 
| 101|0x0000000086500000, 0x0000000086600000, 0x0000000086600000|100%| O|  |TAMS 0x0000000086500000, 0x0000000086500000| Untracked 
| 102|0x0000000086600000, 0x0000000086700000, 0x0000000086700000|100%| O|  |TAMS 0x0000000086600000, 0x0000000086600000| Untracked 
| 103|0x0000000086700000, 0x0000000086800000, 0x0000000086800000|100%| O|  |TAMS 0x0000000086800000, 0x0000000086700000| Untracked 
| 104|0x0000000086800000, 0x0000000086900000, 0x0000000086900000|100%| O|  |TAMS 0x0000000086900000, 0x0000000086800000| Untracked 
| 105|0x0000000086900000, 0x0000000086a00000, 0x0000000086a00000|100%| O|  |TAMS 0x0000000086a00000, 0x0000000086900000| Untracked 
| 106|0x0000000086a00000, 0x0000000086b00000, 0x0000000086b00000|100%| O|  |TAMS 0x0000000086a46800, 0x0000000086a00000| Untracked 
| 107|0x0000000086b00000, 0x0000000086c00000, 0x0000000086c00000|100%| O|  |TAMS 0x0000000086b00000, 0x0000000086b00000| Untracked 
| 108|0x0000000086c00000, 0x0000000086d00000, 0x0000000086d00000|100%| O|  |TAMS 0x0000000086c00000, 0x0000000086c00000| Untracked 
| 109|0x0000000086d00000, 0x0000000086e00000, 0x0000000086e00000|100%| O|  |TAMS 0x0000000086d00000, 0x0000000086d00000| Untracked 
| 110|0x0000000086e00000, 0x0000000086f00000, 0x0000000086f00000|100%| O|  |TAMS 0x0000000086e00000, 0x0000000086e00000| Untracked 
| 111|0x0000000086f00000, 0x0000000087000000, 0x0000000087000000|100%| O|  |TAMS 0x0000000086f00000, 0x0000000086f00000| Untracked 
| 112|0x0000000087000000, 0x0000000087100000, 0x0000000087100000|100%| O|  |TAMS 0x0000000087000000, 0x0000000087000000| Untracked 
| 113|0x0000000087100000, 0x0000000087190200, 0x0000000087200000| 56%| O|  |TAMS 0x0000000087100000, 0x0000000087100000| Untracked 
| 114|0x0000000087200000, 0x0000000087200000, 0x0000000087300000|  0%| F|  |TAMS 0x0000000087200000, 0x0000000087200000| Untracked 
| 115|0x0000000087300000, 0x0000000087300000, 0x0000000087400000|  0%| F|  |TAMS 0x0000000087300000, 0x0000000087300000| Untracked 
| 116|0x0000000087400000, 0x0000000087400000, 0x0000000087500000|  0%| F|  |TAMS 0x0000000087400000, 0x0000000087400000| Untracked 
| 117|0x0000000087500000, 0x0000000087500000, 0x0000000087600000|  0%| F|  |TAMS 0x0000000087500000, 0x0000000087500000| Untracked 
| 118|0x0000000087600000, 0x0000000087600000, 0x0000000087700000|  0%| F|  |TAMS 0x0000000087600000, 0x0000000087600000| Untracked 
| 119|0x0000000087700000, 0x0000000087700000, 0x0000000087800000|  0%| F|  |TAMS 0x0000000087700000, 0x0000000087700000| Untracked 
| 120|0x0000000087800000, 0x0000000087800000, 0x0000000087900000|  0%| F|  |TAMS 0x0000000087800000, 0x0000000087800000| Untracked 
| 121|0x0000000087900000, 0x0000000087900000, 0x0000000087a00000|  0%| F|  |TAMS 0x0000000087900000, 0x0000000087900000| Untracked 
| 122|0x0000000087a00000, 0x0000000087a00000, 0x0000000087b00000|  0%| F|  |TAMS 0x0000000087a00000, 0x0000000087a00000| Untracked 
| 123|0x0000000087b00000, 0x0000000087b00000, 0x0000000087c00000|  0%| F|  |TAMS 0x0000000087b00000, 0x0000000087b00000| Untracked 
| 124|0x0000000087c00000, 0x0000000087c00000, 0x0000000087d00000|  0%| F|  |TAMS 0x0000000087c00000, 0x0000000087c00000| Untracked 
| 125|0x0000000087d00000, 0x0000000087d00000, 0x0000000087e00000|  0%| F|  |TAMS 0x0000000087d00000, 0x0000000087d00000| Untracked 
| 126|0x0000000087e00000, 0x0000000087e00000, 0x0000000087f00000|  0%| F|  |TAMS 0x0000000087e00000, 0x0000000087e00000| Untracked 
| 127|0x0000000087f00000, 0x0000000087f00000, 0x0000000088000000|  0%| F|  |TAMS 0x0000000087f00000, 0x0000000087f00000| Untracked 
| 128|0x0000000088000000, 0x0000000088000000, 0x0000000088100000|  0%| F|  |TAMS 0x0000000088000000, 0x0000000088000000| Untracked 
| 129|0x0000000088100000, 0x0000000088100000, 0x0000000088200000|  0%| F|  |TAMS 0x0000000088100000, 0x0000000088100000| Untracked 
| 130|0x0000000088200000, 0x0000000088200000, 0x0000000088300000|  0%| F|  |TAMS 0x0000000088200000, 0x0000000088200000| Untracked 
| 131|0x0000000088300000, 0x0000000088300000, 0x0000000088400000|  0%| F|  |TAMS 0x0000000088300000, 0x0000000088300000| Untracked 
| 132|0x0000000088400000, 0x0000000088400000, 0x0000000088500000|  0%| F|  |TAMS 0x0000000088400000, 0x0000000088400000| Untracked 
| 133|0x0000000088500000, 0x0000000088500000, 0x0000000088600000|  0%| F|  |TAMS 0x0000000088500000, 0x0000000088500000| Untracked 
| 134|0x0000000088600000, 0x0000000088600000, 0x0000000088700000|  0%| F|  |TAMS 0x0000000088600000, 0x0000000088600000| Untracked 
| 135|0x0000000088700000, 0x0000000088700000, 0x0000000088800000|  0%| F|  |TAMS 0x0000000088700000, 0x0000000088700000| Untracked 
| 136|0x0000000088800000, 0x0000000088800000, 0x0000000088900000|  0%| F|  |TAMS 0x0000000088800000, 0x0000000088800000| Untracked 
| 137|0x0000000088900000, 0x0000000088900000, 0x0000000088a00000|  0%| F|  |TAMS 0x0000000088900000, 0x0000000088900000| Untracked 
| 138|0x0000000088a00000, 0x0000000088a00000, 0x0000000088b00000|  0%| F|  |TAMS 0x0000000088a00000, 0x0000000088a00000| Untracked 
| 139|0x0000000088b00000, 0x0000000088b00000, 0x0000000088c00000|  0%| F|  |TAMS 0x0000000088b00000, 0x0000000088b00000| Untracked 
| 140|0x0000000088c00000, 0x0000000088c00000, 0x0000000088d00000|  0%| F|  |TAMS 0x0000000088c00000, 0x0000000088c00000| Untracked 
| 141|0x0000000088d00000, 0x0000000088d00000, 0x0000000088e00000|  0%| F|  |TAMS 0x0000000088d00000, 0x0000000088d00000| Untracked 
| 142|0x0000000088e00000, 0x0000000088e00000, 0x0000000088f00000|  0%| F|  |TAMS 0x0000000088e00000, 0x0000000088e00000| Untracked 
| 143|0x0000000088f00000, 0x0000000088f00000, 0x0000000089000000|  0%| F|  |TAMS 0x0000000088f00000, 0x0000000088f00000| Untracked 
| 144|0x0000000089000000, 0x0000000089000000, 0x0000000089100000|  0%| F|  |TAMS 0x0000000089000000, 0x0000000089000000| Untracked 
| 145|0x0000000089100000, 0x0000000089100000, 0x0000000089200000|  0%| F|  |TAMS 0x0000000089100000, 0x0000000089100000| Untracked 
| 146|0x0000000089200000, 0x0000000089200000, 0x0000000089300000|  0%| F|  |TAMS 0x0000000089200000, 0x0000000089200000| Untracked 
| 147|0x0000000089300000, 0x0000000089300000, 0x0000000089400000|  0%| F|  |TAMS 0x0000000089300000, 0x0000000089300000| Untracked 
| 148|0x0000000089400000, 0x0000000089400000, 0x0000000089500000|  0%| F|  |TAMS 0x0000000089400000, 0x0000000089400000| Untracked 
| 149|0x0000000089500000, 0x0000000089500000, 0x0000000089600000|  0%| F|  |TAMS 0x0000000089500000, 0x0000000089500000| Untracked 
| 150|0x0000000089600000, 0x0000000089600000, 0x0000000089700000|  0%| F|  |TAMS 0x0000000089600000, 0x0000000089600000| Untracked 
| 151|0x0000000089700000, 0x0000000089700000, 0x0000000089800000|  0%| F|  |TAMS 0x0000000089700000, 0x0000000089700000| Untracked 
| 152|0x0000000089800000, 0x0000000089800000, 0x0000000089900000|  0%| F|  |TAMS 0x0000000089800000, 0x0000000089800000| Untracked 
| 153|0x0000000089900000, 0x0000000089900000, 0x0000000089a00000|  0%| F|  |TAMS 0x0000000089900000, 0x0000000089900000| Untracked 
| 154|0x0000000089a00000, 0x0000000089a00000, 0x0000000089b00000|  0%| F|  |TAMS 0x0000000089a00000, 0x0000000089a00000| Untracked 
| 155|0x0000000089b00000, 0x0000000089b00000, 0x0000000089c00000|  0%| F|  |TAMS 0x0000000089b00000, 0x0000000089b00000| Untracked 
| 156|0x0000000089c00000, 0x0000000089c00000, 0x0000000089d00000|  0%| F|  |TAMS 0x0000000089c00000, 0x0000000089c00000| Untracked 
| 157|0x0000000089d00000, 0x0000000089d00000, 0x0000000089e00000|  0%| F|  |TAMS 0x0000000089d00000, 0x0000000089d00000| Untracked 
| 158|0x0000000089e00000, 0x0000000089e00000, 0x0000000089f00000|  0%| F|  |TAMS 0x0000000089e00000, 0x0000000089e00000| Untracked 
| 159|0x0000000089f00000, 0x0000000089f00000, 0x000000008a000000|  0%| F|  |TAMS 0x0000000089f00000, 0x0000000089f00000| Untracked 
| 160|0x000000008a000000, 0x000000008a000000, 0x000000008a100000|  0%| F|  |TAMS 0x000000008a000000, 0x000000008a000000| Untracked 
| 161|0x000000008a100000, 0x000000008a100000, 0x000000008a200000|  0%| F|  |TAMS 0x000000008a100000, 0x000000008a100000| Untracked 
| 162|0x000000008a200000, 0x000000008a200000, 0x000000008a300000|  0%| F|  |TAMS 0x000000008a200000, 0x000000008a200000| Untracked 
| 163|0x000000008a300000, 0x000000008a300000, 0x000000008a400000|  0%| F|  |TAMS 0x000000008a300000, 0x000000008a300000| Untracked 
| 164|0x000000008a400000, 0x000000008a400000, 0x000000008a500000|  0%| F|  |TAMS 0x000000008a400000, 0x000000008a400000| Untracked 
| 165|0x000000008a500000, 0x000000008a500000, 0x000000008a600000|  0%| F|  |TAMS 0x000000008a500000, 0x000000008a500000| Untracked 
| 166|0x000000008a600000, 0x000000008a600000, 0x000000008a700000|  0%| F|  |TAMS 0x000000008a600000, 0x000000008a600000| Untracked 
| 167|0x000000008a700000, 0x000000008a700000, 0x000000008a800000|  0%| F|  |TAMS 0x000000008a700000, 0x000000008a700000| Untracked 
| 168|0x000000008a800000, 0x000000008a900000, 0x000000008a900000|100%| S|CS|TAMS 0x000000008a800000, 0x000000008a800000| Complete 
| 169|0x000000008a900000, 0x000000008aa00000, 0x000000008aa00000|100%| S|CS|TAMS 0x000000008a900000, 0x000000008a900000| Complete 
| 170|0x000000008aa00000, 0x000000008ab00000, 0x000000008ab00000|100%| S|CS|TAMS 0x000000008aa00000, 0x000000008aa00000| Complete 
| 171|0x000000008ab00000, 0x000000008ac00000, 0x000000008ac00000|100%| S|CS|TAMS 0x000000008ab00000, 0x000000008ab00000| Complete 
| 172|0x000000008ac00000, 0x000000008ad00000, 0x000000008ad00000|100%| S|CS|TAMS 0x000000008ac00000, 0x000000008ac00000| Complete 
| 173|0x000000008ad00000, 0x000000008ae00000, 0x000000008ae00000|100%| S|CS|TAMS 0x000000008ad00000, 0x000000008ad00000| Complete 
| 174|0x000000008ae00000, 0x000000008af00000, 0x000000008af00000|100%| S|CS|TAMS 0x000000008ae00000, 0x000000008ae00000| Complete 
| 175|0x000000008af00000, 0x000000008b000000, 0x000000008b000000|100%| S|CS|TAMS 0x000000008af00000, 0x000000008af00000| Complete 
| 176|0x000000008b000000, 0x000000008b100000, 0x000000008b100000|100%| S|CS|TAMS 0x000000008b000000, 0x000000008b000000| Complete 
| 177|0x000000008b100000, 0x000000008b200000, 0x000000008b200000|100%| S|CS|TAMS 0x000000008b100000, 0x000000008b100000| Complete 
| 178|0x000000008b200000, 0x000000008b300000, 0x000000008b300000|100%| S|CS|TAMS 0x000000008b200000, 0x000000008b200000| Complete 
| 179|0x000000008b300000, 0x000000008b400000, 0x000000008b400000|100%| S|CS|TAMS 0x000000008b300000, 0x000000008b300000| Complete 
| 180|0x000000008b400000, 0x000000008b500000, 0x000000008b500000|100%| S|CS|TAMS 0x000000008b400000, 0x000000008b400000| Complete 
| 181|0x000000008b500000, 0x000000008b600000, 0x000000008b600000|100%| S|CS|TAMS 0x000000008b500000, 0x000000008b500000| Complete 
| 182|0x000000008b600000, 0x000000008b700000, 0x000000008b700000|100%| S|CS|TAMS 0x000000008b600000, 0x000000008b600000| Complete 
| 183|0x000000008b700000, 0x000000008b800000, 0x000000008b800000|100%| S|CS|TAMS 0x000000008b700000, 0x000000008b700000| Complete 
| 184|0x000000008b800000, 0x000000008b900000, 0x000000008b900000|100%| S|CS|TAMS 0x000000008b800000, 0x000000008b800000| Complete 
| 185|0x000000008b900000, 0x000000008ba00000, 0x000000008ba00000|100%| S|CS|TAMS 0x000000008b900000, 0x000000008b900000| Complete 
| 186|0x000000008ba00000, 0x000000008bb00000, 0x000000008bb00000|100%| S|CS|TAMS 0x000000008ba00000, 0x000000008ba00000| Complete 
| 187|0x000000008bb00000, 0x000000008bc00000, 0x000000008bc00000|100%| S|CS|TAMS 0x000000008bb00000, 0x000000008bb00000| Complete 
| 188|0x000000008bc00000, 0x000000008bd00000, 0x000000008bd00000|100%| S|CS|TAMS 0x000000008bc00000, 0x000000008bc00000| Complete 
| 189|0x000000008bd00000, 0x000000008bd00000, 0x000000008be00000|  0%| F|  |TAMS 0x000000008bd00000, 0x000000008bd00000| Untracked 
| 190|0x000000008be00000, 0x000000008be00000, 0x000000008bf00000|  0%| F|  |TAMS 0x000000008be00000, 0x000000008be00000| Untracked 
| 191|0x000000008bf00000, 0x000000008bf00000, 0x000000008c000000|  0%| F|  |TAMS 0x000000008bf00000, 0x000000008bf00000| Untracked 
| 192|0x000000008c000000, 0x000000008c000000, 0x000000008c100000|  0%| F|  |TAMS 0x000000008c000000, 0x000000008c000000| Untracked 
| 193|0x000000008c100000, 0x000000008c100000, 0x000000008c200000|  0%| F|  |TAMS 0x000000008c100000, 0x000000008c100000| Untracked 
| 194|0x000000008c200000, 0x000000008c200000, 0x000000008c300000|  0%| F|  |TAMS 0x000000008c200000, 0x000000008c200000| Untracked 
| 195|0x000000008c300000, 0x000000008c300000, 0x000000008c400000|  0%| F|  |TAMS 0x000000008c300000, 0x000000008c300000| Untracked 
| 196|0x000000008c400000, 0x000000008c400000, 0x000000008c500000|  0%| F|  |TAMS 0x000000008c400000, 0x000000008c400000| Untracked 
| 197|0x000000008c500000, 0x000000008c500000, 0x000000008c600000|  0%| F|  |TAMS 0x000000008c500000, 0x000000008c500000| Untracked 
| 198|0x000000008c600000, 0x000000008c600000, 0x000000008c700000|  0%| F|  |TAMS 0x000000008c600000, 0x000000008c600000| Untracked 
| 199|0x000000008c700000, 0x000000008c700000, 0x000000008c800000|  0%| F|  |TAMS 0x000000008c700000, 0x000000008c700000| Untracked 
| 200|0x000000008c800000, 0x000000008c800000, 0x000000008c900000|  0%| F|  |TAMS 0x000000008c800000, 0x000000008c800000| Untracked 
| 201|0x000000008c900000, 0x000000008c900000, 0x000000008ca00000|  0%| F|  |TAMS 0x000000008c900000, 0x000000008c900000| Untracked 
| 202|0x000000008ca00000, 0x000000008ca00000, 0x000000008cb00000|  0%| F|  |TAMS 0x000000008ca00000, 0x000000008ca00000| Untracked 
| 203|0x000000008cb00000, 0x000000008cb00000, 0x000000008cc00000|  0%| F|  |TAMS 0x000000008cb00000, 0x000000008cb00000| Untracked 
| 204|0x000000008cc00000, 0x000000008cc00000, 0x000000008cd00000|  0%| F|  |TAMS 0x000000008cc00000, 0x000000008cc00000| Untracked 
| 205|0x000000008cd00000, 0x000000008cd00000, 0x000000008ce00000|  0%| F|  |TAMS 0x000000008cd00000, 0x000000008cd00000| Untracked 
| 206|0x000000008ce00000, 0x000000008ce00000, 0x000000008cf00000|  0%| F|  |TAMS 0x000000008ce00000, 0x000000008ce00000| Untracked 
| 207|0x000000008cf00000, 0x000000008cf00000, 0x000000008d000000|  0%| F|  |TAMS 0x000000008cf00000, 0x000000008cf00000| Untracked 
| 208|0x000000008d000000, 0x000000008d000000, 0x000000008d100000|  0%| F|  |TAMS 0x000000008d000000, 0x000000008d000000| Untracked 
| 209|0x000000008d100000, 0x000000008d100000, 0x000000008d200000|  0%| F|  |TAMS 0x000000008d100000, 0x000000008d100000| Untracked 
| 210|0x000000008d200000, 0x000000008d200000, 0x000000008d300000|  0%| F|  |TAMS 0x000000008d200000, 0x000000008d200000| Untracked 
| 211|0x000000008d300000, 0x000000008d300000, 0x000000008d400000|  0%| F|  |TAMS 0x000000008d300000, 0x000000008d300000| Untracked 
| 212|0x000000008d400000, 0x000000008d400000, 0x000000008d500000|  0%| F|  |TAMS 0x000000008d400000, 0x000000008d400000| Untracked 
| 213|0x000000008d500000, 0x000000008d500000, 0x000000008d600000|  0%| F|  |TAMS 0x000000008d500000, 0x000000008d500000| Untracked 
| 214|0x000000008d600000, 0x000000008d600000, 0x000000008d700000|  0%| F|  |TAMS 0x000000008d600000, 0x000000008d600000| Untracked 
| 215|0x000000008d700000, 0x000000008d700000, 0x000000008d800000|  0%| F|  |TAMS 0x000000008d700000, 0x000000008d700000| Untracked 
| 216|0x000000008d800000, 0x000000008d800000, 0x000000008d900000|  0%| F|  |TAMS 0x000000008d800000, 0x000000008d800000| Untracked 
| 217|0x000000008d900000, 0x000000008d900000, 0x000000008da00000|  0%| F|  |TAMS 0x000000008d900000, 0x000000008d900000| Untracked 
| 218|0x000000008da00000, 0x000000008da00000, 0x000000008db00000|  0%| F|  |TAMS 0x000000008da00000, 0x000000008da00000| Untracked 
| 219|0x000000008db00000, 0x000000008db00000, 0x000000008dc00000|  0%| F|  |TAMS 0x000000008db00000, 0x000000008db00000| Untracked 
| 220|0x000000008dc00000, 0x000000008dc00000, 0x000000008dd00000|  0%| F|  |TAMS 0x000000008dc00000, 0x000000008dc00000| Untracked 
| 221|0x000000008dd00000, 0x000000008dd00000, 0x000000008de00000|  0%| F|  |TAMS 0x000000008dd00000, 0x000000008dd00000| Untracked 
| 222|0x000000008de00000, 0x000000008de00000, 0x000000008df00000|  0%| F|  |TAMS 0x000000008de00000, 0x000000008de00000| Untracked 
| 223|0x000000008df00000, 0x000000008df00000, 0x000000008e000000|  0%| F|  |TAMS 0x000000008df00000, 0x000000008df00000| Untracked 
| 224|0x000000008e000000, 0x000000008e000000, 0x000000008e100000|  0%| F|  |TAMS 0x000000008e000000, 0x000000008e000000| Untracked 
| 225|0x000000008e100000, 0x000000008e100000, 0x000000008e200000|  0%| F|  |TAMS 0x000000008e100000, 0x000000008e100000| Untracked 
| 226|0x000000008e200000, 0x000000008e200000, 0x000000008e300000|  0%| F|  |TAMS 0x000000008e200000, 0x000000008e200000| Untracked 
| 227|0x000000008e300000, 0x000000008e300000, 0x000000008e400000|  0%| F|  |TAMS 0x000000008e300000, 0x000000008e300000| Untracked 
| 228|0x000000008e400000, 0x000000008e400000, 0x000000008e500000|  0%| F|  |TAMS 0x000000008e400000, 0x000000008e400000| Untracked 
| 229|0x000000008e500000, 0x000000008e500000, 0x000000008e600000|  0%| F|  |TAMS 0x000000008e500000, 0x000000008e500000| Untracked 
| 230|0x000000008e600000, 0x000000008e600000, 0x000000008e700000|  0%| F|  |TAMS 0x000000008e600000, 0x000000008e600000| Untracked 
| 231|0x000000008e700000, 0x000000008e700000, 0x000000008e800000|  0%| F|  |TAMS 0x000000008e700000, 0x000000008e700000| Untracked 
| 232|0x000000008e800000, 0x000000008e800000, 0x000000008e900000|  0%| F|  |TAMS 0x000000008e800000, 0x000000008e800000| Untracked 
| 233|0x000000008e900000, 0x000000008e900000, 0x000000008ea00000|  0%| F|  |TAMS 0x000000008e900000, 0x000000008e900000| Untracked 
| 234|0x000000008ea00000, 0x000000008ea00000, 0x000000008eb00000|  0%| F|  |TAMS 0x000000008ea00000, 0x000000008ea00000| Untracked 
| 235|0x000000008eb00000, 0x000000008eb00000, 0x000000008ec00000|  0%| F|  |TAMS 0x000000008eb00000, 0x000000008eb00000| Untracked 
| 236|0x000000008ec00000, 0x000000008ec00000, 0x000000008ed00000|  0%| F|  |TAMS 0x000000008ec00000, 0x000000008ec00000| Untracked 
| 237|0x000000008ed00000, 0x000000008ed00000, 0x000000008ee00000|  0%| F|  |TAMS 0x000000008ed00000, 0x000000008ed00000| Untracked 
| 238|0x000000008ee00000, 0x000000008ee00000, 0x000000008ef00000|  0%| F|  |TAMS 0x000000008ee00000, 0x000000008ee00000| Untracked 
| 239|0x000000008ef00000, 0x000000008ef00000, 0x000000008f000000|  0%| F|  |TAMS 0x000000008ef00000, 0x000000008ef00000| Untracked 
| 240|0x000000008f000000, 0x000000008f000000, 0x000000008f100000|  0%| F|  |TAMS 0x000000008f000000, 0x000000008f000000| Untracked 
| 241|0x000000008f100000, 0x000000008f100000, 0x000000008f200000|  0%| F|  |TAMS 0x000000008f100000, 0x000000008f100000| Untracked 
| 242|0x000000008f200000, 0x000000008f200000, 0x000000008f300000|  0%| F|  |TAMS 0x000000008f200000, 0x000000008f200000| Untracked 
| 243|0x000000008f300000, 0x000000008f300000, 0x000000008f400000|  0%| F|  |TAMS 0x000000008f300000, 0x000000008f300000| Untracked 
| 244|0x000000008f400000, 0x000000008f400000, 0x000000008f500000|  0%| F|  |TAMS 0x000000008f400000, 0x000000008f400000| Untracked 
| 245|0x000000008f500000, 0x000000008f500000, 0x000000008f600000|  0%| F|  |TAMS 0x000000008f500000, 0x000000008f500000| Untracked 
| 246|0x000000008f600000, 0x000000008f600000, 0x000000008f700000|  0%| F|  |TAMS 0x000000008f600000, 0x000000008f600000| Untracked 
| 247|0x000000008f700000, 0x000000008f700000, 0x000000008f800000|  0%| F|  |TAMS 0x000000008f700000, 0x000000008f700000| Untracked 
| 248|0x000000008f800000, 0x000000008f800000, 0x000000008f900000|  0%| F|  |TAMS 0x000000008f800000, 0x000000008f800000| Untracked 
| 249|0x000000008f900000, 0x000000008f900000, 0x000000008fa00000|  0%| F|  |TAMS 0x000000008f900000, 0x000000008f900000| Untracked 
| 250|0x000000008fa00000, 0x000000008fa00000, 0x000000008fb00000|  0%| F|  |TAMS 0x000000008fa00000, 0x000000008fa00000| Untracked 
| 251|0x000000008fb00000, 0x000000008fb00000, 0x000000008fc00000|  0%| F|  |TAMS 0x000000008fb00000, 0x000000008fb00000| Untracked 
| 252|0x000000008fc00000, 0x000000008fc00000, 0x000000008fd00000|  0%| F|  |TAMS 0x000000008fc00000, 0x000000008fc00000| Untracked 
| 253|0x000000008fd00000, 0x000000008fd00000, 0x000000008fe00000|  0%| F|  |TAMS 0x000000008fd00000, 0x000000008fd00000| Untracked 
| 254|0x000000008fe00000, 0x000000008fe00000, 0x000000008ff00000|  0%| F|  |TAMS 0x000000008fe00000, 0x000000008fe00000| Untracked 
| 255|0x000000008ff00000, 0x000000008ff00000, 0x0000000090000000|  0%| F|  |TAMS 0x000000008ff00000, 0x000000008ff00000| Untracked 
| 256|0x0000000090000000, 0x0000000090000000, 0x0000000090100000|  0%| F|  |TAMS 0x0000000090000000, 0x0000000090000000| Untracked 
| 257|0x0000000090100000, 0x0000000090100000, 0x0000000090200000|  0%| F|  |TAMS 0x0000000090100000, 0x0000000090100000| Untracked 
| 258|0x0000000090200000, 0x0000000090200000, 0x0000000090300000|  0%| F|  |TAMS 0x0000000090200000, 0x0000000090200000| Untracked 
| 259|0x0000000090300000, 0x0000000090300000, 0x0000000090400000|  0%| F|  |TAMS 0x0000000090300000, 0x0000000090300000| Untracked 
| 260|0x0000000090400000, 0x0000000090400000, 0x0000000090500000|  0%| F|  |TAMS 0x0000000090400000, 0x0000000090400000| Untracked 
| 261|0x0000000090500000, 0x0000000090500000, 0x0000000090600000|  0%| F|  |TAMS 0x0000000090500000, 0x0000000090500000| Untracked 
| 262|0x0000000090600000, 0x0000000090600000, 0x0000000090700000|  0%| F|  |TAMS 0x0000000090600000, 0x0000000090600000| Untracked 
| 263|0x0000000090700000, 0x0000000090700000, 0x0000000090800000|  0%| F|  |TAMS 0x0000000090700000, 0x0000000090700000| Untracked 
| 264|0x0000000090800000, 0x0000000090800000, 0x0000000090900000|  0%| F|  |TAMS 0x0000000090800000, 0x0000000090800000| Untracked 
| 265|0x0000000090900000, 0x0000000090900000, 0x0000000090a00000|  0%| F|  |TAMS 0x0000000090900000, 0x0000000090900000| Untracked 
| 266|0x0000000090a00000, 0x0000000090a00000, 0x0000000090b00000|  0%| F|  |TAMS 0x0000000090a00000, 0x0000000090a00000| Untracked 
| 267|0x0000000090b00000, 0x0000000090b00000, 0x0000000090c00000|  0%| F|  |TAMS 0x0000000090b00000, 0x0000000090b00000| Untracked 
| 268|0x0000000090c00000, 0x0000000090c00000, 0x0000000090d00000|  0%| F|  |TAMS 0x0000000090c00000, 0x0000000090c00000| Untracked 
| 269|0x0000000090d00000, 0x0000000090d00000, 0x0000000090e00000|  0%| F|  |TAMS 0x0000000090d00000, 0x0000000090d00000| Untracked 
| 270|0x0000000090e00000, 0x0000000090e00000, 0x0000000090f00000|  0%| F|  |TAMS 0x0000000090e00000, 0x0000000090e00000| Untracked 
| 271|0x0000000090f00000, 0x0000000090f00000, 0x0000000091000000|  0%| F|  |TAMS 0x0000000090f00000, 0x0000000090f00000| Untracked 
| 272|0x0000000091000000, 0x0000000091000000, 0x0000000091100000|  0%| F|  |TAMS 0x0000000091000000, 0x0000000091000000| Untracked 
| 273|0x0000000091100000, 0x0000000091100000, 0x0000000091200000|  0%| F|  |TAMS 0x0000000091100000, 0x0000000091100000| Untracked 
| 274|0x0000000091200000, 0x0000000091200000, 0x0000000091300000|  0%| F|  |TAMS 0x0000000091200000, 0x0000000091200000| Untracked 
| 275|0x0000000091300000, 0x0000000091300000, 0x0000000091400000|  0%| F|  |TAMS 0x0000000091300000, 0x0000000091300000| Untracked 
| 276|0x0000000091400000, 0x0000000091400000, 0x0000000091500000|  0%| F|  |TAMS 0x0000000091400000, 0x0000000091400000| Untracked 
| 277|0x0000000091500000, 0x0000000091500000, 0x0000000091600000|  0%| F|  |TAMS 0x0000000091500000, 0x0000000091500000| Untracked 
| 278|0x0000000091600000, 0x0000000091600000, 0x0000000091700000|  0%| F|  |TAMS 0x0000000091600000, 0x0000000091600000| Untracked 
| 279|0x0000000091700000, 0x0000000091700000, 0x0000000091800000|  0%| F|  |TAMS 0x0000000091700000, 0x0000000091700000| Untracked 
| 280|0x0000000091800000, 0x0000000091800000, 0x0000000091900000|  0%| F|  |TAMS 0x0000000091800000, 0x0000000091800000| Untracked 
| 281|0x0000000091900000, 0x0000000091900000, 0x0000000091a00000|  0%| F|  |TAMS 0x0000000091900000, 0x0000000091900000| Untracked 
| 282|0x0000000091a00000, 0x0000000091a00000, 0x0000000091b00000|  0%| F|  |TAMS 0x0000000091a00000, 0x0000000091a00000| Untracked 
| 283|0x0000000091b00000, 0x0000000091b00000, 0x0000000091c00000|  0%| F|  |TAMS 0x0000000091b00000, 0x0000000091b00000| Untracked 
| 284|0x0000000091c00000, 0x0000000091c00000, 0x0000000091d00000|  0%| F|  |TAMS 0x0000000091c00000, 0x0000000091c00000| Untracked 
| 285|0x0000000091d00000, 0x0000000091d00000, 0x0000000091e00000|  0%| F|  |TAMS 0x0000000091d00000, 0x0000000091d00000| Untracked 
| 286|0x0000000091e00000, 0x0000000091e00000, 0x0000000091f00000|  0%| F|  |TAMS 0x0000000091e00000, 0x0000000091e00000| Untracked 
| 287|0x0000000091f00000, 0x0000000092000000, 0x0000000092000000|100%| E|  |TAMS 0x0000000091f00000, 0x0000000091f00000| Complete 
| 288|0x0000000092000000, 0x0000000092100000, 0x0000000092100000|100%| E|CS|TAMS 0x0000000092000000, 0x0000000092000000| Complete 
| 289|0x0000000092100000, 0x0000000092200000, 0x0000000092200000|100%| E|CS|TAMS 0x0000000092100000, 0x0000000092100000| Complete 
| 290|0x0000000092200000, 0x0000000092300000, 0x0000000092300000|100%| E|CS|TAMS 0x0000000092200000, 0x0000000092200000| Complete 
| 291|0x0000000092300000, 0x0000000092400000, 0x0000000092400000|100%| E|CS|TAMS 0x0000000092300000, 0x0000000092300000| Complete 
| 292|0x0000000092400000, 0x0000000092500000, 0x0000000092500000|100%| E|CS|TAMS 0x0000000092400000, 0x0000000092400000| Complete 
| 293|0x0000000092500000, 0x0000000092600000, 0x0000000092600000|100%| E|CS|TAMS 0x0000000092500000, 0x0000000092500000| Complete 
| 294|0x0000000092600000, 0x0000000092700000, 0x0000000092700000|100%| E|CS|TAMS 0x0000000092600000, 0x0000000092600000| Complete 
| 295|0x0000000092700000, 0x0000000092800000, 0x0000000092800000|100%| E|CS|TAMS 0x0000000092700000, 0x0000000092700000| Complete 
| 296|0x0000000092800000, 0x0000000092900000, 0x0000000092900000|100%| E|CS|TAMS 0x0000000092800000, 0x0000000092800000| Complete 
| 297|0x0000000092900000, 0x0000000092a00000, 0x0000000092a00000|100%| E|CS|TAMS 0x0000000092900000, 0x0000000092900000| Complete 
| 298|0x0000000092a00000, 0x0000000092b00000, 0x0000000092b00000|100%| E|CS|TAMS 0x0000000092a00000, 0x0000000092a00000| Complete 
| 299|0x0000000092b00000, 0x0000000092c00000, 0x0000000092c00000|100%| E|CS|TAMS 0x0000000092b00000, 0x0000000092b00000| Complete 
| 300|0x0000000092c00000, 0x0000000092d00000, 0x0000000092d00000|100%| E|CS|TAMS 0x0000000092c00000, 0x0000000092c00000| Complete 
| 301|0x0000000092d00000, 0x0000000092e00000, 0x0000000092e00000|100%| E|CS|TAMS 0x0000000092d00000, 0x0000000092d00000| Complete 
| 302|0x0000000092e00000, 0x0000000092f00000, 0x0000000092f00000|100%| E|CS|TAMS 0x0000000092e00000, 0x0000000092e00000| Complete 
| 303|0x0000000092f00000, 0x0000000093000000, 0x0000000093000000|100%| E|CS|TAMS 0x0000000092f00000, 0x0000000092f00000| Complete 
| 304|0x0000000093000000, 0x0000000093100000, 0x0000000093100000|100%| E|CS|TAMS 0x0000000093000000, 0x0000000093000000| Complete 
| 305|0x0000000093100000, 0x0000000093200000, 0x0000000093200000|100%| E|CS|TAMS 0x0000000093100000, 0x0000000093100000| Complete 
| 306|0x0000000093200000, 0x0000000093300000, 0x0000000093300000|100%| E|CS|TAMS 0x0000000093200000, 0x0000000093200000| Complete 
| 307|0x0000000093300000, 0x0000000093400000, 0x0000000093400000|100%| E|CS|TAMS 0x0000000093300000, 0x0000000093300000| Complete 
| 308|0x0000000093400000, 0x0000000093500000, 0x0000000093500000|100%| E|CS|TAMS 0x0000000093400000, 0x0000000093400000| Complete 
| 309|0x0000000093500000, 0x0000000093600000, 0x0000000093600000|100%| E|CS|TAMS 0x0000000093500000, 0x0000000093500000| Complete 
| 310|0x0000000093600000, 0x0000000093700000, 0x0000000093700000|100%| E|CS|TAMS 0x0000000093600000, 0x0000000093600000| Complete 
| 311|0x0000000093700000, 0x0000000093800000, 0x0000000093800000|100%| E|CS|TAMS 0x0000000093700000, 0x0000000093700000| Complete 
| 312|0x0000000093800000, 0x0000000093900000, 0x0000000093900000|100%| E|CS|TAMS 0x0000000093800000, 0x0000000093800000| Complete 
| 313|0x0000000093900000, 0x0000000093a00000, 0x0000000093a00000|100%| E|CS|TAMS 0x0000000093900000, 0x0000000093900000| Complete 
| 314|0x0000000093a00000, 0x0000000093b00000, 0x0000000093b00000|100%| E|CS|TAMS 0x0000000093a00000, 0x0000000093a00000| Complete 
| 315|0x0000000093b00000, 0x0000000093c00000, 0x0000000093c00000|100%| E|CS|TAMS 0x0000000093b00000, 0x0000000093b00000| Complete 
| 316|0x0000000093c00000, 0x0000000093d00000, 0x0000000093d00000|100%| E|CS|TAMS 0x0000000093c00000, 0x0000000093c00000| Complete 
| 317|0x0000000093d00000, 0x0000000093e00000, 0x0000000093e00000|100%| E|CS|TAMS 0x0000000093d00000, 0x0000000093d00000| Complete 
| 318|0x0000000093e00000, 0x0000000093f00000, 0x0000000093f00000|100%| E|CS|TAMS 0x0000000093e00000, 0x0000000093e00000| Complete 
| 319|0x0000000093f00000, 0x0000000094000000, 0x0000000094000000|100%| E|CS|TAMS 0x0000000093f00000, 0x0000000093f00000| Complete 
| 320|0x0000000094000000, 0x0000000094100000, 0x0000000094100000|100%| E|CS|TAMS 0x0000000094000000, 0x0000000094000000| Complete 
| 321|0x0000000094100000, 0x0000000094200000, 0x0000000094200000|100%| E|CS|TAMS 0x0000000094100000, 0x0000000094100000| Complete 
| 322|0x0000000094200000, 0x0000000094300000, 0x0000000094300000|100%| E|CS|TAMS 0x0000000094200000, 0x0000000094200000| Complete 
| 323|0x0000000094300000, 0x0000000094400000, 0x0000000094400000|100%| E|CS|TAMS 0x0000000094300000, 0x0000000094300000| Complete 
| 324|0x0000000094400000, 0x0000000094500000, 0x0000000094500000|100%| E|CS|TAMS 0x0000000094400000, 0x0000000094400000| Complete 
| 325|0x0000000094500000, 0x0000000094600000, 0x0000000094600000|100%| E|CS|TAMS 0x0000000094500000, 0x0000000094500000| Complete 
| 326|0x0000000094600000, 0x0000000094700000, 0x0000000094700000|100%| E|CS|TAMS 0x0000000094600000, 0x0000000094600000| Complete 
| 327|0x0000000094700000, 0x0000000094800000, 0x0000000094800000|100%| E|CS|TAMS 0x0000000094700000, 0x0000000094700000| Complete 
| 328|0x0000000094800000, 0x0000000094900000, 0x0000000094900000|100%| E|CS|TAMS 0x0000000094800000, 0x0000000094800000| Complete 
| 329|0x0000000094900000, 0x0000000094a00000, 0x0000000094a00000|100%| E|CS|TAMS 0x0000000094900000, 0x0000000094900000| Complete 
| 330|0x0000000094a00000, 0x0000000094b00000, 0x0000000094b00000|100%| E|CS|TAMS 0x0000000094a00000, 0x0000000094a00000| Complete 
| 331|0x0000000094b00000, 0x0000000094c00000, 0x0000000094c00000|100%| E|CS|TAMS 0x0000000094b00000, 0x0000000094b00000| Complete 
| 332|0x0000000094c00000, 0x0000000094d00000, 0x0000000094d00000|100%| E|CS|TAMS 0x0000000094c00000, 0x0000000094c00000| Complete 
| 333|0x0000000094d00000, 0x0000000094e00000, 0x0000000094e00000|100%| E|CS|TAMS 0x0000000094d00000, 0x0000000094d00000| Complete 
| 334|0x0000000094e00000, 0x0000000094f00000, 0x0000000094f00000|100%| E|CS|TAMS 0x0000000094e00000, 0x0000000094e00000| Complete 
| 335|0x0000000094f00000, 0x0000000095000000, 0x0000000095000000|100%| E|CS|TAMS 0x0000000094f00000, 0x0000000094f00000| Complete 
| 336|0x0000000095000000, 0x0000000095100000, 0x0000000095100000|100%| E|CS|TAMS 0x0000000095000000, 0x0000000095000000| Complete 
| 337|0x0000000095100000, 0x0000000095200000, 0x0000000095200000|100%| E|CS|TAMS 0x0000000095100000, 0x0000000095100000| Complete 
| 338|0x0000000095200000, 0x0000000095300000, 0x0000000095300000|100%| E|CS|TAMS 0x0000000095200000, 0x0000000095200000| Complete 
| 339|0x0000000095300000, 0x0000000095400000, 0x0000000095400000|100%| E|CS|TAMS 0x0000000095300000, 0x0000000095300000| Complete 
| 340|0x0000000095400000, 0x0000000095500000, 0x0000000095500000|100%| E|CS|TAMS 0x0000000095400000, 0x0000000095400000| Complete 
| 341|0x0000000095500000, 0x0000000095600000, 0x0000000095600000|100%| E|CS|TAMS 0x0000000095500000, 0x0000000095500000| Complete 
| 342|0x0000000095600000, 0x0000000095700000, 0x0000000095700000|100%| E|CS|TAMS 0x0000000095600000, 0x0000000095600000| Complete 
| 343|0x0000000095700000, 0x0000000095800000, 0x0000000095800000|100%| E|CS|TAMS 0x0000000095700000, 0x0000000095700000| Complete 

Card table byte_map: [0x000001cf287e0000,0x000001cf28be0000] _byte_map_base: 0x000001cf283e0000

Marking Bits (Prev, Next): (CMBitMap*) 0x000001cf11c9ef40, (CMBitMap*) 0x000001cf11c9ef80
 Prev Bits: [0x000001cf28fe0000, 0x000001cf2afe0000)
 Next Bits: [0x000001cf2afe0000, 0x000001cf2cfe0000)

Polling page: 0x000001cf0fc10000

Metaspace:

Usage:
  Non-class:     75.80 MB used.
      Class:     11.77 MB used.
       Both:     87.58 MB used.

Virtual space:
  Non-class space:       80.00 MB reserved,      76.12 MB ( 95%) committed,  10 nodes.
      Class space:        1.00 GB reserved,      12.06 MB (  1%) committed,  1 nodes.
              Both:        1.08 GB reserved,      88.19 MB (  8%) committed. 

Chunk freelists:
   Non-Class:  3.19 MB
       Class:  3.89 MB
        Both:  7.08 MB

MaxMetaspaceSize: 17179869184.00 GB
CompressedClassSpaceSize: 1.00 GB
 - commit_granule_bytes: 65536.
 - commit_granule_words: 8192.
 - virtual_space_node_default_size: 1048576.
 - enlarge_chunks_in_place: 1.
 - new_chunks_are_fully_committed: 0.
 - uncommit_free_chunks: 1.
 - use_allocation_guard: 0.
 - handle_deallocations: 1.


Internal statistics:

num_allocs_failed_limit: 6.
num_arena_births: 862.
num_arena_deaths: 6.
num_vsnodes_births: 11.
num_vsnodes_deaths: 0.
num_space_committed: 1411.
num_space_uncommitted: 0.
num_chunks_returned_to_freelist: 12.
num_chunks_taken_from_freelist: 4448.
num_chunk_merges: 8.
num_chunk_splits: 2979.
num_chunks_enlarged: 2073.
num_purges: 2.

CodeHeap 'non-profiled nmethods': size=120000Kb used=6681Kb max_used=7089Kb free=113318Kb
 bounds [0x000001cf20eb0000, 0x000001cf215a0000, 0x000001cf283e0000]
CodeHeap 'profiled nmethods': size=120000Kb used=21626Kb max_used=21626Kb free=98373Kb
 bounds [0x000001cf19980000, 0x000001cf1aeb0000, 0x000001cf20eb0000]
CodeHeap 'non-nmethods': size=5760Kb used=2417Kb max_used=2499Kb free=3342Kb
 bounds [0x000001cf193e0000, 0x000001cf19660000, 0x000001cf19980000]
 total_blobs=12468 nmethods=11523 adapters=856
 compilation: enabled
              stopped_count=0, restarted_count=0
 full_count=0

Compilation events (20 events):
Event: 24.392 Thread 0x000001cf2f4c8a90 nmethod 13793 0x000001cf1a93d590 code [0x000001cf1a93d740, 0x000001cf1a93d988]
Event: 24.392 Thread 0x000001cf2f4c8a90 13791       1       com.android.tools.r8.internal.h4::n (2 bytes)
Event: 24.392 Thread 0x000001cf2f4c8a90 nmethod 13791 0x000001cf212ed610 code [0x000001cf212ed7a0, 0x000001cf212ed878]
Event: 24.392 Thread 0x000001cf2f4c8a90 13792       1       com.android.tools.r8.internal.Cg::V0 (2 bytes)
Event: 24.392 Thread 0x000001cf2f4c8a90 nmethod 13792 0x000001cf212ed310 code [0x000001cf212ed4a0, 0x000001cf212ed578]
Event: 24.392 Thread 0x000001cf2f4c8a90 13788       1       com.android.tools.r8.internal.aG::D (2 bytes)
Event: 24.392 Thread 0x000001cf2f4c8a90 nmethod 13788 0x000001cf212ed010 code [0x000001cf212ed1a0, 0x000001cf212ed278]
Event: 24.392 Thread 0x000001cf2f4c8a90 13797       2       com.android.tools.r8.internal.zh$d::a (13 bytes)
Event: 24.393 Thread 0x000001cf2f4c8a90 nmethod 13797 0x000001cf1aa02290 code [0x000001cf1aa02420, 0x000001cf1aa02558]
Event: 24.393 Thread 0x000001cf2f4c8a90 13798       2       com.android.tools.r8.internal.Fg::<init> (50 bytes)
Event: 24.393 Thread 0x000001cf2f4c8a90 nmethod 13798 0x000001cf1aa01c10 code [0x000001cf1aa01de0, 0x000001cf1aa02138]
Event: 24.393 Thread 0x000001cf302e0cd0 nmethod 13784 0x000001cf212ec810 code [0x000001cf212ec9a0, 0x000001cf212ecd98]
Event: 24.393 Thread 0x000001cf302e0cd0 13760       4       com.android.tools.r8.internal.pf::d (9 bytes)
Event: 24.394 Thread 0x000001cf2f4c8a90 13799       2       com.android.tools.r8.ir.regalloc.a::b (40 bytes)
Event: 24.394 Thread 0x000001cf2f4c8a90 nmethod 13799 0x000001cf1aa01610 code [0x000001cf1aa017c0, 0x000001cf1aa01a68]
Event: 24.396 Thread 0x000001cf302e0cd0 nmethod 13760 0x000001cf212ec390 code [0x000001cf212ec520, 0x000001cf212ec6d8]
Event: 24.396 Thread 0x000001cf302e0cd0 13748       4       com.android.tools.r8.graph.B0$b::a (62 bytes)
Event: 24.396 Thread 0x000001cf2f4c8a90 13801       2       com.android.tools.r8.internal.A0::<init> (5 bytes)
Event: 24.396 Thread 0x000001cf2f4c8a90 nmethod 13801 0x000001cf1a161e10 code [0x000001cf1a161fa0, 0x000001cf1a162098]
Event: 24.397 Thread 0x000001cf2f4c8a90 13802       2       java.util.LinkedList::remove (5 bytes)

GC Heap History (20 events):
Event: 18.791 GC heap before
{Heap before GC invocations=35 (full 0):
 garbage-first heap   total 164864K, used 132176K [0x0000000080000000, 0x0000000100000000)
  region size 1024K, 58 young (59392K), 5 survivors (5120K)
 Metaspace       used 77653K, committed 78272K, reserved 1122304K
  class space    used 10312K, committed 10624K, reserved 1048576K
}
Event: 18.806 GC heap after
{Heap after GC invocations=36 (full 0):
 garbage-first heap   total 164864K, used 86714K [0x0000000080000000, 0x0000000100000000)
  region size 1024K, 8 young (8192K), 8 survivors (8192K)
 Metaspace       used 77653K, committed 78272K, reserved 1122304K
  class space    used 10312K, committed 10624K, reserved 1048576K
}
Event: 19.284 GC heap before
{Heap before GC invocations=37 (full 0):
 garbage-first heap   total 167936K, used 130746K [0x0000000080000000, 0x0000000100000000)
  region size 1024K, 52 young (53248K), 8 survivors (8192K)
 Metaspace       used 77658K, committed 78272K, reserved 1122304K
  class space    used 10312K, committed 10624K, reserved 1048576K
}
Event: 19.296 GC heap after
{Heap after GC invocations=38 (full 0):
 garbage-first heap   total 167936K, used 90187K [0x0000000080000000, 0x0000000100000000)
  region size 1024K, 5 young (5120K), 5 survivors (5120K)
 Metaspace       used 77658K, committed 78272K, reserved 1122304K
  class space    used 10312K, committed 10624K, reserved 1048576K
}
Event: 19.450 GC heap before
{Heap before GC invocations=38 (full 0):
 garbage-first heap   total 167936K, used 135243K [0x0000000080000000, 0x0000000100000000)
  region size 1024K, 49 young (50176K), 5 survivors (5120K)
 Metaspace       used 77659K, committed 78272K, reserved 1122304K
  class space    used 10312K, committed 10624K, reserved 1048576K
}
Event: 19.458 GC heap after
{Heap after GC invocations=39 (full 0):
 garbage-first heap   total 167936K, used 93038K [0x0000000080000000, 0x0000000100000000)
  region size 1024K, 3 young (3072K), 3 survivors (3072K)
 Metaspace       used 77659K, committed 78272K, reserved 1122304K
  class space    used 10312K, committed 10624K, reserved 1048576K
}
Event: 19.995 GC heap before
{Heap before GC invocations=40 (full 0):
 garbage-first heap   total 178176K, used 136046K [0x0000000080000000, 0x0000000100000000)
  region size 1024K, 46 young (47104K), 3 survivors (3072K)
 Metaspace       used 77718K, committed 78336K, reserved 1122304K
  class space    used 10315K, committed 10624K, reserved 1048576K
}
Event: 20.003 GC heap after
{Heap after GC invocations=41 (full 0):
 garbage-first heap   total 178176K, used 97318K [0x0000000080000000, 0x0000000100000000)
  region size 1024K, 6 young (6144K), 6 survivors (6144K)
 Metaspace       used 77718K, committed 78336K, reserved 1122304K
  class space    used 10315K, committed 10624K, reserved 1048576K
}
Event: 20.386 GC heap before
{Heap before GC invocations=41 (full 0):
 garbage-first heap   total 178176K, used 144422K [0x0000000080000000, 0x0000000100000000)
  region size 1024K, 53 young (54272K), 6 survivors (6144K)
 Metaspace       used 77960K, committed 78656K, reserved 1122304K
  class space    used 10350K, committed 10688K, reserved 1048576K
}
Event: 20.399 GC heap after
{Heap after GC invocations=42 (full 0):
 garbage-first heap   total 178176K, used 102761K [0x0000000080000000, 0x0000000100000000)
  region size 1024K, 6 young (6144K), 6 survivors (6144K)
 Metaspace       used 77960K, committed 78656K, reserved 1122304K
  class space    used 10350K, committed 10688K, reserved 1048576K
}
Event: 20.816 GC heap before
{Heap before GC invocations=43 (full 0):
 garbage-first heap   total 198656K, used 145769K [0x0000000080000000, 0x0000000100000000)
  region size 1024K, 48 young (49152K), 6 survivors (6144K)
 Metaspace       used 78226K, committed 78848K, reserved 1122304K
  class space    used 10390K, committed 10688K, reserved 1048576K
}
Event: 20.823 GC heap after
{Heap after GC invocations=44 (full 0):
 garbage-first heap   total 198656K, used 103531K [0x0000000080000000, 0x0000000100000000)
  region size 1024K, 1 young (1024K), 1 survivors (1024K)
 Metaspace       used 78226K, committed 78848K, reserved 1122304K
  class space    used 10390K, committed 10688K, reserved 1048576K
}
Event: 21.347 GC heap before
{Heap before GC invocations=44 (full 0):
 garbage-first heap   total 198656K, used 149611K [0x0000000080000000, 0x0000000100000000)
  region size 1024K, 48 young (49152K), 1 survivors (1024K)
 Metaspace       used 78465K, committed 79104K, reserved 1122304K
  class space    used 10425K, committed 10752K, reserved 1048576K
}
Event: 21.352 GC heap after
{Heap after GC invocations=45 (full 0):
 garbage-first heap   total 198656K, used 104234K [0x0000000080000000, 0x0000000100000000)
  region size 1024K, 2 young (2048K), 2 survivors (2048K)
 Metaspace       used 78465K, committed 79104K, reserved 1122304K
  class space    used 10425K, committed 10752K, reserved 1048576K
}
Event: 22.058 GC heap before
{Heap before GC invocations=46 (full 0):
 garbage-first heap   total 198656K, used 165674K [0x0000000080000000, 0x0000000100000000)
  region size 1024K, 61 young (62464K), 2 survivors (2048K)
 Metaspace       used 80126K, committed 80768K, reserved 1122304K
  class space    used 10662K, committed 10944K, reserved 1048576K
}
Event: 22.065 GC heap after
{Heap after GC invocations=47 (full 0):
 garbage-first heap   total 198656K, used 114242K [0x0000000080000000, 0x0000000100000000)
  region size 1024K, 8 young (8192K), 8 survivors (8192K)
 Metaspace       used 80126K, committed 80768K, reserved 1122304K
  class space    used 10662K, committed 10944K, reserved 1048576K
}
Event: 22.342 GC heap before
{Heap before GC invocations=47 (full 0):
 garbage-first heap   total 198656K, used 160322K [0x0000000080000000, 0x0000000100000000)
  region size 1024K, 54 young (55296K), 8 survivors (8192K)
 Metaspace       used 82140K, committed 82752K, reserved 1122304K
  class space    used 10955K, committed 11264K, reserved 1048576K
}
Event: 22.353 GC heap after
{Heap after GC invocations=48 (full 0):
 garbage-first heap   total 352256K, used 118307K [0x0000000080000000, 0x0000000100000000)
  region size 1024K, 7 young (7168K), 7 survivors (7168K)
 Metaspace       used 82140K, committed 82752K, reserved 1122304K
  class space    used 10955K, committed 11264K, reserved 1048576K
}
Event: 23.987 GC heap before
{Heap before GC invocations=49 (full 0):
 garbage-first heap   total 352256K, used 277027K [0x0000000080000000, 0x0000000100000000)
  region size 1024K, 162 young (165888K), 7 survivors (7168K)
 Metaspace       used 88171K, committed 88832K, reserved 1130496K
  class space    used 11844K, committed 12160K, reserved 1048576K
}
Event: 24.012 GC heap after
{Heap after GC invocations=50 (full 0):
 garbage-first heap   total 352256K, used 137064K [0x0000000080000000, 0x0000000100000000)
  region size 1024K, 21 young (21504K), 21 survivors (21504K)
 Metaspace       used 88171K, committed 88832K, reserved 1130496K
  class space    used 11844K, committed 12160K, reserved 1048576K
}

Deoptimization events (20 events):
Event: 24.279 Thread 0x000001cf3181ceb0 Uncommon trap: trap_request=0xffffffde fr.pc=0x000001cf21076770 relative=0x0000000000004d50
Event: 24.279 Thread 0x000001cf3181ceb0 Uncommon trap: reason=class_check action=maybe_recompile pc=0x000001cf21076770 method=com.android.tools.r8.graph.j0$m.i()Lcom/android/tools/r8/graph/j0$g; @ 36 c2
Event: 24.279 Thread 0x000001cf3181ceb0 DEOPT PACKING pc=0x000001cf21076770 sp=0x000000167edf9f50
Event: 24.279 Thread 0x000001cf3181ceb0 DEOPT UNPACKING pc=0x000001cf1942d72e sp=0x000000167edf9e80 mode 2
Event: 24.285 Thread 0x000001cf318159d0 Uncommon trap: trap_request=0xffffff76 fr.pc=0x000001cf20efa390 relative=0x0000000000000850
Event: 24.285 Thread 0x000001cf318159d0 Uncommon trap: reason=predicate action=maybe_recompile pc=0x000001cf20efa390 method=com.android.tools.r8.graph.c0.a([C)I @ 8 c2
Event: 24.285 Thread 0x000001cf318159d0 DEOPT PACKING pc=0x000001cf20efa390 sp=0x000000167eef9bf0
Event: 24.285 Thread 0x000001cf318159d0 DEOPT UNPACKING pc=0x000001cf1942d72e sp=0x000000167eef9b50 mode 2
Event: 24.285 Thread 0x000001cf318159d0 Uncommon trap: trap_request=0xffffff76 fr.pc=0x000001cf21551aa0 relative=0x0000000000000280
Event: 24.285 Thread 0x000001cf318159d0 Uncommon trap: reason=predicate action=maybe_recompile pc=0x000001cf21551aa0 method=com.android.tools.r8.graph.c0.a([C)I @ 8 c2
Event: 24.287 Thread 0x000001cf318159d0 DEOPT PACKING pc=0x000001cf21551aa0 sp=0x000000167eef9bb0
Event: 24.287 Thread 0x000001cf318159d0 DEOPT UNPACKING pc=0x000001cf1942d72e sp=0x000000167eef9b48 mode 2
Event: 24.305 Thread 0x000001cf3181ceb0 Uncommon trap: trap_request=0xffffffde fr.pc=0x000001cf21076770 relative=0x0000000000004d50
Event: 24.305 Thread 0x000001cf3181ceb0 Uncommon trap: reason=class_check action=maybe_recompile pc=0x000001cf21076770 method=com.android.tools.r8.graph.j0$m.i()Lcom/android/tools/r8/graph/j0$g; @ 36 c2
Event: 24.305 Thread 0x000001cf3181ceb0 DEOPT PACKING pc=0x000001cf21076770 sp=0x000000167edf9f50
Event: 24.305 Thread 0x000001cf3181ceb0 DEOPT UNPACKING pc=0x000001cf1942d72e sp=0x000000167edf9e80 mode 2
Event: 24.305 Thread 0x000001cf3181ceb0 Uncommon trap: trap_request=0xffffffde fr.pc=0x000001cf21076770 relative=0x0000000000004d50
Event: 24.305 Thread 0x000001cf3181ceb0 Uncommon trap: reason=class_check action=maybe_recompile pc=0x000001cf21076770 method=com.android.tools.r8.graph.j0$m.i()Lcom/android/tools/r8/graph/j0$g; @ 36 c2
Event: 24.305 Thread 0x000001cf3181ceb0 DEOPT PACKING pc=0x000001cf21076770 sp=0x000000167edf9e30
Event: 24.305 Thread 0x000001cf3181ceb0 DEOPT UNPACKING pc=0x000001cf1942d72e sp=0x000000167edf9d60 mode 2

Classes unloaded (3 events):
Event: 16.868 Thread 0x000001cf2f49cfa0 Unloading class 0x00000008015a4c00 'java/lang/invoke/LambdaForm$DMH+0x00000008015a4c00'
Event: 16.868 Thread 0x000001cf2f49cfa0 Unloading class 0x00000008015a4800 'java/lang/invoke/LambdaForm$DMH+0x00000008015a4800'
Event: 16.868 Thread 0x000001cf2f49cfa0 Unloading class 0x00000008015a4400 'java/lang/invoke/LambdaForm$DMH+0x00000008015a4400'

Classes redefined (0 events):
No events

Internal exceptions (20 events):
Event: 22.331 Thread 0x000001cf31816470 Exception <a 'java/lang/NoSuchMethodError'{0x0000000089503d80}: 'int java.lang.invoke.DirectMethodHandle$Holder.invokeVirtual(java.lang.Object, java.lang.Object, java.lang.Object, java.lang.Object)'> (0x0000000089503d80) 
thrown [t:\workspace\open\src\hotspot\share\interpreter\linkResolver.cpp, line 790]
Event: 22.533 Thread 0x000001cf31816470 Exception <a 'java/lang/IncompatibleClassChangeError'{0x0000000094e11958}: Found class java.lang.Object, but interface was expected> (0x0000000094e11958) 
thrown [t:\workspace\open\src\hotspot\share\interpreter\linkResolver.cpp, line 857]
Event: 22.838 Thread 0x000001cf31816470 Exception <a 'java/lang/NoSuchMethodError'{0x0000000093178130}: 'java.lang.Object java.lang.invoke.DirectMethodHandle$Holder.invokeStatic(java.lang.Object, int, java.lang.Object, java.lang.Object)'> (0x0000000093178130) 
thrown [t:\workspace\open\src\hotspot\share\interpreter\linkResolver.cpp, line 790]
Event: 22.889 Thread 0x000001cf31816470 Exception <a 'java/lang/NoSuchMethodError'{0x0000000092cbbc30}: 'int java.lang.invoke.DirectMethodHandle$Holder.invokeVirtual(java.lang.Object, java.lang.Object, java.lang.Object)'> (0x0000000092cbbc30) 
thrown [t:\workspace\open\src\hotspot\share\interpreter\linkResolver.cpp, line 790]
Event: 22.916 Thread 0x000001cf31816470 Exception <a 'java/lang/NoSuchMethodError'{0x00000000927d4bc8}: 'java.lang.Object java.lang.invoke.DirectMethodHandle$Holder.newInvokeSpecial(java.lang.Object, java.lang.Object, java.lang.Object, java.lang.Object, java.lang.Object, java.lang.Object, java.lang.Object)'> (0x00000000927d4bc8) 
thrown [t:\workspace\open\src\hotspot\share\interpreter\linkResolver.cpp, line 790]
Event: 22.917 Thread 0x000001cf31816470 Exception <a 'java/lang/NoSuchMethodError'{0x00000000927d9d18}: 'java.lang.Object java.lang.invoke.Invokers$Holder.linkToTargetMethod(java.lang.Object, java.lang.Object, java.lang.Object, java.lang.Object, java.lang.Object, java.lang.Object, java.lang.Object)'> (0x00000000927d9d18) 
thrown [t:\workspace\open\src\hotspot\share\interpreter\linkResolver.cpp, line 790]
Event: 23.079 Thread 0x000001cf31816470 Exception <a 'java/lang/NoSuchMethodError'{0x00000000910012d8}: 'java.lang.Object java.lang.invoke.DirectMethodHandle$Holder.invokeVirtual(java.lang.Object, java.lang.Object, int, java.lang.Object)'> (0x00000000910012d8) 
thrown [t:\workspace\open\src\hotspot\share\interpreter\linkResolver.cpp, line 790]
Event: 23.120 Thread 0x000001cf31816470 Exception <a 'java/lang/IncompatibleClassChangeError'{0x0000000090c2ac38}: Found class java.lang.Object, but interface was expected> (0x0000000090c2ac38) 
thrown [t:\workspace\open\src\hotspot\share\interpreter\linkResolver.cpp, line 857]
Event: 23.121 Thread 0x000001cf31816470 Exception <a 'java/lang/IncompatibleClassChangeError'{0x0000000090c35808}: Found class java.lang.Object, but interface was expected> (0x0000000090c35808) 
thrown [t:\workspace\open\src\hotspot\share\interpreter\linkResolver.cpp, line 857]
Event: 23.142 Thread 0x000001cf318159d0 Exception <a 'java/lang/NoSuchMethodError'{0x0000000090a27d68}: 'void java.lang.invoke.DirectMethodHandle$Holder.invokeVirtual(java.lang.Object, java.lang.Object, int, java.lang.Object)'> (0x0000000090a27d68) 
thrown [t:\workspace\open\src\hotspot\share\interpreter\linkResolver.cpp, line 790]
Event: 23.196 Thread 0x000001cf3181ceb0 Exception <a 'sun/nio/fs/WindowsException'{0x00000000901f5b30}> (0x00000000901f5b30) 
thrown [t:\workspace\open\src\hotspot\share\prims\jni.cpp, line 579]
Event: 23.256 Thread 0x000001cf318159d0 Exception <a 'java/lang/NoSuchMethodError'{0x000000008f90b3b0}: 'int java.lang.invoke.DirectMethodHandle$Holder.invokeSpecial(java.lang.Object, java.lang.Object, java.lang.Object, int)'> (0x000000008f90b3b0) 
thrown [t:\workspace\open\src\hotspot\share\interpreter\linkResolver.cpp, line 790]
Event: 23.484 Thread 0x000001cf318159d0 Exception <a 'java/lang/NoSuchMethodError'{0x000000008e9d6968}: 'java.lang.Object java.lang.invoke.DirectMethodHandle$Holder.invokeInterface(java.lang.Object, java.lang.Object, int)'> (0x000000008e9d6968) 
thrown [t:\workspace\open\src\hotspot\share\interpreter\linkResolver.cpp, line 790]
Event: 23.949 Thread 0x000001cf31816470 Exception <a 'java/lang/NoSuchMethodError'{0x000000008c03e5a0}: 'void java.lang.invoke.DirectMethodHandle$Holder.invokeSpecial(java.lang.Object, java.lang.Object, int, java.lang.Object, java.lang.Object, java.lang.Object, java.lang.Object)'> (0x000000008c03e5a0) 
thrown [t:\workspace\open\src\hotspot\share\interpreter\linkResolver.cpp, line 790]
Event: 23.951 Thread 0x000001cf31816470 Exception <a 'java/lang/NoSuchMethodError'{0x000000008c04ebf0}: 'java.lang.Object java.lang.invoke.Invokers$Holder.linkToTargetMethod(java.lang.Object, int, java.lang.Object, java.lang.Object, java.lang.Object, java.lang.Object)'> (0x000000008c04ebf0) 
thrown [t:\workspace\open\src\hotspot\share\interpreter\linkResolver.cpp, line 790]
Event: 23.951 Thread 0x000001cf31816470 Exception <a 'java/lang/NoSuchMethodError'{0x000000008c0537f8}: 'void java.lang.invoke.DirectMethodHandle$Holder.invokeSpecial(java.lang.Object, java.lang.Object, java.lang.Object, java.lang.Object, java.lang.Object, java.lang.Object, java.lang.Object, java.lang.Object, java.lang.Object)'> (0x000000008c0537f8) 
thrown [t:\workspace\open\src\hotspot\share\interpreter\linkResolver.cpp, line 790]
Event: 23.955 Thread 0x000001cf31816470 Exception <a 'java/lang/NoSuchMethodError'{0x000000008c0f0168}: 'void java.lang.invoke.DirectMethodHandle$Holder.invokeStatic(java.lang.Object, java.lang.Object, java.lang.Object, java.lang.Object, java.lang.Object, java.lang.Object, java.lang.Object, java.lang.Object)'> (0x000000008c0f0168) 
thrown [t:\workspace\open\src\hotspot\share\interpreter\linkResolver.cpp, line 790]
Event: 24.245 Thread 0x000001cf31816470 Exception <a 'java/lang/IncompatibleClassChangeError'{0x0000000093f3da90}: Found class java.lang.Object, but interface was expected> (0x0000000093f3da90) 
thrown [t:\workspace\open\src\hotspot\share\interpreter\linkResolver.cpp, line 857]
Event: 24.304 Thread 0x000001cf31816470 Exception <a 'java/lang/NoSuchMethodError'{0x0000000092fc5eb0}: 'void java.lang.invoke.DirectMethodHandle$Holder.invokeVirtual(java.lang.Object, java.lang.Object, int)'> (0x0000000092fc5eb0) 
thrown [t:\workspace\open\src\hotspot\share\interpreter\linkResolver.cpp, line 790]
Event: 24.386 Thread 0x000001cf31816470 Exception <a 'sun/nio/fs/WindowsException'{0x0000000092589310}> (0x0000000092589310) 
thrown [t:\workspace\open\src\hotspot\share\prims\jni.cpp, line 579]

Events (20 events):
Event: 24.220 Executing  VM operation: ICBufferFull
Event: 24.221 Executing  VM operation: ICBufferFull done
Event: 24.222 Executing  VM operation: HandshakeAllThreads
Event: 24.222 Executing  VM operation: HandshakeAllThreads done
Event: 24.244 loading class java/util/IdentityHashMap$KeySpliterator
Event: 24.244 loading class java/util/IdentityHashMap$IdentityHashMapSpliterator
Event: 24.244 loading class java/util/IdentityHashMap$IdentityHashMapSpliterator done
Event: 24.244 loading class java/util/IdentityHashMap$KeySpliterator done
Event: 24.294 Executing  VM operation: ICBufferFull
Event: 24.296 Executing  VM operation: ICBufferFull done
Event: 24.308 loading class java/nio/ByteBufferAsShortBufferL
Event: 24.312 loading class java/nio/ShortBuffer
Event: 24.322 loading class java/nio/ShortBuffer done
Event: 24.322 loading class java/nio/ByteBufferAsShortBufferL done
Event: 24.330 Executing  VM operation: ICBufferFull
Event: 24.331 Executing  VM operation: ICBufferFull done
Event: 24.380 loading class java/util/zip/Adler32
Event: 24.381 loading class java/util/zip/Adler32 done
Event: 24.382 Executing  VM operation: HandshakeAllThreads
Event: 24.383 Executing  VM operation: HandshakeAllThreads done


Dynamic libraries:
0x00007ff663eb0000 - 0x00007ff663ec0000 	C:\Program Files\Java\jdk-16.0.2\bin\java.exe
0x00007ffbe1870000 - 0x00007ffbe1a65000 	C:\WINDOWS\SYSTEM32\ntdll.dll
0x00007ffbe0650000 - 0x00007ffbe070e000 	C:\WINDOWS\System32\KERNEL32.DLL
0x00007ffbdf570000 - 0x00007ffbdf838000 	C:\WINDOWS\System32\KERNELBASE.dll
0x00007ffbdf0f0000 - 0x00007ffbdf1f0000 	C:\WINDOWS\System32\ucrtbase.dll
0x00007ffbd70b0000 - 0x00007ffbd70c9000 	C:\Program Files\Java\jdk-16.0.2\bin\VCRUNTIME140.dll
0x00007ffbd6960000 - 0x00007ffbd6978000 	C:\Program Files\Java\jdk-16.0.2\bin\jli.dll
0x00007ffbe0d80000 - 0x00007ffbe0e2c000 	C:\WINDOWS\System32\ADVAPI32.dll
0x00007ffbe1020000 - 0x00007ffbe10be000 	C:\WINDOWS\System32\msvcrt.dll
0x00007ffbe0f70000 - 0x00007ffbe100b000 	C:\WINDOWS\System32\sechost.dll
0x00007ffbdf8c0000 - 0x00007ffbdf9ea000 	C:\WINDOWS\System32\RPCRT4.dll
0x00007ffbe0b50000 - 0x00007ffbe0cf1000 	C:\WINDOWS\System32\USER32.dll
0x00007ffbc2dc0000 - 0x00007ffbc305a000 	C:\WINDOWS\WinSxS\amd64_microsoft.windows.common-controls_6595b64144ccf1df_6.0.19041.1110_none_60b5254171f9507e\COMCTL32.dll
0x00007ffbdf280000 - 0x00007ffbdf2a2000 	C:\WINDOWS\System32\win32u.dll
0x00007ffbdfb10000 - 0x00007ffbdfb3b000 	C:\WINDOWS\System32\GDI32.dll
0x00007ffbdf460000 - 0x00007ffbdf56b000 	C:\WINDOWS\System32\gdi32full.dll
0x00007ffbdf2b0000 - 0x00007ffbdf34d000 	C:\WINDOWS\System32\msvcp_win.dll
0x00007ffbddd20000 - 0x00007ffbddd2a000 	C:\WINDOWS\SYSTEM32\VERSION.dll
0x00007ffbe1800000 - 0x00007ffbe1830000 	C:\WINDOWS\System32\IMM32.DLL
0x00007ffbd56f0000 - 0x00007ffbd56fc000 	C:\Program Files\Java\jdk-16.0.2\bin\vcruntime140_1.dll
0x00007ffba0d90000 - 0x00007ffba0e21000 	C:\Program Files\Java\jdk-16.0.2\bin\msvcp140.dll
0x00007ffb7c870000 - 0x00007ffb7d41b000 	C:\Program Files\Java\jdk-16.0.2\bin\server\jvm.dll
0x00007ffbe1010000 - 0x00007ffbe1018000 	C:\WINDOWS\System32\PSAPI.DLL
0x00007ffbbbcc0000 - 0x00007ffbbbcc9000 	C:\WINDOWS\SYSTEM32\WSOCK32.dll
0x00007ffbc2790000 - 0x00007ffbc27b7000 	C:\WINDOWS\SYSTEM32\WINMM.dll
0x00007ffbe0930000 - 0x00007ffbe099b000 	C:\WINDOWS\System32\WS2_32.dll
0x00007ffbdcef0000 - 0x00007ffbdcf02000 	C:\WINDOWS\SYSTEM32\kernel.appcore.dll
0x00007ffbd40c0000 - 0x00007ffbd40ca000 	C:\Program Files\Java\jdk-16.0.2\bin\jimage.dll
0x00007ffbd9a10000 - 0x00007ffbd9bf4000 	C:\WINDOWS\SYSTEM32\DBGHELP.DLL
0x00007ffbcd9d0000 - 0x00007ffbcd9fc000 	C:\WINDOWS\SYSTEM32\dbgcore.DLL
0x00007ffbdf1f0000 - 0x00007ffbdf273000 	C:\WINDOWS\System32\bcryptPrimitives.dll
0x00007ffbcce50000 - 0x00007ffbcce75000 	C:\Program Files\Java\jdk-16.0.2\bin\java.dll
0x00007ffbe10c0000 - 0x00007ffbe17ff000 	C:\WINDOWS\System32\SHELL32.dll
0x00007ffbdd500000 - 0x00007ffbddc90000 	C:\WINDOWS\SYSTEM32\windows.storage.dll
0x00007ffbe0290000 - 0x00007ffbe05e5000 	C:\WINDOWS\System32\combase.dll
0x00007ffbde830000 - 0x00007ffbde85e000 	C:\WINDOWS\SYSTEM32\Wldp.dll
0x00007ffbdfbd0000 - 0x00007ffbdfc7d000 	C:\WINDOWS\System32\SHCORE.dll
0x00007ffbe0720000 - 0x00007ffbe0775000 	C:\WINDOWS\System32\shlwapi.dll
0x00007ffbdeed0000 - 0x00007ffbdeeef000 	C:\WINDOWS\SYSTEM32\profapi.dll
0x00007ffbd40a0000 - 0x00007ffbd40b9000 	C:\Program Files\Java\jdk-16.0.2\bin\net.dll
0x00007ffbd3650000 - 0x00007ffbd375c000 	C:\WINDOWS\SYSTEM32\WINHTTP.dll
0x00007ffbde610000 - 0x00007ffbde67a000 	C:\WINDOWS\system32\mswsock.dll
0x00007ffbcc7e0000 - 0x00007ffbcc7f3000 	C:\Program Files\Java\jdk-16.0.2\bin\nio.dll
0x00007ffbb75e0000 - 0x00007ffbb75f8000 	C:\Program Files\Java\jdk-16.0.2\bin\zip.dll
0x00007ffbcda10000 - 0x00007ffbcda20000 	C:\Program Files\Java\jdk-16.0.2\bin\verify.dll
0x00007ffbccd10000 - 0x00007ffbccd37000 	C:\Users\halag\Documents\cs\year_project\locationReminder\.gradle\native\8bec1ad78214c89d9ad589b4d07fe93259594b29d510b10fafb7a158f7737e5d\windows-amd64\native-platform.dll
0x00007ffba7430000 - 0x00007ffba756d000 	C:\Users\halag\Documents\cs\year_project\locationReminder\.gradle\native\53dbd7edfb1c66fb8903c78663c9afc45aea4f116125fa6feffd364cf09443e8\windows-amd64\native-platform-file-events.dll
0x00007ffbcd270000 - 0x00007ffbcd279000 	C:\Program Files\Java\jdk-16.0.2\bin\management.dll
0x00007ffbcd250000 - 0x00007ffbcd25b000 	C:\Program Files\Java\jdk-16.0.2\bin\management_ext.dll
0x00007ffbde870000 - 0x00007ffbde888000 	C:\WINDOWS\SYSTEM32\CRYPTSP.dll
0x00007ffbddfb0000 - 0x00007ffbddfe4000 	C:\WINDOWS\system32\rsaenh.dll
0x00007ffbdf840000 - 0x00007ffbdf867000 	C:\WINDOWS\System32\bcrypt.dll
0x00007ffbdee50000 - 0x00007ffbdee7e000 	C:\WINDOWS\SYSTEM32\USERENV.dll
0x00007ffbde7a0000 - 0x00007ffbde7ac000 	C:\WINDOWS\SYSTEM32\CRYPTBASE.dll
0x00007ffbde320000 - 0x00007ffbde35b000 	C:\WINDOWS\SYSTEM32\IPHLPAPI.DLL
0x00007ffbdfb40000 - 0x00007ffbdfb48000 	C:\WINDOWS\System32\NSI.dll
0x00007ffbd98d0000 - 0x00007ffbd98e7000 	C:\WINDOWS\SYSTEM32\dhcpcsvc6.DLL
0x00007ffbd98b0000 - 0x00007ffbd98cd000 	C:\WINDOWS\SYSTEM32\dhcpcsvc.DLL
0x00007ffbde360000 - 0x00007ffbde42b000 	C:\WINDOWS\SYSTEM32\DNSAPI.dll
0x00007ffbccd00000 - 0x00007ffbccd0e000 	C:\Program Files\Java\jdk-16.0.2\bin\sunmscapi.dll
0x00007ffbdef90000 - 0x00007ffbdf0e6000 	C:\WINDOWS\System32\CRYPT32.dll
0x00007ffbde980000 - 0x00007ffbde9a7000 	C:\WINDOWS\SYSTEM32\ncrypt.dll
0x00007ffbde940000 - 0x00007ffbde97b000 	C:\WINDOWS\SYSTEM32\NTASN1.dll
0x00007ffbc13f0000 - 0x00007ffbc13f7000 	C:\WINDOWS\system32\wshunix.dll

dbghelp: loaded successfully - version: 4.0.5 - missing functions: none
symbol engine: initialized successfully - sym options: 0x614 - pdb path: .;C:\Program Files\Java\jdk-16.0.2\bin;C:\WINDOWS\SYSTEM32;C:\WINDOWS\WinSxS\amd64_microsoft.windows.common-controls_6595b64144ccf1df_6.0.19041.1110_none_60b5254171f9507e;C:\Program Files\Java\jdk-16.0.2\bin\server;C:\Users\halag\Documents\cs\year_project\locationReminder\.gradle\native\8bec1ad78214c89d9ad589b4d07fe93259594b29d510b10fafb7a158f7737e5d\windows-amd64;C:\Users\halag\Documents\cs\year_project\locationReminder\.gradle\native\53dbd7edfb1c66fb8903c78663c9afc45aea4f116125fa6feffd364cf09443e8\windows-amd64

VM Arguments:
jvm_args: --add-opens=java.base/java.util=ALL-UNNAMED --add-opens=java.base/java.lang=ALL-UNNAMED --add-opens=java.base/java.lang.invoke=ALL-UNNAMED --add-opens=java.base/java.util=ALL-UNNAMED --add-opens=java.prefs/java.util.prefs=ALL-UNNAMED --add-opens=java.prefs/java.util.prefs=ALL-UNNAMED --add-opens=java.base/java.nio.charset=ALL-UNNAMED --add-opens=java.base/java.net=ALL-UNNAMED --add-opens=java.base/java.util.concurrent.atomic=ALL-UNNAMED -Xmx2048m -Dfile.encoding=UTF-8 -Duser.country=GB -Duser.language=en -Duser.variant 
java_command: org.gradle.launcher.daemon.bootstrap.GradleDaemon 7.0.2
java_class_path (initial): C:\Users\halag\Documents\cs\year_project\locationReminder\.gradle\wrapper\dists\gradle-7.0.2-bin\857tjihv64xamwrf0h14cai3r\gradle-7.0.2\lib\gradle-launcher-7.0.2.jar
Launcher Type: SUN_STANDARD

[Global flags]
     intx CICompilerCount                          = 3                                         {product} {ergonomic}
     uint ConcGCThreads                            = 1                                         {product} {ergonomic}
     uint G1ConcRefinementThreads                  = 4                                         {product} {ergonomic}
   size_t G1HeapRegionSize                         = 1048576                                   {product} {ergonomic}
    uintx GCDrainStackTargetSize                   = 64                                        {product} {ergonomic}
   size_t InitialHeapSize                          = 268435456                                 {product} {ergonomic}
   size_t MarkStackSize                            = 4194304                                   {product} {ergonomic}
   size_t MaxHeapSize                              = 2147483648                                {product} {command line}
   size_t MaxNewSize                               = 1287651328                                {product} {ergonomic}
   size_t MinHeapDeltaBytes                        = 1048576                                   {product} {ergonomic}
   size_t MinHeapSize                              = 8388608                                   {product} {ergonomic}
    uintx NonNMethodCodeHeapSize                   = 5832780                                {pd product} {ergonomic}
    uintx NonProfiledCodeHeapSize                  = 122912730                              {pd product} {ergonomic}
    uintx ProfiledCodeHeapSize                     = 122912730                              {pd product} {ergonomic}
    uintx ReservedCodeCacheSize                    = 251658240                              {pd product} {ergonomic}
     bool SegmentedCodeCache                       = true                                      {product} {ergonomic}
   size_t SoftMaxHeapSize                          = 2147483648                             {manageable} {ergonomic}
     bool UseCompressedClassPointers               = true                           {product lp64_product} {ergonomic}
     bool UseCompressedOops                        = true                           {product lp64_product} {ergonomic}
     bool UseG1GC                                  = true                                      {product} {ergonomic}
     bool UseLargePagesIndividualAllocation        = false                                  {pd product} {ergonomic}

Logging:
Log output configuration:
 #0: stdout all=warning uptime,level,tags
 #1: stderr all=off uptime,level,tags

Environment Variables:
JAVA_HOME=C:\Program Files\Java\jdk-11.0.12
PATH=C:\Program Files\Common Files\Oracle\Java\javapath;C:\WINDOWS\system32;C:\WINDOWS;C:\WINDOWS\System32\Wbem;C:\WINDOWS\System32\WindowsPowerShell\v1.0\;C:\WINDOWS\System32\OpenSSH\;C:\Program Files\Intel\WiFi\bin\;C:\Program Files\Common Files\Intel\WirelessCommon\;C:\MinGW\bin;C:\Users\halag\Documents\cs\python\PyCharm Community Edition 2020.3.4;C:\Users\halag\AppData\Roaming\Microsoft\Windows\Start Menu\Programs\Python 3.9;C:\Users\halag\AppData\Local\Programs\Python\Python39;C:\Program Files (x86)\Intel\Intel(R) Management Engine Components\DAL;C:\Program Files\Intel\Intel(R) Management Engine Components\DAL;C:\Git\cmd;C:\Program Files\Java\jdk-11.0.12\bin\;C:\Users\halag\AppData\Local\Programs\Python\Python39\Scripts\;C:\minikube;C:\Users\halag\helm;C:\Users\halag\AppData\Local\Microsoft\WindowsApps;C:\Program Files (x86)\Dr. Memory\bin\;C:\Program Files\Intel\WiFi\bin\;C:\Program Files\Common Files\Intel\WirelessCommon\;C:\Users\halag\AppData\Local\GitHubDesktop\bin;C:\Users\halag\Documents\cs\winter2020\machine_learning\PyCharm Community Edition 2020.3\bin;;C:\Users\halag\AppData\Local\Android\Sdk\platform-tools;C:\Users\halag\AppData\Local\Android\Sdk;C:\Users\halag\AppData\Local\Programs\Microsoft VS Code\bin;C:\Program Files\Java\jdk-11.0.12\bin;C:\Users\halag\AppData\Local\Programs\Python\Python39\Scripts;C:\Users\halag\terraform;C:\Program Files\Java\jdk-17.0.1\bin;C:\Program Files\Java\jdk-16.0.2\bin;
USERNAME=halag
OS=Windows_NT
PROCESSOR_IDENTIFIER=Intel64 Family 6 Model 142 Stepping 9, GenuineIntel



---------------  S Y S T E M  ---------------

OS:
 Windows 10 , 64 bit Build 19041 (10.0.19041.1348)
OS uptime: 0 days 23:23 hours
Hyper-V role detected

CPU: total 4 (initial active 4) (2 cores per cpu, 2 threads per core) family 6 model 142 stepping 9 microcode 0xb4, cx8, cmov, fxsr, ht, mmx, 3dnowpref, sse, sse2, sse3, ssse3, sse4.1, sse4.2, popcnt, lzcnt, tsc, tscinvbit, avx, avx2, aes, erms, clmul, bmi1, bmi2, adx, fma, vzeroupper, clflush, clflushopt, hv

Memory: 4k page, system-wide physical 16281M (2716M free)
TotalPageFile size 17521M (AvailPageFile size 6M)
current process WorkingSet (physical memory assigned to process): 675M, peak: 676M
current process commit charge ("private bytes"): 769M, peak: 771M

vm_info: Java HotSpot(TM) 64-Bit Server VM (16.0.2+7-67) for windows-amd64 JRE (16.0.2+7-67), built on Jun  8 2021 23:24:19 by "mach5one" with MS VC++ 16.7 (VS2019)

END.
