#
# There is insufficient memory for the Java Runtime Environment to continue.
# Native memory allocation (mmap) failed to map 271581184 bytes for G1 virtual space
# Possible reasons:
#   The system is out of physical RAM or swap space
#   The process is running with CompressedOops enabled, and the Java Heap may be blocking the growth of the native heap
# Possible solutions:
#   Reduce memory load on the system
#   Increase physical memory or swap space
#   Check if swap backing store is full
#   Decrease Java heap size (-Xmx/-Xms)
#   Decrease number of Java threads
#   Decrease Java thread stack sizes (-Xss)
#   Set larger code cache with -XX:ReservedCodeCacheSize=
#   JVM is running with Unscaled Compressed Oops mode in which the Java heap is
#     placed in the first 4GB address space. The Java Heap base address is the
#     maximum limit for the native heap growth. Please use -XX:HeapBaseMinAddress
#     to set the Java Heap base and to place the Java Heap above 4GB virtual address.
# This output file may be truncated or incomplete.
#
#  Out of Memory Error (os_windows.cpp:3466), pid=11068, tid=17844
#
# JRE version: Java(TM) SE Runtime Environment (16.0.2+7) (build 16.0.2+7-67)
# Java VM: Java HotSpot(TM) 64-Bit Server VM (16.0.2+7-67, mixed mode, sharing, tiered, compressed oops, compressed class ptrs, g1 gc, windows-amd64)
# No core dump will be written. Minidumps are not enabled by default on client versions of Windows
#

---------------  S U M M A R Y ------------

Command Line: --add-opens=java.base/java.util=ALL-UNNAMED --add-opens=java.base/java.lang=ALL-UNNAMED --add-opens=java.base/java.lang.invoke=ALL-UNNAMED --add-opens=java.base/java.util=ALL-UNNAMED --add-opens=java.prefs/java.util.prefs=ALL-UNNAMED --add-opens=java.prefs/java.util.prefs=ALL-UNNAMED --add-opens=java.base/java.nio.charset=ALL-UNNAMED --add-opens=java.base/java.net=ALL-UNNAMED --add-opens=java.base/java.util.concurrent.atomic=ALL-UNNAMED -Xmx2048m -Dfile.encoding=UTF-8 -Duser.country=GB -Duser.language=en -Duser.variant org.gradle.launcher.daemon.bootstrap.GradleDaemon 7.0.2

Host: Intel(R) Core(TM) i5-7200U CPU @ 2.50GHz, 4 cores, 15G,  Windows 10 , 64 bit Build 19041 (10.0.19041.1348)
Time: Wed Dec  1 14:02:26 2021 Jerusalem Standard Time elapsed time: 5522.355823 seconds (0d 1h 32m 2s)

---------------  T H R E A D  ---------------

Current thread (0x000002543b20f900):  VMThread "VM Thread" [stack: 0x000000f40e700000,0x000000f40e800000] [id=17844]

Stack: [0x000000f40e700000,0x000000f40e800000]
Native frames: (J=compiled Java code, j=interpreted, Vv=VM code, C=native code)
V  [jvm.dll+0x6681ca]
V  [jvm.dll+0x7c9e69]
V  [jvm.dll+0x7cb61e]
V  [jvm.dll+0x7cbc73]
V  [jvm.dll+0x242c55]
V  [jvm.dll+0x664f89]
V  [jvm.dll+0x659b75]
V  [jvm.dll+0x2fbfbb]
V  [jvm.dll+0x3031b6]
V  [jvm.dll+0x35299e]
V  [jvm.dll+0x352bcf]
V  [jvm.dll+0x2d3028]
V  [jvm.dll+0x2d0bb5]
V  [jvm.dll+0x2d01ec]
V  [jvm.dll+0x3152d2]
V  [jvm.dll+0x7d00ab]
V  [jvm.dll+0x7d0da4]
V  [jvm.dll+0x7d12a9]
V  [jvm.dll+0x7d1564]
V  [jvm.dll+0x7d1630]
V  [jvm.dll+0x7795aa]
V  [jvm.dll+0x667066]
C  [ucrtbase.dll+0x21bb2]
C  [KERNEL32.DLL+0x17034]
C  [ntdll.dll+0x52651]

VM_Operation (0x000000f411cfbb00): G1CollectForAllocation, mode: safepoint, requested by thread 0x0000025440339020


---------------  P R O C E S S  ---------------

Threads class SMR info:
_java_thread_list=0x000002543c394900, length=58, elements={
0x000002541d9cfae0, 0x000002543b218880, 0x000002543b219650, 0x000002543b227400,
0x000002543b227e10, 0x000002543b22a730, 0x000002543b22f550, 0x000002543b2325b0,
0x000002543b23bfd0, 0x000002543b263100, 0x000002543bcf5050, 0x000002543bcf7580,
0x000002543c65ad50, 0x000002543c65c290, 0x000002543c65c7e0, 0x000002543d7751a0,
0x000002543d76d770, 0x000002543d7701f0, 0x000002543d770c90, 0x000002543d76e760,
0x000002543d7741b0, 0x000002543d774c50, 0x000002543d76dcc0, 0x000002543d76f200,
0x0000025440337040, 0x0000025440338580, 0x0000025440339ac0, 0x000002544033baa0,
0x0000025441797350, 0x0000025441794380, 0x0000025441797df0, 0x00000254417968b0,
0x0000025441791e50, 0x0000025441795370, 0x0000025441791900, 0x00000254417948d0,
0x00000254417958c0, 0x00000254417923a0, 0x0000025441796360, 0x0000025441798340,
0x0000025441796e00, 0x00000254417978a0, 0x0000025441798890, 0x0000025441799330,
0x0000025441794e20, 0x00000254417938e0, 0x0000025441793e30, 0x0000025441792e40,
0x0000025441793390, 0x000002544033bff0, 0x000002544033c540, 0x0000025440339020,
0x0000025440338030, 0x000002544033ca90, 0x0000025440335b00, 0x00000254403365a0,
0x000002543d770740, 0x0000025441216bc0
}

Java Threads: ( => current thread )
  0x000002541d9cfae0 JavaThread "main" [_thread_blocked, id=12160, stack(0x000000f40e100000,0x000000f40e200000)]
  0x000002543b218880 JavaThread "Reference Handler" daemon [_thread_blocked, id=14248, stack(0x000000f40e800000,0x000000f40e900000)]
  0x000002543b219650 JavaThread "Finalizer" daemon [_thread_blocked, id=6552, stack(0x000000f40e900000,0x000000f40ea00000)]
  0x000002543b227400 JavaThread "Signal Dispatcher" daemon [_thread_blocked, id=9880, stack(0x000000f40ea00000,0x000000f40eb00000)]
  0x000002543b227e10 JavaThread "Attach Listener" daemon [_thread_blocked, id=2720, stack(0x000000f40eb00000,0x000000f40ec00000)]
  0x000002543b22a730 JavaThread "Service Thread" daemon [_thread_blocked, id=2648, stack(0x000000f40ec00000,0x000000f40ed00000)]
  0x000002543b22f550 JavaThread "Monitor Deflation Thread" daemon [_thread_blocked, id=2292, stack(0x000000f40ed00000,0x000000f40ee00000)]
  0x000002543b2325b0 JavaThread "C2 CompilerThread0" daemon [_thread_blocked, id=14572, stack(0x000000f40ee00000,0x000000f40ef00000)]
  0x000002543b23bfd0 JavaThread "C1 CompilerThread0" daemon [_thread_blocked, id=7556, stack(0x000000f40ef00000,0x000000f40f000000)]
  0x000002543b263100 JavaThread "Sweeper thread" daemon [_thread_blocked, id=8840, stack(0x000000f40f000000,0x000000f40f100000)]
  0x000002543bcf5050 JavaThread "Common-Cleaner" daemon [_thread_blocked, id=15632, stack(0x000000f40f100000,0x000000f40f200000)]
  0x000002543bcf7580 JavaThread "Notification Thread" daemon [_thread_blocked, id=15876, stack(0x000000f40f200000,0x000000f40f300000)]
  0x000002543c65ad50 JavaThread "Daemon health stats" [_thread_blocked, id=2892, stack(0x000000f40f800000,0x000000f40f900000)]
  0x000002543c65c290 JavaThread "Incoming local TCP Connector on port 54200" [_thread_in_native, id=9888, stack(0x000000f40f400000,0x000000f40f500000)]
  0x000002543c65c7e0 JavaThread "Daemon periodic checks" [_thread_blocked, id=7344, stack(0x000000f40f900000,0x000000f40fa00000)]
  0x000002543d7751a0 JavaThread "Cache worker for file hash cache (C:\Users\halag\Documents\cs\year_project\locationReminder\.gradle\caches\7.0.2\fileHashes)" [_thread_blocked, id=11136, stack(0x000000f410100000,0x000000f410200000)]
  0x000002543d76d770 JavaThread "File lock request listener" [_thread_in_native, id=16204, stack(0x000000f410200000,0x000000f410300000)]
  0x000002543d7701f0 JavaThread "Cache worker for journal cache (C:\Users\halag\Documents\cs\year_project\locationReminder\.gradle\caches\journal-1)" [_thread_blocked, id=2488, stack(0x000000f410300000,0x000000f410400000)]
  0x000002543d770c90 JavaThread "File watcher server" daemon [_thread_blocked, id=15828, stack(0x000000f410400000,0x000000f410500000)]
  0x000002543d76e760 JavaThread "File watcher consumer" daemon [_thread_blocked, id=14488, stack(0x000000f410600000,0x000000f410700000)]
  0x000002543d7741b0 JavaThread "Cache worker for execution history cache (C:\Users\halag\Documents\cs\year_project\locationReminder\.gradle\caches\7.0.2\executionHistory)" [_thread_blocked, id=9856, stack(0x000000f410b00000,0x000000f410c00000)]
  0x000002543d774c50 JavaThread "jar transforms" [_thread_blocked, id=15336, stack(0x000000f410c00000,0x000000f410d00000)]
  0x000002543d76dcc0 JavaThread "jar transforms Thread 2" [_thread_blocked, id=15332, stack(0x000000f410d00000,0x000000f410e00000)]
  0x000002543d76f200 JavaThread "Cache worker for file content cache (C:\Users\halag\Documents\cs\year_project\locationReminder\.gradle\caches\7.0.2\fileContent)" [_thread_blocked, id=7108, stack(0x000000f410e00000,0x000000f410f00000)]
  0x0000025440337040 JavaThread "jar transforms Thread 3" [_thread_blocked, id=10932, stack(0x000000f411000000,0x000000f411100000)]
  0x0000025440338580 JavaThread "jar transforms Thread 4" [_thread_blocked, id=4700, stack(0x000000f411600000,0x000000f411700000)]
  0x0000025440339ac0 JavaThread "Memory manager" [_thread_blocked, id=7800, stack(0x000000f411700000,0x000000f411800000)]
  0x000002544033baa0 JavaThread "pool-3-thread-1" [_thread_blocked, id=5996, stack(0x000000f411900000,0x000000f411a00000)]
  0x0000025441797350 JavaThread "ForkJoinPool.commonPool-worker-5" daemon [_thread_blocked, id=16196, stack(0x000000f412800000,0x000000f412900000)]
  0x0000025441794380 JavaThread "Daemon Thread 2" [_thread_blocked, id=3848, stack(0x000000f40de00000,0x000000f40df00000)]
  0x0000025441797df0 JavaThread "Handler for socket connection from /127.0.0.1:54200 to /127.0.0.1:56923" [_thread_in_native, id=8036, stack(0x000000f40df00000,0x000000f40e000000)]
  0x00000254417968b0 JavaThread "Cancel handler" [_thread_blocked, id=2888, stack(0x000000f40e000000,0x000000f40e100000)]
  0x0000025441791e50 JavaThread "Daemon worker Thread 2" [_thread_blocked, id=60, stack(0x000000f40fa00000,0x000000f40fb00000)]
  0x0000025441795370 JavaThread "Asynchronous log dispatcher for DefaultDaemonConnection: socket connection from /127.0.0.1:54200 to /127.0.0.1:56923" [_thread_blocked, id=9628, stack(0x000000f40fb00000,0x000000f40fc00000)]
  0x0000025441791900 JavaThread "Stdin handler" [_thread_blocked, id=9108, stack(0x000000f40fc00000,0x000000f40fd00000)]
  0x00000254417948d0 JavaThread "Daemon client event forwarder" [_thread_blocked, id=17300, stack(0x000000f40fd00000,0x000000f40fe00000)]
  0x00000254417958c0 JavaThread "Cache worker for file hash cache (C:\Users\halag\Documents\cs\year_project\locationReminder\.gradle\7.0.2\fileHashes)" [_thread_blocked, id=5736, stack(0x000000f40fe00000,0x000000f40ff00000)]
  0x00000254417923a0 JavaThread "Cache worker for checksums cache (C:\Users\halag\Documents\cs\year_project\locationReminder\.gradle\checksums)" [_thread_blocked, id=17236, stack(0x000000f40ff00000,0x000000f410000000)]
  0x0000025441796360 JavaThread "Cache worker for cache directory md-supplier (C:\Users\halag\Documents\cs\year_project\locationReminder\.gradle\caches\7.0.2\md-supplier)" [_thread_blocked, id=2232, stack(0x000000f410000000,0x000000f410100000)]
  0x0000025441798340 JavaThread "Cache worker for cache directory md-rule (C:\Users\halag\Documents\cs\year_project\locationReminder\.gradle\caches\7.0.2\md-rule)" [_thread_blocked, id=9772, stack(0x000000f410500000,0x000000f410600000)]
  0x0000025441796e00 JavaThread "Cache worker for dependencies-accessors (C:\Users\halag\Documents\cs\year_project\locationReminder\.gradle\7.0.2\dependencies-accessors)" [_thread_blocked, id=8340, stack(0x000000f410800000,0x000000f410900000)]
  0x00000254417978a0 JavaThread "Cache worker for Build Output Cleanup Cache (C:\Users\halag\Documents\cs\year_project\locationReminder\.gradle\buildOutputCleanup)" [_thread_blocked, id=11332, stack(0x000000f410900000,0x000000f410a00000)]
  0x0000025441798890 JavaThread "Build operations" [_thread_blocked, id=11336, stack(0x000000f410a00000,0x000000f410b00000)]
  0x0000025441799330 JavaThread "Build operations Thread 2" [_thread_blocked, id=16392, stack(0x000000f410f00000,0x000000f411000000)]
  0x0000025441794e20 JavaThread "Build operations Thread 3" [_thread_blocked, id=17440, stack(0x000000f411100000,0x000000f411200000)]
  0x00000254417938e0 JavaThread "Build operations Thread 4" [_thread_blocked, id=2160, stack(0x000000f411200000,0x000000f411300000)]
  0x0000025441793e30 JavaThread "build event listener" [_thread_blocked, id=12872, stack(0x000000f411400000,0x000000f411500000)]
  0x0000025441792e40 JavaThread "pool-8-thread-1" [_thread_blocked, id=216, stack(0x000000f411500000,0x000000f411600000)]
  0x0000025441793390 JavaThread "build event listener" [_thread_blocked, id=2420, stack(0x000000f411800000,0x000000f411900000)]
  0x000002544033bff0 JavaThread "Execution worker for ':'" [_thread_blocked, id=12508, stack(0x000000f411a00000,0x000000f411b00000)]
  0x000002544033c540 JavaThread "Execution worker for ':' Thread 2" [_thread_blocked, id=15932, stack(0x000000f411b00000,0x000000f411c00000)]
  0x0000025440339020 JavaThread "Execution worker for ':' Thread 3" [_thread_blocked, id=10096, stack(0x000000f411c00000,0x000000f411d00000)]
  0x0000025440338030 JavaThread "Cache worker for execution history cache (C:\Users\halag\Documents\cs\year_project\locationReminder\.gradle\7.0.2\executionHistory)" [_thread_blocked, id=6452, stack(0x000000f411d00000,0x000000f411e00000)]
  0x000002544033ca90 JavaThread "WorkerExecutor Queue" [_thread_blocked, id=128, stack(0x000000f412400000,0x000000f412500000)]
  0x0000025440335b00 JavaThread "WorkerExecutor Queue Thread 2" [_thread_blocked, id=6136, stack(0x000000f412500000,0x000000f412600000)]
  0x00000254403365a0 JavaThread "WorkerExecutor Queue Thread 3" [_thread_blocked, id=1756, stack(0x000000f412600000,0x000000f412700000)]
  0x000002543d770740 JavaThread "WorkerExecutor Queue Thread 4" [_thread_blocked, id=10428, stack(0x000000f412700000,0x000000f412800000)]
  0x0000025441216bc0 JavaThread "C2 CompilerThread1" daemon [_thread_blocked, id=12532, stack(0x000000f412000000,0x000000f412100000)]

Other Threads:
=>0x000002543b20f900 VMThread "VM Thread" [stack: 0x000000f40e700000,0x000000f40e800000] [id=17844]
  0x000002543bcfa2d0 WatcherThread [stack: 0x000000f40f300000,0x000000f40f400000] [id=8912]
  0x000002541da0c6e0 GCTaskThread "GC Thread#0" [stack: 0x000000f40e200000,0x000000f40e300000] [id=10448]
  0x000002543c48b320 GCTaskThread "GC Thread#1" [stack: 0x000000f40f500000,0x000000f40f600000] [id=8984]
  0x000002543c567560 GCTaskThread "GC Thread#2" [stack: 0x000000f40f600000,0x000000f40f700000] [id=10224]
  0x000002543c567870 GCTaskThread "GC Thread#3" [stack: 0x000000f40f700000,0x000000f40f800000] [id=10536]
  0x000002541da1d730 ConcurrentGCThread "G1 Main Marker" [stack: 0x000000f40e300000,0x000000f40e400000] [id=8248]
  0x000002541da20870 ConcurrentGCThread "G1 Conc#0" [stack: 0x000000f40e400000,0x000000f40e500000] [id=2472]
  0x000002543b0be100 ConcurrentGCThread "G1 Refine#0" [stack: 0x000000f40e500000,0x000000f40e600000] [id=12448]
  0x000002543be76080 ConcurrentGCThread "G1 Refine#1" [stack: 0x000000f411f00000,0x000000f412000000] [id=14824]
  0x000002543be75380 ConcurrentGCThread "G1 Refine#2" [stack: 0x000000f412300000,0x000000f412400000] [id=14120]
  0x00000254407376d0 ConcurrentGCThread "G1 Refine#3" [stack: 0x000000f411300000,0x000000f411400000] [id=12392]
  0x000002543b0be990 ConcurrentGCThread "G1 Service" [stack: 0x000000f40e600000,0x000000f40e700000] [id=18408]

Threads with active compile tasks:

VM state: at safepoint (normal execution)

VM Mutex/Monitor currently owned by a thread:  ([mutex/lock_event])
[0x000002541d9cc9b0] Threads_lock - owner thread: 0x000002543b20f900
[0x000002541d9cc020] Heap_lock - owner thread: 0x0000025440339020

Heap address: 0x0000000080000000, size: 2048 MB, Compressed Oops mode: 32-bit

CDS archive(s) mapped at: [0x0000000800000000-0x0000000800bb0000-0x0000000800bb0000), size 12255232, SharedBaseAddress: 0x0000000800000000, ArchiveRelocationMode: 0.
Compressed class space mapped at: 0x0000000800c00000-0x0000000840c00000, reserved size: 1073741824
Narrow klass base: 0x0000000800000000, Narrow klass shift: 3, Narrow klass range: 0x100000000

GC Precious Log:
 CPUs: 4 total, 4 available
 Memory: 16281M
 Large Page Support: Disabled
 NUMA Support: Disabled
 Compressed Oops: Enabled (32-bit)
 Heap Region Size: 1M
 Heap Min Capacity: 8M
 Heap Initial Capacity: 256M
 Heap Max Capacity: 2G
 Pre-touch: Disabled
 Parallel Workers: 4
 Concurrent Workers: 1
 Concurrent Refinement Workers: 4
 Periodic GC: Disabled

Heap:
 garbage-first heap   total 265216K, used 101785K [0x0000000080000000, 0x0000000100000000)
  region size 1024K, 1 young (1024K), 1 survivors (1024K)
 Metaspace       used 103914K, committed 104576K, reserved 1146880K
  class space    used 12929K, committed 13248K, reserved 1048576K

Heap Regions: E=young(eden), S=young(survivor), O=old, HS=humongous(starts), HC=humongous(continues), CS=collection set, F=free, OA=open archive, CA=closed archive, TAMS=top-at-mark-start (previous, next)
|   0|0x0000000080000000, 0x0000000080100000, 0x0000000080100000|100%|HS|  |TAMS 0x0000000080100000, 0x0000000080100000| Complete 
|   1|0x0000000080100000, 0x0000000080200000, 0x0000000080200000|100%|HC|  |TAMS 0x0000000080200000, 0x0000000080200000| Complete 
|   2|0x0000000080200000, 0x0000000080300000, 0x0000000080300000|100%|HC|  |TAMS 0x0000000080300000, 0x0000000080300000| Complete 
|   3|0x0000000080300000, 0x0000000080400000, 0x0000000080400000|100%| O|  |TAMS 0x0000000080400000, 0x0000000080400000| Untracked 
|   4|0x0000000080400000, 0x0000000080500000, 0x0000000080500000|100%| O|  |TAMS 0x0000000080500000, 0x0000000080500000| Untracked 
|   5|0x0000000080500000, 0x0000000080600000, 0x0000000080600000|100%| O|  |TAMS 0x0000000080600000, 0x0000000080600000| Untracked 
|   6|0x0000000080600000, 0x0000000080700000, 0x0000000080700000|100%| O|  |TAMS 0x0000000080700000, 0x0000000080700000| Untracked 
|   7|0x0000000080700000, 0x0000000080800000, 0x0000000080800000|100%| O|  |TAMS 0x0000000080800000, 0x0000000080800000| Untracked 
|   8|0x0000000080800000, 0x0000000080900000, 0x0000000080900000|100%| O|  |TAMS 0x0000000080900000, 0x0000000080900000| Untracked 
|   9|0x0000000080900000, 0x0000000080a00000, 0x0000000080a00000|100%| O|  |TAMS 0x0000000080900000, 0x0000000080a00000| Untracked 
|  10|0x0000000080a00000, 0x0000000080b00000, 0x0000000080b00000|100%| O|  |TAMS 0x0000000080b00000, 0x0000000080b00000| Untracked 
|  11|0x0000000080b00000, 0x0000000080c00000, 0x0000000080c00000|100%| O|  |TAMS 0x0000000080b00000, 0x0000000080c00000| Untracked 
|  12|0x0000000080c00000, 0x0000000080d00000, 0x0000000080d00000|100%| O|  |TAMS 0x0000000080d00000, 0x0000000080d00000| Untracked 
|  13|0x0000000080d00000, 0x0000000080e00000, 0x0000000080e00000|100%| O|  |TAMS 0x0000000080e00000, 0x0000000080e00000| Untracked 
|  14|0x0000000080e00000, 0x0000000080f00000, 0x0000000080f00000|100%| O|  |TAMS 0x0000000080f00000, 0x0000000080f00000| Untracked 
|  15|0x0000000080f00000, 0x0000000081000000, 0x0000000081000000|100%| O|  |TAMS 0x0000000081000000, 0x0000000081000000| Untracked 
|  16|0x0000000081000000, 0x0000000081100000, 0x0000000081100000|100%| O|  |TAMS 0x0000000081100000, 0x0000000081100000| Untracked 
|  17|0x0000000081100000, 0x0000000081200000, 0x0000000081200000|100%| O|  |TAMS 0x0000000081200000, 0x0000000081200000| Untracked 
|  18|0x0000000081200000, 0x0000000081300000, 0x0000000081300000|100%| O|  |TAMS 0x0000000081300000, 0x0000000081300000| Untracked 
|  19|0x0000000081300000, 0x0000000081400000, 0x0000000081400000|100%| O|  |TAMS 0x0000000081400000, 0x0000000081400000| Untracked 
|  20|0x0000000081400000, 0x0000000081500000, 0x0000000081500000|100%| O|  |TAMS 0x0000000081500000, 0x0000000081500000| Untracked 
|  21|0x0000000081500000, 0x0000000081600000, 0x0000000081600000|100%| O|  |TAMS 0x0000000081500000, 0x0000000081600000| Untracked 
|  22|0x0000000081600000, 0x0000000081700000, 0x0000000081700000|100%| O|  |TAMS 0x0000000081700000, 0x0000000081700000| Untracked 
|  23|0x0000000081700000, 0x0000000081800000, 0x0000000081800000|100%| O|  |TAMS 0x0000000081800000, 0x0000000081800000| Untracked 
|  24|0x0000000081800000, 0x0000000081900000, 0x0000000081900000|100%| O|  |TAMS 0x0000000081900000, 0x0000000081900000| Untracked 
|  25|0x0000000081900000, 0x0000000081a00000, 0x0000000081a00000|100%| O|  |TAMS 0x0000000081a00000, 0x0000000081a00000| Untracked 
|  26|0x0000000081a00000, 0x0000000081b00000, 0x0000000081b00000|100%| O|  |TAMS 0x0000000081b00000, 0x0000000081b00000| Untracked 
|  27|0x0000000081b00000, 0x0000000081c00000, 0x0000000081c00000|100%|HS|  |TAMS 0x0000000081c00000, 0x0000000081c00000| Complete 
|  28|0x0000000081c00000, 0x0000000081d00000, 0x0000000081d00000|100%|HS|  |TAMS 0x0000000081d00000, 0x0000000081d00000| Complete 
|  29|0x0000000081d00000, 0x0000000081e00000, 0x0000000081e00000|100%| O|  |TAMS 0x0000000081e00000, 0x0000000081e00000| Untracked 
|  30|0x0000000081e00000, 0x0000000081f00000, 0x0000000081f00000|100%| O|  |TAMS 0x0000000081f00000, 0x0000000081f00000| Untracked 
|  31|0x0000000081f00000, 0x0000000082000000, 0x0000000082000000|100%| O|  |TAMS 0x0000000082000000, 0x0000000082000000| Untracked 
|  32|0x0000000082000000, 0x0000000082100000, 0x0000000082100000|100%|HS|  |TAMS 0x0000000082100000, 0x0000000082100000| Complete 
|  33|0x0000000082100000, 0x0000000082200000, 0x0000000082200000|100%|HC|  |TAMS 0x0000000082200000, 0x0000000082200000| Complete 
|  34|0x0000000082200000, 0x0000000082300000, 0x0000000082300000|100%| O|  |TAMS 0x0000000082300000, 0x0000000082300000| Untracked 
|  35|0x0000000082300000, 0x0000000082400000, 0x0000000082400000|100%| O|  |TAMS 0x0000000082400000, 0x0000000082400000| Untracked 
|  36|0x0000000082400000, 0x0000000082500000, 0x0000000082500000|100%| O|  |TAMS 0x0000000082500000, 0x0000000082500000| Untracked 
|  37|0x0000000082500000, 0x0000000082600000, 0x0000000082600000|100%| O|  |TAMS 0x0000000082500000, 0x0000000082600000| Untracked 
|  38|0x0000000082600000, 0x0000000082700000, 0x0000000082700000|100%| O|  |TAMS 0x0000000082700000, 0x0000000082700000| Untracked 
|  39|0x0000000082700000, 0x0000000082800000, 0x0000000082800000|100%| O|  |TAMS 0x0000000082800000, 0x0000000082800000| Untracked 
|  40|0x0000000082800000, 0x0000000082900000, 0x0000000082900000|100%| O|  |TAMS 0x0000000082900000, 0x0000000082900000| Untracked 
|  41|0x0000000082900000, 0x0000000082a00000, 0x0000000082a00000|100%| O|  |TAMS 0x0000000082a00000, 0x0000000082a00000| Untracked 
|  42|0x0000000082a00000, 0x0000000082b00000, 0x0000000082b00000|100%| O|  |TAMS 0x0000000082b00000, 0x0000000082b00000| Untracked 
|  43|0x0000000082b00000, 0x0000000082c00000, 0x0000000082c00000|100%| O|  |TAMS 0x0000000082c00000, 0x0000000082c00000| Untracked 
|  44|0x0000000082c00000, 0x0000000082d00000, 0x0000000082d00000|100%| O|  |TAMS 0x0000000082d00000, 0x0000000082d00000| Untracked 
|  45|0x0000000082d00000, 0x0000000082e00000, 0x0000000082e00000|100%| O|  |TAMS 0x0000000082e00000, 0x0000000082e00000| Untracked 
|  46|0x0000000082e00000, 0x0000000082f00000, 0x0000000082f00000|100%| O|  |TAMS 0x0000000082f00000, 0x0000000082f00000| Untracked 
|  47|0x0000000082f00000, 0x0000000083000000, 0x0000000083000000|100%| O|  |TAMS 0x0000000083000000, 0x0000000083000000| Untracked 
|  48|0x0000000083000000, 0x0000000083100000, 0x0000000083100000|100%| O|  |TAMS 0x0000000083100000, 0x0000000083100000| Untracked 
|  49|0x0000000083100000, 0x0000000083200000, 0x0000000083200000|100%| O|  |TAMS 0x0000000083200000, 0x0000000083200000| Untracked 
|  50|0x0000000083200000, 0x0000000083300000, 0x0000000083300000|100%| O|  |TAMS 0x0000000083300000, 0x0000000083300000| Untracked 
|  51|0x0000000083300000, 0x0000000083400000, 0x0000000083400000|100%| O|  |TAMS 0x0000000083400000, 0x0000000083400000| Untracked 
|  52|0x0000000083400000, 0x000000008347c000, 0x0000000083500000| 48%| O|  |TAMS 0x0000000083400000, 0x000000008347c000| Untracked 
|  53|0x0000000083500000, 0x0000000083600000, 0x0000000083600000|100%| O|  |TAMS 0x0000000083600000, 0x0000000083600000| Untracked 
|  54|0x0000000083600000, 0x0000000083600000, 0x0000000083700000|  0%| F|  |TAMS 0x0000000083600000, 0x0000000083600000| Untracked 
|  55|0x0000000083700000, 0x0000000083700000, 0x0000000083800000|  0%| F|  |TAMS 0x0000000083700000, 0x0000000083700000| Untracked 
|  56|0x0000000083800000, 0x0000000083800000, 0x0000000083900000|  0%| F|  |TAMS 0x0000000083800000, 0x0000000083800000| Untracked 
|  57|0x0000000083900000, 0x0000000083900000, 0x0000000083a00000|  0%| F|  |TAMS 0x0000000083900000, 0x0000000083900000| Untracked 
|  58|0x0000000083a00000, 0x0000000083a00000, 0x0000000083b00000|  0%| F|  |TAMS 0x0000000083a00000, 0x0000000083a00000| Untracked 
|  59|0x0000000083b00000, 0x0000000083c00000, 0x0000000083c00000|100%| O|  |TAMS 0x0000000083c00000, 0x0000000083c00000| Untracked 
|  60|0x0000000083c00000, 0x0000000083c00000, 0x0000000083d00000|  0%| F|  |TAMS 0x0000000083c00000, 0x0000000083c00000| Untracked 
|  61|0x0000000083d00000, 0x0000000083d00000, 0x0000000083e00000|  0%| F|  |TAMS 0x0000000083d00000, 0x0000000083d00000| Untracked 
|  62|0x0000000083e00000, 0x0000000083f00000, 0x0000000083f00000|100%| O|  |TAMS 0x0000000083f00000, 0x0000000083f00000| Untracked 
|  63|0x0000000083f00000, 0x0000000084000000, 0x0000000084000000|100%| O|  |TAMS 0x0000000084000000, 0x0000000084000000| Untracked 
|  64|0x0000000084000000, 0x0000000084100000, 0x0000000084100000|100%| O|  |TAMS 0x0000000084100000, 0x0000000084100000| Untracked 
|  65|0x0000000084100000, 0x0000000084100000, 0x0000000084200000|  0%| F|  |TAMS 0x0000000084100000, 0x0000000084100000| Untracked 
|  66|0x0000000084200000, 0x0000000084200000, 0x0000000084300000|  0%| F|  |TAMS 0x0000000084200000, 0x0000000084200000| Untracked 
|  67|0x0000000084300000, 0x0000000084400000, 0x0000000084400000|100%| O|  |TAMS 0x0000000084400000, 0x0000000084400000| Untracked 
|  68|0x0000000084400000, 0x0000000084400000, 0x0000000084500000|  0%| F|  |TAMS 0x0000000084400000, 0x0000000084400000| Untracked 
|  69|0x0000000084500000, 0x0000000084600000, 0x0000000084600000|100%| O|  |TAMS 0x0000000084600000, 0x0000000084600000| Untracked 
|  70|0x0000000084600000, 0x0000000084700000, 0x0000000084700000|100%| O|  |TAMS 0x0000000084700000, 0x0000000084700000| Untracked 
|  71|0x0000000084700000, 0x0000000084700000, 0x0000000084800000|  0%| F|  |TAMS 0x0000000084700000, 0x0000000084700000| Untracked 
|  72|0x0000000084800000, 0x0000000084900000, 0x0000000084900000|100%| O|  |TAMS 0x0000000084900000, 0x0000000084900000| Untracked 
|  73|0x0000000084900000, 0x0000000084a00000, 0x0000000084a00000|100%| O|  |TAMS 0x0000000084a00000, 0x0000000084a00000| Untracked 
|  74|0x0000000084a00000, 0x0000000084b00000, 0x0000000084b00000|100%| O|  |TAMS 0x0000000084b00000, 0x0000000084b00000| Untracked 
|  75|0x0000000084b00000, 0x0000000084c00000, 0x0000000084c00000|100%| O|  |TAMS 0x0000000084c00000, 0x0000000084c00000| Untracked 
|  76|0x0000000084c00000, 0x0000000084d00000, 0x0000000084d00000|100%| O|  |TAMS 0x0000000084d00000, 0x0000000084d00000| Untracked 
|  77|0x0000000084d00000, 0x0000000084e00000, 0x0000000084e00000|100%| O|  |TAMS 0x0000000084e00000, 0x0000000084e00000| Untracked 
|  78|0x0000000084e00000, 0x0000000084f00000, 0x0000000084f00000|100%| O|  |TAMS 0x0000000084f00000, 0x0000000084f00000| Untracked 
|  79|0x0000000084f00000, 0x0000000085000000, 0x0000000085000000|100%| O|  |TAMS 0x0000000085000000, 0x0000000085000000| Untracked 
|  80|0x0000000085000000, 0x0000000085100000, 0x0000000085100000|100%| O|  |TAMS 0x0000000085100000, 0x0000000085100000| Untracked 
|  81|0x0000000085100000, 0x0000000085100000, 0x0000000085200000|  0%| F|  |TAMS 0x0000000085100000, 0x0000000085100000| Untracked 
|  82|0x0000000085200000, 0x0000000085300000, 0x0000000085300000|100%| O|  |TAMS 0x0000000085300000, 0x0000000085300000| Untracked 
|  83|0x0000000085300000, 0x0000000085400000, 0x0000000085400000|100%| O|  |TAMS 0x0000000085400000, 0x0000000085400000| Untracked 
|  84|0x0000000085400000, 0x0000000085500000, 0x0000000085500000|100%| O|  |TAMS 0x0000000085500000, 0x0000000085500000| Untracked 
|  85|0x0000000085500000, 0x0000000085600000, 0x0000000085600000|100%| O|  |TAMS 0x0000000085600000, 0x0000000085600000| Untracked 
|  86|0x0000000085600000, 0x0000000085700000, 0x0000000085700000|100%| O|  |TAMS 0x0000000085700000, 0x0000000085700000| Untracked 
|  87|0x0000000085700000, 0x0000000085800000, 0x0000000085800000|100%| O|  |TAMS 0x0000000085800000, 0x0000000085800000| Untracked 
|  88|0x0000000085800000, 0x0000000085900000, 0x0000000085900000|100%| O|  |TAMS 0x0000000085900000, 0x0000000085900000| Untracked 
|  89|0x0000000085900000, 0x0000000085900000, 0x0000000085a00000|  0%| F|  |TAMS 0x0000000085900000, 0x0000000085900000| Untracked 
|  90|0x0000000085a00000, 0x0000000085a00000, 0x0000000085b00000|  0%| F|  |TAMS 0x0000000085a00000, 0x0000000085a00000| Untracked 
|  91|0x0000000085b00000, 0x0000000085c00000, 0x0000000085c00000|100%| O|  |TAMS 0x0000000085c00000, 0x0000000085c00000| Untracked 
|  92|0x0000000085c00000, 0x0000000085d00000, 0x0000000085d00000|100%| O|  |TAMS 0x0000000085d00000, 0x0000000085d00000| Untracked 
|  93|0x0000000085d00000, 0x0000000085e00000, 0x0000000085e00000|100%| O|  |TAMS 0x0000000085e00000, 0x0000000085e00000| Untracked 
|  94|0x0000000085e00000, 0x0000000085e00000, 0x0000000085f00000|  0%| F|  |TAMS 0x0000000085e00000, 0x0000000085e00000| Untracked 
|  95|0x0000000085f00000, 0x0000000085f00000, 0x0000000086000000|  0%| F|  |TAMS 0x0000000085f00000, 0x0000000085f00000| Untracked 
|  96|0x0000000086000000, 0x0000000086000000, 0x0000000086100000|  0%| F|  |TAMS 0x0000000086000000, 0x0000000086000000| Untracked 
|  97|0x0000000086100000, 0x0000000086100000, 0x0000000086200000|  0%| F|  |TAMS 0x0000000086100000, 0x0000000086100000| Untracked 
|  98|0x0000000086200000, 0x0000000086200000, 0x0000000086300000|  0%| F|  |TAMS 0x0000000086200000, 0x0000000086200000| Untracked 
|  99|0x0000000086300000, 0x0000000086400000, 0x0000000086400000|100%| O|  |TAMS 0x0000000086400000, 0x0000000086400000| Untracked 
| 100|0x0000000086400000, 0x0000000086400000, 0x0000000086500000|  0%| F|  |TAMS 0x0000000086400000, 0x0000000086400000| Untracked 
| 101|0x0000000086500000, 0x0000000086600000, 0x0000000086600000|100%| O|  |TAMS 0x0000000086600000, 0x0000000086600000| Untracked 
| 102|0x0000000086600000, 0x0000000086600000, 0x0000000086700000|  0%| F|  |TAMS 0x0000000086600000, 0x0000000086600000| Untracked 
| 103|0x0000000086700000, 0x0000000086700000, 0x0000000086800000|  0%| F|  |TAMS 0x0000000086700000, 0x0000000086700000| Untracked 
| 104|0x0000000086800000, 0x0000000086800000, 0x0000000086900000|  0%| F|  |TAMS 0x0000000086800000, 0x0000000086800000| Untracked 
| 105|0x0000000086900000, 0x0000000086900000, 0x0000000086a00000|  0%| F|  |TAMS 0x0000000086900000, 0x0000000086900000| Untracked 
| 106|0x0000000086a00000, 0x0000000086a00000, 0x0000000086b00000|  0%| F|  |TAMS 0x0000000086a00000, 0x0000000086a00000| Untracked 
| 107|0x0000000086b00000, 0x0000000086b00000, 0x0000000086c00000|  0%| F|  |TAMS 0x0000000086b00000, 0x0000000086b00000| Untracked 
| 108|0x0000000086c00000, 0x0000000086c00000, 0x0000000086d00000|  0%| F|  |TAMS 0x0000000086c00000, 0x0000000086c00000| Untracked 
| 109|0x0000000086d00000, 0x0000000086d00000, 0x0000000086e00000|  0%| F|  |TAMS 0x0000000086d00000, 0x0000000086d00000| Untracked 
| 110|0x0000000086e00000, 0x0000000086e00000, 0x0000000086f00000|  0%| F|  |TAMS 0x0000000086e00000, 0x0000000086e00000| Untracked 
| 111|0x0000000086f00000, 0x0000000086f00000, 0x0000000087000000|  0%| F|  |TAMS 0x0000000086f00000, 0x0000000086f00000| Untracked 
| 112|0x0000000087000000, 0x0000000087000000, 0x0000000087100000|  0%| F|  |TAMS 0x0000000087000000, 0x0000000087000000| Untracked 
| 113|0x0000000087100000, 0x0000000087100000, 0x0000000087200000|  0%| F|  |TAMS 0x0000000087100000, 0x0000000087100000| Untracked 
| 114|0x0000000087200000, 0x0000000087300000, 0x0000000087300000|100%| O|  |TAMS 0x0000000087300000, 0x0000000087300000| Untracked 
| 115|0x0000000087300000, 0x0000000087400000, 0x0000000087400000|100%|HS|  |TAMS 0x0000000087400000, 0x0000000087400000| Complete 
| 116|0x0000000087400000, 0x0000000087500000, 0x0000000087500000|100%| O|  |TAMS 0x0000000087500000, 0x0000000087500000| Untracked 
| 117|0x0000000087500000, 0x0000000087500000, 0x0000000087600000|  0%| F|  |TAMS 0x0000000087500000, 0x0000000087500000| Untracked 
| 118|0x0000000087600000, 0x0000000087600000, 0x0000000087700000|  0%| F|  |TAMS 0x0000000087600000, 0x0000000087600000| Untracked 
| 119|0x0000000087700000, 0x0000000087800000, 0x0000000087800000|100%| O|  |TAMS 0x0000000087800000, 0x0000000087800000| Untracked 
| 120|0x0000000087800000, 0x0000000087800000, 0x0000000087900000|  0%| F|  |TAMS 0x0000000087800000, 0x0000000087800000| Untracked 
| 121|0x0000000087900000, 0x0000000087900000, 0x0000000087a00000|  0%| F|  |TAMS 0x0000000087900000, 0x0000000087900000| Untracked 
| 122|0x0000000087a00000, 0x0000000087b00000, 0x0000000087b00000|100%| O|  |TAMS 0x0000000087b00000, 0x0000000087b00000| Untracked 
| 123|0x0000000087b00000, 0x0000000087b00000, 0x0000000087c00000|  0%| F|  |TAMS 0x0000000087b00000, 0x0000000087b00000| Untracked 
| 124|0x0000000087c00000, 0x0000000087c00000, 0x0000000087d00000|  0%| F|  |TAMS 0x0000000087c00000, 0x0000000087c00000| Untracked 
| 125|0x0000000087d00000, 0x0000000087e00000, 0x0000000087e00000|100%| O|  |TAMS 0x0000000087e00000, 0x0000000087e00000| Untracked 
| 126|0x0000000087e00000, 0x0000000087e00000, 0x0000000087f00000|  0%| F|  |TAMS 0x0000000087e00000, 0x0000000087e00000| Untracked 
| 127|0x0000000087f00000, 0x0000000087f00000, 0x0000000088000000|  0%| F|  |TAMS 0x0000000087f00000, 0x0000000087f00000| Untracked 
| 128|0x0000000088000000, 0x0000000088100000, 0x0000000088100000|100%| O|  |TAMS 0x0000000088100000, 0x0000000088100000| Untracked 
| 129|0x0000000088100000, 0x0000000088100000, 0x0000000088200000|  0%| F|  |TAMS 0x0000000088100000, 0x0000000088100000| Untracked 
| 130|0x0000000088200000, 0x0000000088200000, 0x0000000088300000|  0%| F|  |TAMS 0x0000000088200000, 0x0000000088200000| Untracked 
| 131|0x0000000088300000, 0x0000000088300000, 0x0000000088400000|  0%| F|  |TAMS 0x0000000088300000, 0x0000000088300000| Untracked 
| 132|0x0000000088400000, 0x0000000088400000, 0x0000000088500000|  0%| F|  |TAMS 0x0000000088400000, 0x0000000088400000| Untracked 
| 133|0x0000000088500000, 0x0000000088500000, 0x0000000088600000|  0%| F|  |TAMS 0x0000000088500000, 0x0000000088500000| Untracked 
| 134|0x0000000088600000, 0x0000000088700000, 0x0000000088700000|100%| O|  |TAMS 0x0000000088700000, 0x0000000088700000| Untracked 
| 135|0x0000000088700000, 0x0000000088800000, 0x0000000088800000|100%| O|  |TAMS 0x0000000088800000, 0x0000000088800000| Untracked 
| 136|0x0000000088800000, 0x0000000088800000, 0x0000000088900000|  0%| F|  |TAMS 0x0000000088800000, 0x0000000088800000| Untracked 
| 137|0x0000000088900000, 0x0000000088a00000, 0x0000000088a00000|100%| O|  |TAMS 0x0000000088a00000, 0x0000000088a00000| Untracked 
| 138|0x0000000088a00000, 0x0000000088b00000, 0x0000000088b00000|100%| O|  |TAMS 0x0000000088b00000, 0x0000000088b00000| Untracked 
| 139|0x0000000088b00000, 0x0000000088c00000, 0x0000000088c00000|100%| O|  |TAMS 0x0000000088c00000, 0x0000000088c00000| Untracked 
| 140|0x0000000088c00000, 0x0000000088d00000, 0x0000000088d00000|100%| O|  |TAMS 0x0000000088d00000, 0x0000000088d00000| Untracked 
| 141|0x0000000088d00000, 0x0000000088d00000, 0x0000000088e00000|  0%| F|  |TAMS 0x0000000088d00000, 0x0000000088d00000| Untracked 
| 142|0x0000000088e00000, 0x0000000088f00000, 0x0000000088f00000|100%| O|  |TAMS 0x0000000088f00000, 0x0000000088f00000| Untracked 
| 143|0x0000000088f00000, 0x0000000089000000, 0x0000000089000000|100%| O|  |TAMS 0x0000000089000000, 0x0000000089000000| Untracked 
| 144|0x0000000089000000, 0x0000000089100000, 0x0000000089100000|100%| O|  |TAMS 0x0000000089100000, 0x0000000089100000| Untracked 
| 145|0x0000000089100000, 0x0000000089200000, 0x0000000089200000|100%| O|  |TAMS 0x0000000089180000, 0x0000000089200000| Untracked 
| 146|0x0000000089200000, 0x0000000089200000, 0x0000000089300000|  0%| F|  |TAMS 0x0000000089200000, 0x0000000089200000| Untracked 
| 147|0x0000000089300000, 0x0000000089300000, 0x0000000089400000|  0%| F|  |TAMS 0x0000000089300000, 0x0000000089300000| Untracked 
| 148|0x0000000089400000, 0x0000000089400000, 0x0000000089500000|  0%| F|  |TAMS 0x0000000089400000, 0x0000000089400000| Untracked 
| 149|0x0000000089500000, 0x0000000089500000, 0x0000000089600000|  0%| F|  |TAMS 0x0000000089500000, 0x0000000089500000| Untracked 
| 150|0x0000000089600000, 0x0000000089600000, 0x0000000089700000|  0%| F|  |TAMS 0x0000000089600000, 0x0000000089600000| Untracked 
| 151|0x0000000089700000, 0x0000000089700000, 0x0000000089800000|  0%| F|  |TAMS 0x0000000089700000, 0x0000000089700000| Untracked 
| 152|0x0000000089800000, 0x0000000089800000, 0x0000000089900000|  0%| F|  |TAMS 0x0000000089800000, 0x0000000089800000| Untracked 
| 153|0x0000000089900000, 0x0000000089900000, 0x0000000089a00000|  0%| F|  |TAMS 0x0000000089900000, 0x0000000089900000| Untracked 
| 154|0x0000000089a00000, 0x0000000089a00000, 0x0000000089b00000|  0%| F|  |TAMS 0x0000000089a00000, 0x0000000089a00000| Untracked 
| 155|0x0000000089b00000, 0x0000000089b00000, 0x0000000089c00000|  0%| F|  |TAMS 0x0000000089b00000, 0x0000000089b00000| Untracked 
| 156|0x0000000089c00000, 0x0000000089c00000, 0x0000000089d00000|  0%| F|  |TAMS 0x0000000089c00000, 0x0000000089c00000| Untracked 
| 157|0x0000000089d00000, 0x0000000089dea6d8, 0x0000000089e00000| 91%| S|CS|TAMS 0x0000000089d00000, 0x0000000089d00000| Complete 
| 158|0x0000000089e00000, 0x0000000089e00000, 0x0000000089f00000|  0%| F|  |TAMS 0x0000000089e00000, 0x0000000089e00000| Untracked 
| 159|0x0000000089f00000, 0x0000000089f00000, 0x000000008a000000|  0%| F|  |TAMS 0x0000000089f00000, 0x0000000089f00000| Untracked 
| 160|0x000000008a000000, 0x000000008a000000, 0x000000008a100000|  0%| F|  |TAMS 0x000000008a000000, 0x000000008a000000| Untracked 
| 161|0x000000008a100000, 0x000000008a100000, 0x000000008a200000|  0%| F|  |TAMS 0x000000008a100000, 0x000000008a100000| Untracked 
| 162|0x000000008a200000, 0x000000008a200000, 0x000000008a300000|  0%| F|  |TAMS 0x000000008a200000, 0x000000008a200000| Untracked 
| 163|0x000000008a300000, 0x000000008a300000, 0x000000008a400000|  0%| F|  |TAMS 0x000000008a300000, 0x000000008a300000| Untracked 
| 164|0x000000008a400000, 0x000000008a400000, 0x000000008a500000|  0%| F|  |TAMS 0x000000008a400000, 0x000000008a400000| Untracked 
| 165|0x000000008a500000, 0x000000008a500000, 0x000000008a600000|  0%| F|  |TAMS 0x000000008a500000, 0x000000008a500000| Untracked 
| 166|0x000000008a600000, 0x000000008a600000, 0x000000008a700000|  0%| F|  |TAMS 0x000000008a600000, 0x000000008a600000| Untracked 
| 167|0x000000008a700000, 0x000000008a700000, 0x000000008a800000|  0%| F|  |TAMS 0x000000008a700000, 0x000000008a700000| Untracked 
| 168|0x000000008a800000, 0x000000008a800000, 0x000000008a900000|  0%| F|  |TAMS 0x000000008a800000, 0x000000008a800000| Untracked 
| 169|0x000000008a900000, 0x000000008a900000, 0x000000008aa00000|  0%| F|  |TAMS 0x000000008a900000, 0x000000008a900000| Untracked 
| 170|0x000000008aa00000, 0x000000008aa00000, 0x000000008ab00000|  0%| F|  |TAMS 0x000000008aa00000, 0x000000008aa00000| Untracked 
| 171|0x000000008ab00000, 0x000000008ab00000, 0x000000008ac00000|  0%| F|  |TAMS 0x000000008ab00000, 0x000000008ab00000| Untracked 
| 172|0x000000008ac00000, 0x000000008ac00000, 0x000000008ad00000|  0%| F|  |TAMS 0x000000008ac00000, 0x000000008ac00000| Untracked 
| 173|0x000000008ad00000, 0x000000008ad00000, 0x000000008ae00000|  0%| F|  |TAMS 0x000000008ad00000, 0x000000008ad00000| Untracked 
| 174|0x000000008ae00000, 0x000000008ae00000, 0x000000008af00000|  0%| F|  |TAMS 0x000000008ae00000, 0x000000008ae00000| Untracked 
| 175|0x000000008af00000, 0x000000008af00000, 0x000000008b000000|  0%| F|  |TAMS 0x000000008af00000, 0x000000008af00000| Untracked 
| 176|0x000000008b000000, 0x000000008b000000, 0x000000008b100000|  0%| F|  |TAMS 0x000000008b000000, 0x000000008b000000| Untracked 
| 177|0x000000008b100000, 0x000000008b100000, 0x000000008b200000|  0%| F|  |TAMS 0x000000008b100000, 0x000000008b100000| Untracked 
| 178|0x000000008b200000, 0x000000008b200000, 0x000000008b300000|  0%| F|  |TAMS 0x000000008b200000, 0x000000008b200000| Untracked 
| 179|0x000000008b300000, 0x000000008b300000, 0x000000008b400000|  0%| F|  |TAMS 0x000000008b300000, 0x000000008b300000| Untracked 
| 180|0x000000008b400000, 0x000000008b400000, 0x000000008b500000|  0%| F|  |TAMS 0x000000008b400000, 0x000000008b400000| Untracked 
| 181|0x000000008b500000, 0x000000008b500000, 0x000000008b600000|  0%| F|  |TAMS 0x000000008b500000, 0x000000008b500000| Untracked 
| 182|0x000000008b600000, 0x000000008b600000, 0x000000008b700000|  0%| F|  |TAMS 0x000000008b600000, 0x000000008b600000| Untracked 
| 183|0x000000008b700000, 0x000000008b700000, 0x000000008b800000|  0%| F|  |TAMS 0x000000008b700000, 0x000000008b700000| Untracked 
| 184|0x000000008b800000, 0x000000008b800000, 0x000000008b900000|  0%| F|  |TAMS 0x000000008b800000, 0x000000008b800000| Untracked 
| 185|0x000000008b900000, 0x000000008b900000, 0x000000008ba00000|  0%| F|  |TAMS 0x000000008b900000, 0x000000008b900000| Untracked 
| 186|0x000000008ba00000, 0x000000008ba00000, 0x000000008bb00000|  0%| F|  |TAMS 0x000000008ba00000, 0x000000008ba00000| Untracked 
| 187|0x000000008bb00000, 0x000000008bb00000, 0x000000008bc00000|  0%| F|  |TAMS 0x000000008bb00000, 0x000000008bb00000| Untracked 
| 188|0x000000008bc00000, 0x000000008bc00000, 0x000000008bd00000|  0%| F|  |TAMS 0x000000008bc00000, 0x000000008bc00000| Untracked 
| 189|0x000000008bd00000, 0x000000008bd00000, 0x000000008be00000|  0%| F|  |TAMS 0x000000008bd00000, 0x000000008bd00000| Untracked 
| 190|0x000000008be00000, 0x000000008be00000, 0x000000008bf00000|  0%| F|  |TAMS 0x000000008be00000, 0x000000008be00000| Untracked 
| 191|0x000000008bf00000, 0x000000008bf00000, 0x000000008c000000|  0%| F|  |TAMS 0x000000008bf00000, 0x000000008bf00000| Untracked 
| 192|0x000000008c000000, 0x000000008c000000, 0x000000008c100000|  0%| F|  |TAMS 0x000000008c000000, 0x000000008c000000| Untracked 
| 193|0x000000008c100000, 0x000000008c100000, 0x000000008c200000|  0%| F|  |TAMS 0x000000008c100000, 0x000000008c100000| Untracked 
| 194|0x000000008c200000, 0x000000008c200000, 0x000000008c300000|  0%| F|  |TAMS 0x000000008c200000, 0x000000008c200000| Untracked 
| 195|0x000000008c300000, 0x000000008c300000, 0x000000008c400000|  0%| F|  |TAMS 0x000000008c300000, 0x000000008c300000| Untracked 
| 196|0x000000008c400000, 0x000000008c400000, 0x000000008c500000|  0%| F|  |TAMS 0x000000008c400000, 0x000000008c400000| Untracked 
| 197|0x000000008c500000, 0x000000008c500000, 0x000000008c600000|  0%| F|  |TAMS 0x000000008c500000, 0x000000008c500000| Untracked 
| 198|0x000000008c600000, 0x000000008c600000, 0x000000008c700000|  0%| F|  |TAMS 0x000000008c600000, 0x000000008c600000| Untracked 
| 199|0x000000008c700000, 0x000000008c700000, 0x000000008c800000|  0%| F|  |TAMS 0x000000008c700000, 0x000000008c700000| Untracked 
| 200|0x000000008c800000, 0x000000008c800000, 0x000000008c900000|  0%| F|  |TAMS 0x000000008c800000, 0x000000008c800000| Untracked 
| 201|0x000000008c900000, 0x000000008c900000, 0x000000008ca00000|  0%| F|  |TAMS 0x000000008c900000, 0x000000008c900000| Untracked 
| 202|0x000000008ca00000, 0x000000008ca00000, 0x000000008cb00000|  0%| F|  |TAMS 0x000000008ca00000, 0x000000008ca00000| Untracked 
| 203|0x000000008cb00000, 0x000000008cb00000, 0x000000008cc00000|  0%| F|  |TAMS 0x000000008cb00000, 0x000000008cb00000| Untracked 
| 204|0x000000008cc00000, 0x000000008cc00000, 0x000000008cd00000|  0%| F|  |TAMS 0x000000008cc00000, 0x000000008cc00000| Untracked 
| 205|0x000000008cd00000, 0x000000008cd00000, 0x000000008ce00000|  0%| F|  |TAMS 0x000000008cd00000, 0x000000008cd00000| Untracked 
| 206|0x000000008ce00000, 0x000000008ce00000, 0x000000008cf00000|  0%| F|  |TAMS 0x000000008ce00000, 0x000000008ce00000| Untracked 
| 207|0x000000008cf00000, 0x000000008cf00000, 0x000000008d000000|  0%| F|  |TAMS 0x000000008cf00000, 0x000000008cf00000| Untracked 
| 208|0x000000008d000000, 0x000000008d000000, 0x000000008d100000|  0%| F|  |TAMS 0x000000008d000000, 0x000000008d000000| Untracked 
| 209|0x000000008d100000, 0x000000008d100000, 0x000000008d200000|  0%| F|  |TAMS 0x000000008d100000, 0x000000008d100000| Untracked 
| 210|0x000000008d200000, 0x000000008d200000, 0x000000008d300000|  0%| F|  |TAMS 0x000000008d200000, 0x000000008d200000| Untracked 
| 211|0x000000008d300000, 0x000000008d300000, 0x000000008d400000|  0%| F|  |TAMS 0x000000008d300000, 0x000000008d300000| Untracked 
| 212|0x000000008d400000, 0x000000008d400000, 0x000000008d500000|  0%| F|  |TAMS 0x000000008d400000, 0x000000008d400000| Untracked 
| 213|0x000000008d500000, 0x000000008d500000, 0x000000008d600000|  0%| F|  |TAMS 0x000000008d500000, 0x000000008d500000| Untracked 
| 214|0x000000008d600000, 0x000000008d600000, 0x000000008d700000|  0%| F|  |TAMS 0x000000008d600000, 0x000000008d600000| Untracked 
| 215|0x000000008d700000, 0x000000008d700000, 0x000000008d800000|  0%| F|  |TAMS 0x000000008d700000, 0x000000008d700000| Untracked 
| 216|0x000000008d800000, 0x000000008d800000, 0x000000008d900000|  0%| F|  |TAMS 0x000000008d800000, 0x000000008d800000| Untracked 
| 217|0x000000008d900000, 0x000000008d900000, 0x000000008da00000|  0%| F|  |TAMS 0x000000008d900000, 0x000000008d900000| Untracked 
| 218|0x000000008da00000, 0x000000008da00000, 0x000000008db00000|  0%| F|  |TAMS 0x000000008da00000, 0x000000008da00000| Untracked 
| 219|0x000000008db00000, 0x000000008db00000, 0x000000008dc00000|  0%| F|  |TAMS 0x000000008db00000, 0x000000008db00000| Untracked 
| 220|0x000000008dc00000, 0x000000008dc00000, 0x000000008dd00000|  0%| F|  |TAMS 0x000000008dc00000, 0x000000008dc00000| Untracked 
| 221|0x000000008dd00000, 0x000000008dd00000, 0x000000008de00000|  0%| F|  |TAMS 0x000000008dd00000, 0x000000008dd00000| Untracked 
| 222|0x000000008de00000, 0x000000008de00000, 0x000000008df00000|  0%| F|  |TAMS 0x000000008de00000, 0x000000008de00000| Untracked 
| 223|0x000000008df00000, 0x000000008df00000, 0x000000008e000000|  0%| F|  |TAMS 0x000000008df00000, 0x000000008df00000| Untracked 
| 224|0x000000008e000000, 0x000000008e000000, 0x000000008e100000|  0%| F|  |TAMS 0x000000008e000000, 0x000000008e000000| Untracked 
| 225|0x000000008e100000, 0x000000008e100000, 0x000000008e200000|  0%| F|  |TAMS 0x000000008e100000, 0x000000008e100000| Untracked 
| 226|0x000000008e200000, 0x000000008e200000, 0x000000008e300000|  0%| F|  |TAMS 0x000000008e200000, 0x000000008e200000| Untracked 
| 227|0x000000008e300000, 0x000000008e300000, 0x000000008e400000|  0%| F|  |TAMS 0x000000008e300000, 0x000000008e300000| Untracked 
| 228|0x000000008e400000, 0x000000008e400000, 0x000000008e500000|  0%| F|  |TAMS 0x000000008e400000, 0x000000008e400000| Untracked 
| 229|0x000000008e500000, 0x000000008e500000, 0x000000008e600000|  0%| F|  |TAMS 0x000000008e500000, 0x000000008e500000| Untracked 
| 230|0x000000008e600000, 0x000000008e600000, 0x000000008e700000|  0%| F|  |TAMS 0x000000008e600000, 0x000000008e600000| Untracked 
| 231|0x000000008e700000, 0x000000008e700000, 0x000000008e800000|  0%| F|  |TAMS 0x000000008e700000, 0x000000008e700000| Untracked 
| 232|0x000000008e800000, 0x000000008e800000, 0x000000008e900000|  0%| F|  |TAMS 0x000000008e800000, 0x000000008e800000| Untracked 
| 233|0x000000008e900000, 0x000000008e900000, 0x000000008ea00000|  0%| F|  |TAMS 0x000000008e900000, 0x000000008e900000| Untracked 
| 234|0x000000008ea00000, 0x000000008ea00000, 0x000000008eb00000|  0%| F|  |TAMS 0x000000008ea00000, 0x000000008ea00000| Untracked 
| 235|0x000000008eb00000, 0x000000008eb00000, 0x000000008ec00000|  0%| F|  |TAMS 0x000000008eb00000, 0x000000008eb00000| Untracked 
| 236|0x000000008ec00000, 0x000000008ec00000, 0x000000008ed00000|  0%| F|  |TAMS 0x000000008ec00000, 0x000000008ec00000| Untracked 
| 237|0x000000008ed00000, 0x000000008ed00000, 0x000000008ee00000|  0%| F|  |TAMS 0x000000008ed00000, 0x000000008ed00000| Untracked 
| 238|0x000000008ee00000, 0x000000008ee00000, 0x000000008ef00000|  0%| F|  |TAMS 0x000000008ee00000, 0x000000008ee00000| Untracked 
| 239|0x000000008ef00000, 0x000000008ef00000, 0x000000008f000000|  0%| F|  |TAMS 0x000000008ef00000, 0x000000008ef00000| Untracked 
| 240|0x000000008f000000, 0x000000008f000000, 0x000000008f100000|  0%| F|  |TAMS 0x000000008f000000, 0x000000008f000000| Untracked 
| 241|0x000000008f100000, 0x000000008f100000, 0x000000008f200000|  0%| F|  |TAMS 0x000000008f100000, 0x000000008f100000| Untracked 
| 242|0x000000008f200000, 0x000000008f200000, 0x000000008f300000|  0%| F|  |TAMS 0x000000008f200000, 0x000000008f200000| Untracked 
| 243|0x000000008f300000, 0x000000008f300000, 0x000000008f400000|  0%| F|  |TAMS 0x000000008f300000, 0x000000008f300000| Untracked 
| 244|0x000000008f400000, 0x000000008f400000, 0x000000008f500000|  0%| F|  |TAMS 0x000000008f400000, 0x000000008f400000| Untracked 
| 245|0x000000008f500000, 0x000000008f500000, 0x000000008f600000|  0%| F|  |TAMS 0x000000008f500000, 0x000000008f500000| Untracked 
| 246|0x000000008f600000, 0x000000008f600000, 0x000000008f700000|  0%| F|  |TAMS 0x000000008f600000, 0x000000008f600000| Untracked 
| 247|0x000000008f700000, 0x000000008f700000, 0x000000008f800000|  0%| F|  |TAMS 0x000000008f700000, 0x000000008f700000| Untracked 
| 248|0x000000008f800000, 0x000000008f800000, 0x000000008f900000|  0%| F|  |TAMS 0x000000008f800000, 0x000000008f800000| Untracked 
| 249|0x000000008f900000, 0x000000008f900000, 0x000000008fa00000|  0%| F|  |TAMS 0x000000008f900000, 0x000000008f900000| Untracked 
| 250|0x000000008fa00000, 0x000000008fa00000, 0x000000008fb00000|  0%| F|  |TAMS 0x000000008fa00000, 0x000000008fa00000| Untracked 
| 251|0x000000008fb00000, 0x000000008fb00000, 0x000000008fc00000|  0%| F|  |TAMS 0x000000008fb00000, 0x000000008fb00000| Untracked 
| 252|0x000000008fc00000, 0x000000008fc00000, 0x000000008fd00000|  0%| F|  |TAMS 0x000000008fc00000, 0x000000008fc00000| Untracked 
| 253|0x000000008fd00000, 0x000000008fd00000, 0x000000008fe00000|  0%| F|  |TAMS 0x000000008fd00000, 0x000000008fd00000| Untracked 
| 254|0x000000008fe00000, 0x000000008fe00000, 0x000000008ff00000|  0%| F|  |TAMS 0x000000008fe00000, 0x000000008fe00000| Untracked 
| 255|0x000000008ff00000, 0x000000008ff00000, 0x0000000090000000|  0%| F|  |TAMS 0x000000008ff00000, 0x000000008ff00000| Untracked 
| 256|0x0000000090000000, 0x0000000090000000, 0x0000000090100000|  0%| F|  |TAMS 0x0000000090000000, 0x0000000090000000| Untracked 
| 257|0x0000000090100000, 0x0000000090100000, 0x0000000090200000|  0%| F|  |TAMS 0x0000000090100000, 0x0000000090100000| Untracked 
| 258|0x0000000090200000, 0x0000000090200000, 0x0000000090300000|  0%| F|  |TAMS 0x0000000090200000, 0x0000000090200000| Untracked 

Card table byte_map: [0x0000025434550000,0x0000025434950000] _byte_map_base: 0x0000025434150000

Marking Bits (Prev, Next): (CMBitMap*) 0x000002541da0cd20, (CMBitMap*) 0x000002541da0cce0
 Prev Bits: [0x0000025436d50000, 0x0000025438d50000)
 Next Bits: [0x0000025434d50000, 0x0000025436d50000)

Polling page: 0x000002541b890000

Metaspace:

Usage:
  Non-class:     88.85 MB used.
      Class:     12.63 MB used.
       Both:    101.48 MB used.

Virtual space:
  Non-class space:       96.00 MB reserved,      89.19 MB ( 93%) committed,  12 nodes.
      Class space:        1.00 GB reserved,      12.94 MB (  1%) committed,  1 nodes.
              Both:        1.09 GB reserved,     102.12 MB (  9%) committed. 

Chunk freelists:
   Non-Class:  1.88 MB
       Class:  3.08 MB
        Both:  4.95 MB

MaxMetaspaceSize: 17179869184.00 GB
CompressedClassSpaceSize: 1.00 GB
 - commit_granule_bytes: 65536.
 - commit_granule_words: 8192.
 - virtual_space_node_default_size: 1048576.
 - enlarge_chunks_in_place: 1.
 - new_chunks_are_fully_committed: 0.
 - uncommit_free_chunks: 1.
 - use_allocation_guard: 0.
 - handle_deallocations: 1.


Internal statistics:

num_allocs_failed_limit: 6.
num_arena_births: 1226.
num_arena_deaths: 364.
num_vsnodes_births: 13.
num_vsnodes_deaths: 0.
num_space_committed: 1633.
num_space_uncommitted: 0.
num_chunks_returned_to_freelist: 485.
num_chunks_taken_from_freelist: 5460.
num_chunk_merges: 167.
num_chunk_splits: 3469.
num_chunks_enlarged: 2265.
num_purges: 6.

CodeHeap 'non-profiled nmethods': size=120000Kb used=11616Kb max_used=11900Kb free=108383Kb
 bounds [0x000002542cc20000, 0x000002542d7e0000, 0x0000025434150000]
CodeHeap 'profiled nmethods': size=120000Kb used=30523Kb max_used=32785Kb free=89476Kb
 bounds [0x00000254256f0000, 0x0000025427700000, 0x000002542cc20000]
CodeHeap 'non-nmethods': size=5760Kb used=2467Kb max_used=2561Kb free=3292Kb
 bounds [0x0000025425150000, 0x00000254253f0000, 0x00000254256f0000]
 total_blobs=16726 nmethods=15724 adapters=913
 compilation: enabled
              stopped_count=0, restarted_count=0
 full_count=0

Compilation events (20 events):
Event: 5522.281 Thread 0x000002543b2325b0 19730       4       com.google.common.collect.AbstractIterator::hasNext (65 bytes)
Event: 5522.286 Thread 0x000002543b2325b0 nmethod 19730 0x000002542d32c810 code [0x000002542d32c9c0, 0x000002542d32cdf8]
Event: 5522.295 Thread 0x000002543b2325b0 19731       4       org.gradle.api.internal.file.pattern.HasSuffixPatternStep::matches (51 bytes)
Event: 5522.296 Thread 0x0000025441216bc0 19732       4       org.gradle.api.internal.changedetection.state.PropertiesFileAwareClasspathResourceHasher$$Lambda$947/0x00000008015a48a0::test (12 bytes)
Event: 5522.302 Thread 0x000002543b23bfd0 19735   !   3       java.util.zip.ZipFile$CleanableResource::run (251 bytes)
Event: 5522.303 Thread 0x0000025441216bc0 nmethod 19732 0x000002542cc95490 code [0x000002542cc95680, 0x000002542cc95ad8]
Event: 5522.304 Thread 0x0000025441216bc0 19733       4       org.gradle.api.internal.changedetection.state.ZipEntryContext$ZipEntryRelativePath::get (5 bytes)
Event: 5522.304 Thread 0x000002543b23bfd0 nmethod 19735 0x0000025425eacc90 code [0x0000025425eacf40, 0x0000025425eae038]
Event: 5522.304 Thread 0x000002543b23bfd0 19736   !   3       java.util.zip.ZipFile$Source::release (50 bytes)
Event: 5522.304 Thread 0x000002543b23bfd0 nmethod 19736 0x0000025426542610 code [0x00000254265427e0, 0x0000025426542b58]
Event: 5522.305 Thread 0x0000025441216bc0 nmethod 19733 0x000002542cdd8a90 code [0x000002542cdd8c20, 0x000002542cdd8d28]
Event: 5522.305 Thread 0x0000025441216bc0 19734       4       sun.nio.cs.UTF_8$Decoder::decodeLoop (28 bytes)
Event: 5522.306 Thread 0x0000025441216bc0 nmethod 19734 0x000002542d11bb90 code [0x000002542d11bd20, 0x000002542d11be68]
Event: 5522.308 Thread 0x000002543b2325b0 nmethod 19731 0x000002542d513c90 code [0x000002542d513e40, 0x000002542d514618]
Event: 5522.311 Thread 0x000002543b2325b0 19737       4       org.gradle.internal.fingerprint.impl.DefaultFileSystemLocationFingerprint::compareTo (9 bytes)
Event: 5522.313 Thread 0x000002543b2325b0 nmethod 19737 0x000002542d499e90 code [0x000002542d49a020, 0x000002542d49a308]
Event: 5522.313 Thread 0x0000025441216bc0 19738       4       org.gradle.api.internal.changedetection.state.RuntimeClasspathResourceHasher::hash (23 bytes)
Event: 5522.314 Thread 0x000002543b2325b0 19739       4       org.gradle.internal.hash.HashingOutputStream::<init> (28 bytes)
Event: 5522.324 Thread 0x000002543b2325b0 nmethod 19739 0x000002542d44d890 code [0x000002542d44da60, 0x000002542d44e348]
Event: 5522.327 Thread 0x0000025441216bc0 nmethod 19738 0x000002542d5e2e90 code [0x000002542d5e3080, 0x000002542d5e3a78]

GC Heap History (20 events):
Event: 5512.425 GC heap after
{Heap after GC invocations=64 (full 0):
 garbage-first heap   total 227328K, used 101735K [0x0000000080000000, 0x0000000100000000)
  region size 1024K, 1 young (1024K), 1 survivors (1024K)
 Metaspace       used 98881K, committed 99520K, reserved 1138688K
  class space    used 12565K, committed 12864K, reserved 1048576K
}
Event: 5513.168 GC heap before
{Heap before GC invocations=64 (full 0):
 garbage-first heap   total 227328K, used 164199K [0x0000000080000000, 0x0000000100000000)
  region size 1024K, 63 young (64512K), 1 survivors (1024K)
 Metaspace       used 99028K, committed 99648K, reserved 1138688K
  class space    used 12577K, committed 12864K, reserved 1048576K
}
Event: 5513.171 GC heap after
{Heap after GC invocations=65 (full 0):
 garbage-first heap   total 227328K, used 101876K [0x0000000080000000, 0x0000000100000000)
  region size 1024K, 2 young (2048K), 2 survivors (2048K)
 Metaspace       used 99028K, committed 99648K, reserved 1138688K
  class space    used 12577K, committed 12864K, reserved 1048576K
}
Event: 5515.088 GC heap before
{Heap before GC invocations=65 (full 0):
 garbage-first heap   total 227328K, used 168436K [0x0000000080000000, 0x0000000100000000)
  region size 1024K, 67 young (68608K), 2 survivors (2048K)
 Metaspace       used 99507K, committed 100160K, reserved 1138688K
  class space    used 12595K, committed 12928K, reserved 1048576K
}
Event: 5515.129 GC heap after
{Heap after GC invocations=66 (full 0):
 garbage-first heap   total 227328K, used 127813K [0x0000000080000000, 0x0000000100000000)
  region size 1024K, 12 young (12288K), 12 survivors (12288K)
 Metaspace       used 99507K, committed 100160K, reserved 1138688K
  class space    used 12595K, committed 12928K, reserved 1048576K
}
Event: 5516.433 GC heap before
{Heap before GC invocations=67 (full 0):
 garbage-first heap   total 229376K, used 186181K [0x0000000080000000, 0x0000000100000000)
  region size 1024K, 65 young (66560K), 12 survivors (12288K)
 Metaspace       used 99734K, committed 100352K, reserved 1138688K
  class space    used 12602K, committed 12928K, reserved 1048576K
}
Event: 5516.461 GC heap after
{Heap after GC invocations=68 (full 0):
 garbage-first heap   total 229376K, used 136171K [0x0000000080000000, 0x0000000100000000)
  region size 1024K, 9 young (9216K), 9 survivors (9216K)
 Metaspace       used 99734K, committed 100352K, reserved 1138688K
  class space    used 12602K, committed 12928K, reserved 1048576K
}
Event: 5516.512 GC heap before
{Heap before GC invocations=68 (full 0):
 garbage-first heap   total 229376K, used 138219K [0x0000000080000000, 0x0000000100000000)
  region size 1024K, 11 young (11264K), 9 survivors (9216K)
 Metaspace       used 99736K, committed 100352K, reserved 1138688K
  class space    used 12602K, committed 12928K, reserved 1048576K
}
Event: 5516.550 GC heap after
{Heap after GC invocations=69 (full 0):
 garbage-first heap   total 229376K, used 126902K [0x0000000080000000, 0x0000000100000000)
  region size 1024K, 2 young (2048K), 2 survivors (2048K)
 Metaspace       used 99736K, committed 100352K, reserved 1138688K
  class space    used 12602K, committed 12928K, reserved 1048576K
}
Event: 5517.175 GC heap before
{Heap before GC invocations=69 (full 0):
 garbage-first heap   total 229376K, used 179126K [0x0000000080000000, 0x0000000100000000)
  region size 1024K, 53 young (54272K), 2 survivors (2048K)
 Metaspace       used 99768K, committed 100480K, reserved 1138688K
  class space    used 12605K, committed 12928K, reserved 1048576K
}
Event: 5517.183 GC heap after
{Heap after GC invocations=70 (full 0):
 garbage-first heap   total 229376K, used 126464K [0x0000000080000000, 0x0000000100000000)
  region size 1024K, 1 young (1024K), 1 survivors (1024K)
 Metaspace       used 99768K, committed 100480K, reserved 1138688K
  class space    used 12605K, committed 12928K, reserved 1048576K
}
Event: 5517.841 GC heap before
{Heap before GC invocations=71 (full 0):
 garbage-first heap   total 265216K, used 198144K [0x0000000080000000, 0x0000000100000000)
  region size 1024K, 55 young (56320K), 1 survivors (1024K)
 Metaspace       used 99913K, committed 100544K, reserved 1138688K
  class space    used 12616K, committed 12928K, reserved 1048576K
}
Event: 5517.850 GC heap after
{Heap after GC invocations=72 (full 0):
 garbage-first heap   total 265216K, used 129023K [0x0000000080000000, 0x0000000100000000)
  region size 1024K, 4 young (4096K), 4 survivors (4096K)
 Metaspace       used 99913K, committed 100544K, reserved 1138688K
  class space    used 12616K, committed 12928K, reserved 1048576K
}
Event: 5518.974 GC heap before
{Heap before GC invocations=72 (full 0):
 garbage-first heap   total 265216K, used 202751K [0x0000000080000000, 0x0000000100000000)
  region size 1024K, 77 young (78848K), 4 survivors (4096K)
 Metaspace       used 102768K, committed 103424K, reserved 1146880K
  class space    used 12817K, committed 13120K, reserved 1048576K
}
Event: 5518.983 GC heap after
{Heap after GC invocations=73 (full 0):
 garbage-first heap   total 265216K, used 130500K [0x0000000080000000, 0x0000000100000000)
  region size 1024K, 5 young (5120K), 5 survivors (5120K)
 Metaspace       used 102768K, committed 103424K, reserved 1146880K
  class space    used 12817K, committed 13120K, reserved 1048576K
}
Event: 5520.136 GC heap before
{Heap before GC invocations=74 (full 0):
 garbage-first heap   total 265216K, used 207300K [0x0000000080000000, 0x0000000100000000)
  region size 1024K, 82 young (83968K), 5 survivors (5120K)
 Metaspace       used 103844K, committed 104512K, reserved 1146880K
  class space    used 12922K, committed 13248K, reserved 1048576K
}
Event: 5520.143 GC heap after
{Heap after GC invocations=75 (full 0):
 garbage-first heap   total 265216K, used 125426K [0x0000000080000000, 0x0000000100000000)
  region size 1024K, 3 young (3072K), 3 survivors (3072K)
 Metaspace       used 103844K, committed 104512K, reserved 1146880K
  class space    used 12922K, committed 13248K, reserved 1048576K
}
Event: 5520.366 GC heap before
{Heap before GC invocations=75 (full 0):
 garbage-first heap   total 265216K, used 133618K [0x0000000080000000, 0x0000000100000000)
  region size 1024K, 12 young (12288K), 3 survivors (3072K)
 Metaspace       used 103855K, committed 104512K, reserved 1146880K
  class space    used 12922K, committed 13248K, reserved 1048576K
}
Event: 5520.376 GC heap after
{Heap after GC invocations=76 (full 0):
 garbage-first heap   total 265216K, used 101452K [0x0000000080000000, 0x0000000100000000)
  region size 1024K, 1 young (1024K), 1 survivors (1024K)
 Metaspace       used 103855K, committed 104512K, reserved 1146880K
  class space    used 12922K, committed 13248K, reserved 1048576K
}
Event: 5522.347 GC heap before
{Heap before GC invocations=76 (full 0):
 garbage-first heap   total 265216K, used 202828K [0x0000000080000000, 0x0000000100000000)
  region size 1024K, 101 young (103424K), 1 survivors (1024K)
 Metaspace       used 103914K, committed 104576K, reserved 1146880K
  class space    used 12929K, committed 13248K, reserved 1048576K
}

Deoptimization events (20 events):
Event: 5520.008 Thread 0x000002544033ca90 DEOPT PACKING pc=0x000002542d5d47b8 sp=0x000000f4124fd8f0
Event: 5520.008 Thread 0x000002544033ca90 DEOPT UNPACKING pc=0x000002542519d72e sp=0x000000f4124fd8d8 mode 2
Event: 5521.909 Thread 0x0000025441798890 Uncommon trap: trap_request=0xffffff45 fr.pc=0x000002542d4e1a74 relative=0x0000000000003474
Event: 5521.909 Thread 0x0000025441798890 Uncommon trap: reason=unstable_if action=reinterpret pc=0x000002542d4e1a74 method=com.sun.crypto.provider.GaloisCounterMode.doLastBlock([BII[BIZ)V @ 167 c2
Event: 5521.909 Thread 0x0000025441798890 DEOPT PACKING pc=0x000002542d4e1a74 sp=0x000000f410afc500
Event: 5521.909 Thread 0x0000025441798890 DEOPT UNPACKING pc=0x000002542519d72e sp=0x000000f410afc450 mode 2
Event: 5521.940 Thread 0x0000025441798890 DEOPT PACKING pc=0x0000025427661442 sp=0x000000f410afb870
Event: 5521.940 Thread 0x0000025441798890 DEOPT UNPACKING pc=0x000002542519dece sp=0x000000f410afad38 mode 0
Event: 5522.236 Thread 0x0000025440339020 Uncommon trap: trap_request=0xffffff45 fr.pc=0x000002542d539b04 relative=0x0000000000001204
Event: 5522.236 Thread 0x0000025440339020 Uncommon trap: reason=unstable_if action=reinterpret pc=0x000002542d539b04 method=org.gradle.api.internal.changedetection.state.PropertiesFileAwareClasspathResourceHasher.matchingFiltersFor(Ljava/util/function/Supplier;)Lorg/gradle/api/internal/changedete
Event: 5522.236 Thread 0x0000025440339020 DEOPT PACKING pc=0x000002542d539b04 sp=0x000000f411cfc0f0
Event: 5522.236 Thread 0x0000025440339020 DEOPT UNPACKING pc=0x000002542519d72e sp=0x000000f411cfc0b8 mode 2
Event: 5522.236 Thread 0x0000025440339020 Uncommon trap: trap_request=0xffffff45 fr.pc=0x000002542d36610c relative=0x0000000000001e2c
Event: 5522.236 Thread 0x0000025440339020 Uncommon trap: reason=unstable_if action=reinterpret pc=0x000002542d36610c method=org.gradle.api.internal.changedetection.state.PropertiesFileAwareClasspathResourceHasher.hash(Lorg/gradle/api/internal/changedetection/state/ZipEntryContext;)Lorg/gradle/int
Event: 5522.236 Thread 0x0000025440339020 DEOPT PACKING pc=0x000002542d36610c sp=0x000000f411cfc160
Event: 5522.236 Thread 0x0000025440339020 DEOPT UNPACKING pc=0x000002542519d72e sp=0x000000f411cfc028 mode 2
Event: 5522.237 Thread 0x0000025440339020 Uncommon trap: trap_request=0xffffff45 fr.pc=0x000002542ccf9940 relative=0x00000000000000a0
Event: 5522.238 Thread 0x0000025440339020 Uncommon trap: reason=unstable_if action=reinterpret pc=0x000002542ccf9940 method=java.nio.Buffer.position(I)Ljava/nio/Buffer; @ 37 c2
Event: 5522.238 Thread 0x0000025440339020 DEOPT PACKING pc=0x000002542ccf9940 sp=0x000000f411cfb940
Event: 5522.238 Thread 0x0000025440339020 DEOPT UNPACKING pc=0x000002542519d72e sp=0x000000f411cfb8c8 mode 2

Classes unloaded (20 events):
Event: 5515.355 Thread 0x000002543b20f900 Unloading class 0x00000008017b5388 '_BuildScript_$_run_closure2'
Event: 5515.355 Thread 0x000002543b20f900 Unloading class 0x00000008017b4fa0 '_BuildScript_$_run_closure1$_closure5'
Event: 5515.355 Thread 0x000002543b20f900 Unloading class 0x00000008017b4bb8 '_BuildScript_$_run_closure1$_closure4$_closure6'
Event: 5515.355 Thread 0x000002543b20f900 Unloading class 0x00000008017b47d0 '_BuildScript_$_run_closure1$_closure4'
Event: 5515.355 Thread 0x000002543b20f900 Unloading class 0x00000008017b43e8 '_BuildScript_$_run_closure1$_closure3'
Event: 5515.355 Thread 0x000002543b20f900 Unloading class 0x00000008017b4000 '_BuildScript_$_run_closure1'
Event: 5515.355 Thread 0x000002543b20f900 Unloading class 0x00000008017ac800 '_BuildScript_'
Event: 5515.355 Thread 0x000002543b20f900 Unloading class 0x00000008017a1000 '_BuildScript_$_run_closure1'
Event: 5515.355 Thread 0x000002543b20f900 Unloading class 0x00000008017a0800 '_BuildScript_'
Event: 5515.355 Thread 0x000002543b20f900 Unloading class 0x00000008016c8400 'jdk/internal/reflect/GeneratedConstructorAccessor69'
Event: 5515.355 Thread 0x000002543b20f900 Unloading class 0x00000008016b0400 'jdk/internal/reflect/GeneratedMethodAccessor28'
Event: 5515.355 Thread 0x000002543b20f900 Unloading class 0x00000008016b0000 'jdk/internal/reflect/GeneratedMethodAccessor27'
Event: 5515.355 Thread 0x000002543b20f900 Unloading class 0x00000008016a9c00 'jdk/internal/reflect/GeneratedSerializationConstructorAccessor79'
Event: 5515.355 Thread 0x000002543b20f900 Unloading class 0x00000008016a9800 'jdk/internal/reflect/GeneratedSerializationConstructorAccessor78'
Event: 5515.355 Thread 0x000002543b20f900 Unloading class 0x00000008016a9400 'jdk/internal/reflect/GeneratedSerializationConstructorAccessor77'
Event: 5515.355 Thread 0x000002543b20f900 Unloading class 0x00000008016a9000 'jdk/internal/reflect/GeneratedSerializationConstructorAccessor76'
Event: 5515.355 Thread 0x000002543b20f900 Unloading class 0x00000008016a8c00 'jdk/internal/reflect/GeneratedSerializationConstructorAccessor75'
Event: 5515.355 Thread 0x000002543b20f900 Unloading class 0x00000008016a8800 'jdk/internal/reflect/GeneratedSerializationConstructorAccessor74'
Event: 5515.355 Thread 0x000002543b20f900 Unloading class 0x00000008016a8400 'jdk/internal/reflect/GeneratedSerializationConstructorAccessor73'
Event: 5515.355 Thread 0x000002543b20f900 Unloading class 0x0000000801611c00 'jdk/internal/reflect/GeneratedSerializationConstructorAccessor72'

Classes redefined (0 events):
No events

Internal exceptions (20 events):
Event: 5515.722 Thread 0x000002544033c540 Exception <a 'java/lang/NoSuchMethodError'{0x000000008c675b58}: static Lcom/android/ide/common/resources/configuration/ResourceQualifier;.<clinit>()V> (0x000000008c675b58) 
thrown [t:\workspace\open\src\hotspot\share\prims\jni.cpp, line 1210]
Event: 5515.724 Thread 0x000002544033c540 Exception <a 'java/lang/NoSuchMethodError'{0x000000008c68d1a0}: static Lcom/android/ide/common/resources/configuration/EnumBasedResourceQualifier;.<clinit>()V> (0x000000008c68d1a0) 
thrown [t:\workspace\open\src\hotspot\share\prims\jni.cpp, line 1210]
Event: 5515.731 Thread 0x000002544033c540 Exception <a 'java/lang/NoSuchMethodError'{0x000000008c6a3af8}: static Lcom/android/ide/common/resources/configuration/EnumBasedResourceQualifier;.<clinit>()V> (0x000000008c6a3af8) 
thrown [t:\workspace\open\src\hotspot\share\prims\jni.cpp, line 1210]
Event: 5515.758 Thread 0x000002544033c540 Exception <a 'java/lang/NoSuchMethodError'{0x000000008c6b7e70}: static Lcom/android/ide/common/resources/configuration/ResourceQualifier;.<clinit>()V> (0x000000008c6b7e70) 
thrown [t:\workspace\open\src\hotspot\share\prims\jni.cpp, line 1210]
Event: 5515.761 Thread 0x000002544033c540 Exception <a 'java/lang/NoSuchMethodError'{0x000000008c6d9958}: static Lcom/android/ide/common/rendering/api/ResourceNamespace$ResAutoNamespace;.<clinit>()V> (0x000000008c6d9958) 
thrown [t:\workspace\open\src\hotspot\share\prims\jni.cpp, line 1210]
Event: 5515.761 Thread 0x000002544033c540 Exception <a 'java/lang/NoSuchMethodError'{0x000000008c6dd550}: static Ljava/lang/Object;.<clinit>()V> (0x000000008c6dd550) 
thrown [t:\workspace\open\src\hotspot\share\prims\jni.cpp, line 1210]
Event: 5515.764 Thread 0x000002544033c540 Exception <a 'java/lang/NoSuchMethodError'{0x000000008c6ff4d8}: static Lcom/android/build/gradle/tasks/MergeResources$MergeResourcesVectorDrawableRenderer;.<clinit>()V> (0x000000008c6ff4d8) 
thrown [t:\workspace\open\src\hotspot\share\prims\jni.cpp, line 1210]
Event: 5515.764 Thread 0x000002544033c540 Exception <a 'java/lang/NoSuchMethodError'{0x000000008c504080}: static Ljava/lang/Object;.<clinit>()V> (0x000000008c504080) 
thrown [t:\workspace\open\src\hotspot\share\prims\jni.cpp, line 1210]
Event: 5515.766 Thread 0x000002544033c540 Exception <a 'java/lang/NoSuchMethodError'{0x000000008c515208}: static Lcom/android/build/gradle/internal/LoggerWrapper$LoggerSupplier;.<clinit>()V> (0x000000008c515208) 
thrown [t:\workspace\open\src\hotspot\share\prims\jni.cpp, line 1210]
Event: 5517.692 Thread 0x000002544033c540 Exception <a 'java/lang/NoSuchMethodError'{0x000000008fa01ee8}: static Ljava/lang/Object;.<clinit>()V> (0x000000008fa01ee8) 
thrown [t:\workspace\open\src\hotspot\share\prims\jni.cpp, line 1210]
Event: 5517.694 Thread 0x000002544033c540 Exception <a 'java/lang/NoSuchMethodError'{0x000000008fa188b0}: static Ljava/lang/Object;.<clinit>()V> (0x000000008fa188b0) 
thrown [t:\workspace\open\src\hotspot\share\prims\jni.cpp, line 1210]
Event: 5517.695 Thread 0x000002544033c540 Exception <a 'java/lang/NoSuchMethodError'{0x000000008fa2a088}: static Ljava/lang/Object;.<clinit>()V> (0x000000008fa2a088) 
thrown [t:\workspace\open\src\hotspot\share\prims\jni.cpp, line 1210]
Event: 5517.695 Thread 0x000002544033c540 Exception <a 'java/lang/NoSuchMethodError'{0x000000008fa3b6e8}: static Ljava/lang/Object;.<clinit>()V> (0x000000008fa3b6e8) 
thrown [t:\workspace\open\src\hotspot\share\prims\jni.cpp, line 1210]
Event: 5517.709 Thread 0x000002544033c540 Exception <a 'java/lang/NoSuchMethodError'{0x000000008f94ef48}: static Lkotlin/InitializedLazyImpl;.<clinit>()V> (0x000000008f94ef48) 
thrown [t:\workspace\open\src\hotspot\share\prims\jni.cpp, line 1210]
Event: 5517.919 Thread 0x0000025440335b00 Implicit null exception at 0x000002542ccfd8ec to 0x000002542ccfe5dc
Event: 5517.921 Thread 0x0000025440335b00 Implicit null exception at 0x000002542ccfd8ec to 0x000002542ccfe5dc
Event: 5517.921 Thread 0x0000025440335b00 Implicit null exception at 0x000002542ccfd8ec to 0x000002542ccfe5dc
Event: 5517.921 Thread 0x0000025440335b00 Implicit null exception at 0x000002542ccfd8ec to 0x000002542ccfe5dc
Event: 5519.752 Thread 0x0000025440339020 Implicit null exception at 0x000002542d67d994 to 0x000002542d67f7d0
Event: 5519.760 Thread 0x0000025440339020 Implicit null exception at 0x000002542d668955 to 0x000002542d668b10

Events (20 events):
Event: 5522.272 Thread 0x000002543b263100 flushing nmethod 0x00000254274a0d10
Event: 5522.272 Thread 0x000002543b263100 flushing nmethod 0x00000254274a6a10
Event: 5522.272 Thread 0x000002543b263100 flushing nmethod 0x00000254274ab090
Event: 5522.272 Thread 0x000002543b263100 flushing nmethod 0x00000254274b8310
Event: 5522.272 Thread 0x000002543b263100 flushing nmethod 0x00000254274bea10
Event: 5522.272 Thread 0x000002543b263100 flushing nmethod 0x00000254274d2390
Event: 5522.272 Thread 0x000002543b263100 flushing nmethod 0x00000254274d2b10
Event: 5522.272 Thread 0x000002543b263100 flushing nmethod 0x00000254274d8990
Event: 5522.273 Thread 0x000002543b263100 flushing nmethod 0x000002542751d390
Event: 5522.273 Thread 0x000002543b263100 flushing nmethod 0x000002542752e990
Event: 5522.273 Thread 0x000002543b263100 flushing nmethod 0x00000254275b4a90
Event: 5522.273 Thread 0x000002543b263100 flushing nmethod 0x00000254275ba890
Event: 5522.273 Thread 0x000002543b263100 flushing nmethod 0x00000254275bf490
Event: 5522.273 Thread 0x000002543b263100 flushing nmethod 0x00000254275c9090
Event: 5522.273 Thread 0x000002543b263100 flushing nmethod 0x00000254275cdb10
Event: 5522.273 Thread 0x000002543b263100 flushing nmethod 0x00000254275e1e10
Event: 5522.273 Thread 0x000002543b263100 flushing nmethod 0x00000254275f9410
Event: 5522.274 Thread 0x000002543b263100 flushing nmethod 0x0000025427656910
Event: 5522.274 Thread 0x000002543b263100 flushing nmethod 0x00000254276b3290
Event: 5522.347 Executing  VM operation: G1CollectForAllocation


Dynamic libraries:
0x00007ff663eb0000 - 0x00007ff663ec0000 	C:\Program Files\Java\jdk-16.0.2\bin\java.exe
0x00007ffbe1870000 - 0x00007ffbe1a65000 	C:\WINDOWS\SYSTEM32\ntdll.dll
0x00007ffbe0650000 - 0x00007ffbe070e000 	C:\WINDOWS\System32\KERNEL32.DLL
0x00007ffbdf570000 - 0x00007ffbdf838000 	C:\WINDOWS\System32\KERNELBASE.dll
0x00007ffbdf0f0000 - 0x00007ffbdf1f0000 	C:\WINDOWS\System32\ucrtbase.dll
0x00007ffbd70b0000 - 0x00007ffbd70c9000 	C:\Program Files\Java\jdk-16.0.2\bin\VCRUNTIME140.dll
0x00007ffbcc7e0000 - 0x00007ffbcc7f8000 	C:\Program Files\Java\jdk-16.0.2\bin\jli.dll
0x00007ffbe0d80000 - 0x00007ffbe0e2c000 	C:\WINDOWS\System32\ADVAPI32.dll
0x00007ffbe1020000 - 0x00007ffbe10be000 	C:\WINDOWS\System32\msvcrt.dll
0x00007ffbe0f70000 - 0x00007ffbe100b000 	C:\WINDOWS\System32\sechost.dll
0x00007ffbdf8c0000 - 0x00007ffbdf9ea000 	C:\WINDOWS\System32\RPCRT4.dll
0x00007ffbe0b50000 - 0x00007ffbe0cf1000 	C:\WINDOWS\System32\USER32.dll
0x00007ffbdf280000 - 0x00007ffbdf2a2000 	C:\WINDOWS\System32\win32u.dll
0x00007ffbdfb10000 - 0x00007ffbdfb3b000 	C:\WINDOWS\System32\GDI32.dll
0x00007ffbdf460000 - 0x00007ffbdf56b000 	C:\WINDOWS\System32\gdi32full.dll
0x00007ffbdf2b0000 - 0x00007ffbdf34d000 	C:\WINDOWS\System32\msvcp_win.dll
0x00007ffbc2dc0000 - 0x00007ffbc305a000 	C:\WINDOWS\WinSxS\amd64_microsoft.windows.common-controls_6595b64144ccf1df_6.0.19041.1110_none_60b5254171f9507e\COMCTL32.dll
0x00007ffbddd20000 - 0x00007ffbddd2a000 	C:\WINDOWS\SYSTEM32\VERSION.dll
0x00007ffbe1800000 - 0x00007ffbe1830000 	C:\WINDOWS\System32\IMM32.DLL
0x00007ffbd6960000 - 0x00007ffbd696c000 	C:\Program Files\Java\jdk-16.0.2\bin\vcruntime140_1.dll
0x00007ffba0ae0000 - 0x00007ffba0b71000 	C:\Program Files\Java\jdk-16.0.2\bin\msvcp140.dll
0x00007ffb4fab0000 - 0x00007ffb5065b000 	C:\Program Files\Java\jdk-16.0.2\bin\server\jvm.dll
0x00007ffbe1010000 - 0x00007ffbe1018000 	C:\WINDOWS\System32\PSAPI.DLL
0x00007ffbc2790000 - 0x00007ffbc27b7000 	C:\WINDOWS\SYSTEM32\WINMM.dll
0x00007ffbbbcc0000 - 0x00007ffbbbcc9000 	C:\WINDOWS\SYSTEM32\WSOCK32.dll
0x00007ffbe0930000 - 0x00007ffbe099b000 	C:\WINDOWS\System32\WS2_32.dll
0x00007ffbdcef0000 - 0x00007ffbdcf02000 	C:\WINDOWS\SYSTEM32\kernel.appcore.dll
0x00007ffbd40a0000 - 0x00007ffbd40aa000 	C:\Program Files\Java\jdk-16.0.2\bin\jimage.dll
0x00007ffbd9a10000 - 0x00007ffbd9bf4000 	C:\WINDOWS\SYSTEM32\DBGHELP.DLL
0x00007ffbcd9d0000 - 0x00007ffbcd9fc000 	C:\WINDOWS\SYSTEM32\dbgcore.DLL
0x00007ffbdf1f0000 - 0x00007ffbdf273000 	C:\WINDOWS\System32\bcryptPrimitives.dll
0x00007ffbb5d80000 - 0x00007ffbb5da5000 	C:\Program Files\Java\jdk-16.0.2\bin\java.dll
0x00007ffbe10c0000 - 0x00007ffbe17ff000 	C:\WINDOWS\System32\SHELL32.dll
0x00007ffbdd500000 - 0x00007ffbddc90000 	C:\WINDOWS\SYSTEM32\windows.storage.dll
0x00007ffbe0290000 - 0x00007ffbe05e5000 	C:\WINDOWS\System32\combase.dll
0x00007ffbde830000 - 0x00007ffbde85e000 	C:\WINDOWS\SYSTEM32\Wldp.dll
0x00007ffbdfbd0000 - 0x00007ffbdfc7d000 	C:\WINDOWS\System32\SHCORE.dll
0x00007ffbe0720000 - 0x00007ffbe0775000 	C:\WINDOWS\System32\shlwapi.dll
0x00007ffbdeed0000 - 0x00007ffbdeeef000 	C:\WINDOWS\SYSTEM32\profapi.dll
0x00007ffbb75e0000 - 0x00007ffbb75f9000 	C:\Program Files\Java\jdk-16.0.2\bin\net.dll
0x00007ffbd3650000 - 0x00007ffbd375c000 	C:\WINDOWS\SYSTEM32\WINHTTP.dll
0x00007ffbde610000 - 0x00007ffbde67a000 	C:\WINDOWS\system32\mswsock.dll
0x00007ffbb64f0000 - 0x00007ffbb6503000 	C:\Program Files\Java\jdk-16.0.2\bin\nio.dll
0x00007ffbb5fe0000 - 0x00007ffbb5ff8000 	C:\Program Files\Java\jdk-16.0.2\bin\zip.dll
0x00007ffbcd270000 - 0x00007ffbcd280000 	C:\Program Files\Java\jdk-16.0.2\bin\verify.dll
0x00007ffbccd10000 - 0x00007ffbccd37000 	C:\Users\halag\Documents\cs\year_project\locationReminder\.gradle\native\8bec1ad78214c89d9ad589b4d07fe93259594b29d510b10fafb7a158f7737e5d\windows-amd64\native-platform.dll
0x00007ffba7430000 - 0x00007ffba756d000 	C:\Users\halag\Documents\cs\year_project\locationReminder\.gradle\native\53dbd7edfb1c66fb8903c78663c9afc45aea4f116125fa6feffd364cf09443e8\windows-amd64\native-platform-file-events.dll
0x00007ffbb7930000 - 0x00007ffbb7939000 	C:\Program Files\Java\jdk-16.0.2\bin\management.dll
0x00007ffbb6720000 - 0x00007ffbb672b000 	C:\Program Files\Java\jdk-16.0.2\bin\management_ext.dll
0x00007ffbde870000 - 0x00007ffbde888000 	C:\WINDOWS\SYSTEM32\CRYPTSP.dll
0x00007ffbddfb0000 - 0x00007ffbddfe4000 	C:\WINDOWS\system32\rsaenh.dll
0x00007ffbdf840000 - 0x00007ffbdf867000 	C:\WINDOWS\System32\bcrypt.dll
0x00007ffbdee50000 - 0x00007ffbdee7e000 	C:\WINDOWS\SYSTEM32\USERENV.dll
0x00007ffbde7a0000 - 0x00007ffbde7ac000 	C:\WINDOWS\SYSTEM32\CRYPTBASE.dll
0x00007ffbde320000 - 0x00007ffbde35b000 	C:\WINDOWS\SYSTEM32\IPHLPAPI.DLL
0x00007ffbdfb40000 - 0x00007ffbdfb48000 	C:\WINDOWS\System32\NSI.dll
0x00007ffbd98d0000 - 0x00007ffbd98e7000 	C:\WINDOWS\SYSTEM32\dhcpcsvc6.DLL
0x00007ffbd98b0000 - 0x00007ffbd98cd000 	C:\WINDOWS\SYSTEM32\dhcpcsvc.DLL
0x00007ffbde360000 - 0x00007ffbde42b000 	C:\WINDOWS\SYSTEM32\DNSAPI.dll
0x00007ffbab9a0000 - 0x00007ffbab9ae000 	C:\Program Files\Java\jdk-16.0.2\bin\sunmscapi.dll
0x00007ffbdef90000 - 0x00007ffbdf0e6000 	C:\WINDOWS\System32\CRYPT32.dll
0x00007ffbde980000 - 0x00007ffbde9a7000 	C:\WINDOWS\SYSTEM32\ncrypt.dll
0x00007ffbde940000 - 0x00007ffbde97b000 	C:\WINDOWS\SYSTEM32\NTASN1.dll
0x00007ffba73f0000 - 0x00007ffba73f7000 	C:\WINDOWS\system32\wshunix.dll
0x00007ffbcc260000 - 0x00007ffbcc26a000 	C:\Windows\System32\rasadhlp.dll
0x00007ffbd3360000 - 0x00007ffbd33df000 	C:\WINDOWS\System32\fwpuclnt.dll
0x00007ffbdd310000 - 0x00007ffbdd343000 	C:\WINDOWS\SYSTEM32\ntmarta.dll

dbghelp: loaded successfully - version: 4.0.5 - missing functions: none
symbol engine: initialized successfully - sym options: 0x614 - pdb path: .;C:\Program Files\Java\jdk-16.0.2\bin;C:\WINDOWS\SYSTEM32;C:\WINDOWS\WinSxS\amd64_microsoft.windows.common-controls_6595b64144ccf1df_6.0.19041.1110_none_60b5254171f9507e;C:\Program Files\Java\jdk-16.0.2\bin\server;C:\Users\halag\Documents\cs\year_project\locationReminder\.gradle\native\8bec1ad78214c89d9ad589b4d07fe93259594b29d510b10fafb7a158f7737e5d\windows-amd64;C:\Users\halag\Documents\cs\year_project\locationReminder\.gradle\native\53dbd7edfb1c66fb8903c78663c9afc45aea4f116125fa6feffd364cf09443e8\windows-amd64

VM Arguments:
jvm_args: --add-opens=java.base/java.util=ALL-UNNAMED --add-opens=java.base/java.lang=ALL-UNNAMED --add-opens=java.base/java.lang.invoke=ALL-UNNAMED --add-opens=java.base/java.util=ALL-UNNAMED --add-opens=java.prefs/java.util.prefs=ALL-UNNAMED --add-opens=java.prefs/java.util.prefs=ALL-UNNAMED --add-opens=java.base/java.nio.charset=ALL-UNNAMED --add-opens=java.base/java.net=ALL-UNNAMED --add-opens=java.base/java.util.concurrent.atomic=ALL-UNNAMED -Xmx2048m -Dfile.encoding=UTF-8 -Duser.country=GB -Duser.language=en -Duser.variant 
java_command: org.gradle.launcher.daemon.bootstrap.GradleDaemon 7.0.2
java_class_path (initial): C:\Users\halag\Documents\cs\year_project\locationReminder\.gradle\wrapper\dists\gradle-7.0.2-bin\857tjihv64xamwrf0h14cai3r\gradle-7.0.2\lib\gradle-launcher-7.0.2.jar
Launcher Type: SUN_STANDARD

[Global flags]
     intx CICompilerCount                          = 3                                         {product} {ergonomic}
     uint ConcGCThreads                            = 1                                         {product} {ergonomic}
     uint G1ConcRefinementThreads                  = 4                                         {product} {ergonomic}
   size_t G1HeapRegionSize                         = 1048576                                   {product} {ergonomic}
    uintx GCDrainStackTargetSize                   = 64                                        {product} {ergonomic}
   size_t InitialHeapSize                          = 268435456                                 {product} {ergonomic}
   size_t MarkStackSize                            = 4194304                                   {product} {ergonomic}
   size_t MaxHeapSize                              = 2147483648                                {product} {command line}
   size_t MaxNewSize                               = 1287651328                                {product} {ergonomic}
   size_t MinHeapDeltaBytes                        = 1048576                                   {product} {ergonomic}
   size_t MinHeapSize                              = 8388608                                   {product} {ergonomic}
    uintx NonNMethodCodeHeapSize                   = 5832780                                {pd product} {ergonomic}
    uintx NonProfiledCodeHeapSize                  = 122912730                              {pd product} {ergonomic}
    uintx ProfiledCodeHeapSize                     = 122912730                              {pd product} {ergonomic}
    uintx ReservedCodeCacheSize                    = 251658240                              {pd product} {ergonomic}
     bool SegmentedCodeCache                       = true                                      {product} {ergonomic}
   size_t SoftMaxHeapSize                          = 2147483648                             {manageable} {ergonomic}
     bool UseCompressedClassPointers               = true                           {product lp64_product} {ergonomic}
     bool UseCompressedOops                        = true                           {product lp64_product} {ergonomic}
     bool UseG1GC                                  = true                                      {product} {ergonomic}
     bool UseLargePagesIndividualAllocation        = false                                  {pd product} {ergonomic}

Logging:
Log output configuration:
 #0: stdout all=warning uptime,level,tags
 #1: stderr all=off uptime,level,tags

Environment Variables:
JAVA_HOME=C:\Program Files\Java\jdk-11.0.12
PATH=C:\Program Files\Common Files\Oracle\Java\javapath;C:\WINDOWS\system32;C:\WINDOWS;C:\WINDOWS\System32\Wbem;C:\WINDOWS\System32\WindowsPowerShell\v1.0\;C:\WINDOWS\System32\OpenSSH\;C:\Program Files\Intel\WiFi\bin\;C:\Program Files\Common Files\Intel\WirelessCommon\;C:\MinGW\bin;C:\Users\halag\Documents\cs\python\PyCharm Community Edition 2020.3.4;C:\Users\halag\AppData\Roaming\Microsoft\Windows\Start Menu\Programs\Python 3.9;C:\Users\halag\AppData\Local\Programs\Python\Python39;C:\Program Files (x86)\Intel\Intel(R) Management Engine Components\DAL;C:\Program Files\Intel\Intel(R) Management Engine Components\DAL;C:\Git\cmd;C:\Program Files\Java\jdk-11.0.12\bin\;C:\Users\halag\AppData\Local\Programs\Python\Python39\Scripts\;C:\minikube;C:\Users\halag\helm;C:\Users\halag\AppData\Local\Microsoft\WindowsApps;C:\Program Files (x86)\Dr. Memory\bin\;C:\Program Files\Intel\WiFi\bin\;C:\Program Files\Common Files\Intel\WirelessCommon\;C:\Users\halag\AppData\Local\GitHubDesktop\bin;C:\Users\halag\Documents\cs\winter2020\machine_learning\PyCharm Community Edition 2020.3\bin;;C:\Users\halag\AppData\Local\Android\Sdk\platform-tools;C:\Users\halag\AppData\Local\Android\Sdk;C:\Users\halag\AppData\Local\Programs\Microsoft VS Code\bin;C:\Program Files\Java\jdk-11.0.12\bin;C:\Users\halag\AppData\Local\Programs\Python\Python39\Scripts;C:\Users\halag\terraform;C:\Program Files\Java\jdk-17.0.1\bin;C:\Program Files\Java\jdk-16.0.2\bin;
USERNAME=halag
OS=Windows_NT
PROCESSOR_IDENTIFIER=Intel64 Family 6 Model 142 Stepping 9, GenuineIntel



---------------  S Y S T E M  ---------------

OS:
 Windows 10 , 64 bit Build 19041 (10.0.19041.1348)
OS uptime: 0 days 23:21 hours
Hyper-V role detected

CPU: total 4 (initial active 4) (2 cores per cpu, 2 threads per core) family 6 model 142 stepping 9 microcode 0xb4, cx8, cmov, fxsr, ht, mmx, 3dnowpref, sse, sse2, sse3, ssse3, sse4.1, sse4.2, popcnt, lzcnt, tsc, tscinvbit, avx, avx2, aes, erms, clmul, bmi1, bmi2, adx, fma, vzeroupper, clflush, clflushopt, hv

Memory: 4k page, system-wide physical 16281M (2785M free)
TotalPageFile size 17521M (AvailPageFile size 130M)
current process WorkingSet (physical memory assigned to process): 531M, peak: 537M
current process commit charge ("private bytes"): 595M, peak: 854M

vm_info: Java HotSpot(TM) 64-Bit Server VM (16.0.2+7-67) for windows-amd64 JRE (16.0.2+7-67), built on Jun  8 2021 23:24:19 by "mach5one" with MS VC++ 16.7 (VS2019)

END.
